[2022-06-24 15:18:16.362] DEBUG BaseJdbcLogger.debug(BaseJdbcLogger.java:137) - ==>  Preparing: INSERT INTO pc_board( seq, title, contents, read_cnt, div, reg_id, mod_id ) VALUES ( ?, ?, ?, ?, ?, ?, ? )
[2022-06-24 15:18:16.379] INFO  Log4j2SpyLogDelegator.methodReturned(Log4j2SpyLogDelegator.java:197) -  org.apache.commons.dbcp.DelegatingConnection.prepareStatement(DelegatingConnection.java:281)
2. PreparedStatement.new PreparedStatement returned 
[2022-06-24 15:18:16.379] INFO  Log4j2SpyLogDelegator.methodReturned(Log4j2SpyLogDelegator.java:197) -  org.apache.commons.dbcp.DelegatingConnection.prepareStatement(DelegatingConnection.java:281)
2. Connection.prepareStatement(INSERT INTO pc_board(
         seq,
         title,
         contents,
         read_cnt,
         div,
         reg_id,
         mod_id
      ) VALUES (
         ?,
         ?,
         ?,
         ?,
         ?,
         ?,
         ?
      )) returned net.sf.log4jdbc.sql.jdbcapi.PreparedStatementSpy@61af1510
[2022-06-24 15:18:16.387] INFO  Log4j2SpyLogDelegator.methodReturned(Log4j2SpyLogDelegator.java:197) -  org.apache.commons.dbcp.DelegatingPreparedStatement.setInt(DelegatingPreparedStatement.java:120)
2. PreparedStatement.setInt(1, 22) returned 
[2022-06-24 15:18:16.387] INFO  Log4j2SpyLogDelegator.methodReturned(Log4j2SpyLogDelegator.java:197) -  org.apache.commons.dbcp.DelegatingPreparedStatement.setString(DelegatingPreparedStatement.java:135)
2. PreparedStatement.setString(2, "제목_22") returned 
[2022-06-24 15:18:16.388] INFO  Log4j2SpyLogDelegator.methodReturned(Log4j2SpyLogDelegator.java:197) -  org.apache.commons.dbcp.DelegatingPreparedStatement.setString(DelegatingPreparedStatement.java:135)
2. PreparedStatement.setString(3, "내용_22") returned 
[2022-06-24 15:18:16.388] INFO  Log4j2SpyLogDelegator.methodReturned(Log4j2SpyLogDelegator.java:197) -  org.apache.commons.dbcp.DelegatingPreparedStatement.setInt(DelegatingPreparedStatement.java:120)
2. PreparedStatement.setInt(4, 0) returned 
[2022-06-24 15:18:16.388] INFO  Log4j2SpyLogDelegator.methodReturned(Log4j2SpyLogDelegator.java:197) -  org.apache.commons.dbcp.DelegatingPreparedStatement.setString(DelegatingPreparedStatement.java:135)
2. PreparedStatement.setString(5, "10") returned 
[2022-06-24 15:18:16.388] INFO  Log4j2SpyLogDelegator.methodReturned(Log4j2SpyLogDelegator.java:197) -  org.apache.commons.dbcp.DelegatingPreparedStatement.setString(DelegatingPreparedStatement.java:135)
2. PreparedStatement.setString(6, "이은빈") returned 
[2022-06-24 15:18:16.388] INFO  Log4j2SpyLogDelegator.methodReturned(Log4j2SpyLogDelegator.java:197) -  org.apache.commons.dbcp.DelegatingPreparedStatement.setString(DelegatingPreparedStatement.java:135)
2. PreparedStatement.setString(7, "이은빈") returned 
[2022-06-24 15:18:16.388] DEBUG BaseJdbcLogger.debug(BaseJdbcLogger.java:137) - ==> Parameters: 22(Integer), 제목_22(String), 내용_22(String), 0(Integer), 10(String), 이은빈(String), 이은빈(String)
[2022-06-24 15:18:16.395] INFO  Log4j2SpyLogDelegator.sqlTimingOccurred(Log4j2SpyLogDelegator.java:243) -  org.apache.commons.dbcp.DelegatingPreparedStatement.execute(DelegatingPreparedStatement.java:172)
2. INSERT INTO pc_board( seq, title, contents, read_cnt, div, reg_id, mod_id ) VALUES ( 22, '제목_22', 
'내용_22', 0, '10', '이은빈', '이은빈' )  {executed in 5 ms}
[2022-06-24 15:18:16.396] INFO  Log4j2SpyLogDelegator.methodReturned(Log4j2SpyLogDelegator.java:197) -  org.apache.commons.dbcp.DelegatingPreparedStatement.execute(DelegatingPreparedStatement.java:172)
2. PreparedStatement.execute() returned false
[2022-06-24 15:18:16.396] INFO  Log4j2SpyLogDelegator.methodReturned(Log4j2SpyLogDelegator.java:197) -  org.apache.commons.dbcp.DelegatingStatement.getUpdateCount(DelegatingStatement.java:267)
2. PreparedStatement.getUpdateCount() returned 1
[2022-06-24 15:18:16.396] DEBUG BaseJdbcLogger.debug(BaseJdbcLogger.java:137) - <==    Updates: 1
[2022-06-24 15:18:16.396] INFO  Log4j2SpyLogDelegator.methodReturned(Log4j2SpyLogDelegator.java:197) -  org.apache.commons.dbcp.DelegatingStatement.close(DelegatingStatement.java:168)
2. PreparedStatement.close() returned 
[2022-06-24 15:18:16.397] DEBUG Logger.debug(Logger.java:49) - Closing non transactional SqlSession [org.apache.ibatis.session.defaults.DefaultSqlSession@43b40233]
[2022-06-24 15:18:16.397] INFO  Log4j2SpyLogDelegator.methodReturned(Log4j2SpyLogDelegator.java:197) -  org.apache.commons.dbcp.PoolableConnection.close(PoolableConnection.java:72)
2. Connection.isClosed() returned false
[2022-06-24 15:18:16.397] INFO  Log4j2SpyLogDelegator.methodReturned(Log4j2SpyLogDelegator.java:197) -  org.apache.commons.dbcp.DelegatingConnection.getAutoCommit(DelegatingConnection.java:337)
2. Connection.getAutoCommit() returned true
[2022-06-24 15:18:16.397] INFO  Log4j2SpyLogDelegator.methodReturned(Log4j2SpyLogDelegator.java:197) -  org.apache.commons.dbcp.DelegatingConnection.clearWarnings(DelegatingConnection.java:331)
2. Connection.clearWarnings() returned 
[2022-06-24 15:18:16.397] INFO  Log4j2SpyLogDelegator.methodReturned(Log4j2SpyLogDelegator.java:197) -  org.apache.commons.dbcp.DelegatingConnection.getAutoCommit(DelegatingConnection.java:337)
2. Connection.getAutoCommit() returned true
[2022-06-24 15:18:16.397] DEBUG BoardDaoImpl.doInsert(BoardDaoImpl.java:92) - flag:1
[2022-06-24 15:18:16.397] DEBUG BoardDaoImpl.getCount(BoardDaoImpl.java:72) - ==============================
[2022-06-24 15:18:16.398] DEBUG BoardDaoImpl.getCount(BoardDaoImpl.java:73) - param:BoardVO [seq=22, title=제목_22, contents=내용_22, readCnt=0, div=10, regDt=날짜_사용안함, regId=이은빈, modDt=날짜_사용안함, modId=이은빈, toString()=DTO [num=0, totalCnt=0]]
[2022-06-24 15:18:16.398] DEBUG BoardDaoImpl.getCount(BoardDaoImpl.java:74) - statement:com.pcwk.ehr.board.getCount
[2022-06-24 15:18:16.398] DEBUG BoardDaoImpl.getCount(BoardDaoImpl.java:75) - ==============================
[2022-06-24 15:18:16.398] DEBUG Logger.debug(Logger.java:49) - Creating a new SqlSession
[2022-06-24 15:18:16.398] DEBUG Logger.debug(Logger.java:49) - SqlSession [org.apache.ibatis.session.defaults.DefaultSqlSession@37af1f93] was not registered for synchronization because synchronization is not active
[2022-06-24 15:18:16.398] DEBUG DataSourceUtils.doGetConnection(DataSourceUtils.java:116) - Fetching JDBC Connection from DataSource
[2022-06-24 15:18:16.398] INFO  Log4j2SpyLogDelegator.methodReturned(Log4j2SpyLogDelegator.java:197) -  org.apache.commons.dbcp.DelegatingConnection.getAutoCommit(DelegatingConnection.java:337)
2. Connection.getAutoCommit() returned true
[2022-06-24 15:18:16.398] INFO  Log4j2SpyLogDelegator.methodReturned(Log4j2SpyLogDelegator.java:197) -  org.apache.commons.dbcp.DelegatingConnection.getAutoCommit(DelegatingConnection.java:337)
2. Connection.getAutoCommit() returned true
[2022-06-24 15:18:16.398] INFO  Log4j2SpyLogDelegator.methodReturned(Log4j2SpyLogDelegator.java:197) -  org.apache.commons.dbcp.DelegatingConnection.toString(DelegatingConnection.java:114)
2. Connection.isClosed() returned false
[2022-06-24 15:18:16.399] INFO  Log4j2SpyLogDelegator.methodReturned(Log4j2SpyLogDelegator.java:197) -  org.apache.commons.dbcp.DelegatingConnection.toString(DelegatingConnection.java:118)
2. Connection.getMetaData() returned oracle.jdbc.driver.OracleDatabaseMetaData@3e7545e8
[2022-06-24 15:18:16.399] DEBUG Logger.debug(Logger.java:49) - JDBC Connection [jdbc:oracle:thin:@192.168.3.101:1521:xe, UserName=SPRING, Oracle JDBC driver] will not be managed by Spring
[2022-06-24 15:18:16.399] DEBUG BaseJdbcLogger.debug(BaseJdbcLogger.java:137) - ==>  Preparing: SELECT COUNT(*) AS cnt FROM pc_board WHERE seq LIKE ? ||'%'
[2022-06-24 15:18:16.399] INFO  Log4j2SpyLogDelegator.methodReturned(Log4j2SpyLogDelegator.java:197) -  org.apache.commons.dbcp.DelegatingConnection.prepareStatement(DelegatingConnection.java:281)
2. PreparedStatement.new PreparedStatement returned 
[2022-06-24 15:18:16.400] INFO  Log4j2SpyLogDelegator.methodReturned(Log4j2SpyLogDelegator.java:197) -  org.apache.commons.dbcp.DelegatingConnection.prepareStatement(DelegatingConnection.java:281)
2. Connection.prepareStatement(SELECT COUNT(*) AS cnt    
	    FROM  pc_board           
	    WHERE seq LIKE ? ||'%') returned net.sf.log4jdbc.sql.jdbcapi.PreparedStatementSpy@59901c4d
[2022-06-24 15:18:16.400] INFO  Log4j2SpyLogDelegator.methodReturned(Log4j2SpyLogDelegator.java:197) -  org.apache.commons.dbcp.DelegatingPreparedStatement.setInt(DelegatingPreparedStatement.java:120)
2. PreparedStatement.setInt(1, 22) returned 
[2022-06-24 15:18:16.400] DEBUG BaseJdbcLogger.debug(BaseJdbcLogger.java:137) - ==> Parameters: 22(Integer)
[2022-06-24 15:18:16.421] INFO  Log4j2SpyLogDelegator.sqlTimingOccurred(Log4j2SpyLogDelegator.java:243) -  org.apache.commons.dbcp.DelegatingPreparedStatement.execute(DelegatingPreparedStatement.java:172)
2. SELECT COUNT(*) AS cnt FROM pc_board WHERE seq LIKE 22 ||'%'  {executed in 21 ms}
[2022-06-24 15:18:16.421] INFO  Log4j2SpyLogDelegator.methodReturned(Log4j2SpyLogDelegator.java:197) -  org.apache.commons.dbcp.DelegatingPreparedStatement.execute(DelegatingPreparedStatement.java:172)
2. PreparedStatement.execute() returned true
[2022-06-24 15:18:16.421] INFO  Log4j2SpyLogDelegator.methodReturned(Log4j2SpyLogDelegator.java:197) -  org.apache.commons.dbcp.DelegatingStatement.getResultSet(DelegatingStatement.java:219)
2. ResultSet.new ResultSet returned 
[2022-06-24 15:18:16.422] INFO  Log4j2SpyLogDelegator.methodReturned(Log4j2SpyLogDelegator.java:197) -  org.apache.commons.dbcp.DelegatingStatement.getResultSet(DelegatingStatement.java:219)
2. PreparedStatement.getResultSet() returned net.sf.log4jdbc.sql.jdbcapi.ResultSetSpy@3901f6af
[2022-06-24 15:18:16.422] INFO  Log4j2SpyLogDelegator.methodReturned(Log4j2SpyLogDelegator.java:197) -  org.apache.commons.dbcp.DelegatingResultSet.getMetaData(DelegatingResultSet.java:322)
2. ResultSet.getMetaData() returned oracle.jdbc.driver.OracleResultSetMetaData@602ae7b6
[2022-06-24 15:18:16.422] INFO  Log4j2SpyLogDelegator.methodReturned(Log4j2SpyLogDelegator.java:197) -  org.apache.commons.dbcp.DelegatingResultSet.getType(DelegatingResultSet.java:394)
2. ResultSet.getType() returned 1003
[2022-06-24 15:18:16.422] INFO  Log4j2SpyLogDelegator.methodReturned(Log4j2SpyLogDelegator.java:197) -  org.apache.commons.dbcp.DelegatingResultSet.isClosed(DelegatingResultSet.java:688)
2. ResultSet.isClosed() returned false
[2022-06-24 15:18:16.422] INFO  Log4j2SpyLogDelegator.methodReturned(Log4j2SpyLogDelegator.java:197) -  org.apache.commons.dbcp.DelegatingResultSet.next(DelegatingResultSet.java:207)
2. ResultSet.next() returned true
[2022-06-24 15:18:16.423] INFO  Log4j2SpyLogDelegator.methodReturned(Log4j2SpyLogDelegator.java:197) -  org.apache.commons.dbcp.DelegatingResultSet.getInt(DelegatingResultSet.java:275)
2. ResultSet.getInt(CNT) returned 1
[2022-06-24 15:18:16.423] INFO  Log4j2SpyLogDelegator.methodReturned(Log4j2SpyLogDelegator.java:197) -  org.apache.commons.dbcp.DelegatingResultSet.isClosed(DelegatingResultSet.java:688)
2. ResultSet.isClosed() returned false
[2022-06-24 15:18:16.423] INFO  Log4j2SpyLogDelegator.resultSetCollected(Log4j2SpyLogDelegator.java:390) - 
|----|
|cnt |
|----|
|1   |
|----|

[2022-06-24 15:18:16.423] INFO  Log4j2SpyLogDelegator.methodReturned(Log4j2SpyLogDelegator.java:197) -  org.apache.commons.dbcp.DelegatingResultSet.next(DelegatingResultSet.java:207)
2. ResultSet.next() returned false
[2022-06-24 15:18:16.423] DEBUG BaseJdbcLogger.debug(BaseJdbcLogger.java:137) - <==      Total: 1
[2022-06-24 15:18:16.424] INFO  Log4j2SpyLogDelegator.methodReturned(Log4j2SpyLogDelegator.java:197) -  org.apache.commons.dbcp.DelegatingResultSet.close(DelegatingResultSet.java:187)
2. ResultSet.close() returned void
[2022-06-24 15:18:16.424] INFO  Log4j2SpyLogDelegator.methodReturned(Log4j2SpyLogDelegator.java:197) -  org.apache.commons.dbcp.DelegatingConnection.getMetaData(DelegatingConnection.java:345)
2. Connection.getMetaData() returned oracle.jdbc.driver.OracleDatabaseMetaData@3e7545e8
[2022-06-24 15:18:16.424] INFO  Log4j2SpyLogDelegator.methodReturned(Log4j2SpyLogDelegator.java:197) -  org.apache.commons.dbcp.DelegatingStatement.close(DelegatingStatement.java:168)
2. PreparedStatement.close() returned 
[2022-06-24 15:18:16.424] DEBUG Logger.debug(Logger.java:49) - Closing non transactional SqlSession [org.apache.ibatis.session.defaults.DefaultSqlSession@37af1f93]
[2022-06-24 15:18:16.425] INFO  Log4j2SpyLogDelegator.methodReturned(Log4j2SpyLogDelegator.java:197) -  org.apache.commons.dbcp.PoolableConnection.close(PoolableConnection.java:72)
2. Connection.isClosed() returned false
[2022-06-24 15:18:16.425] INFO  Log4j2SpyLogDelegator.methodReturned(Log4j2SpyLogDelegator.java:197) -  org.apache.commons.dbcp.DelegatingConnection.getAutoCommit(DelegatingConnection.java:337)
2. Connection.getAutoCommit() returned true
[2022-06-24 15:18:16.425] INFO  Log4j2SpyLogDelegator.methodReturned(Log4j2SpyLogDelegator.java:197) -  org.apache.commons.dbcp.DelegatingConnection.clearWarnings(DelegatingConnection.java:331)
2. Connection.clearWarnings() returned 
[2022-06-24 15:18:16.425] INFO  Log4j2SpyLogDelegator.methodReturned(Log4j2SpyLogDelegator.java:197) -  org.apache.commons.dbcp.DelegatingConnection.getAutoCommit(DelegatingConnection.java:337)
2. Connection.getAutoCommit() returned true
[2022-06-24 15:18:16.425] DEBUG BoardDaoImpl.getCount(BoardDaoImpl.java:78) - count:1
[2022-06-24 15:18:16.425] DEBUG BoardDaoImpl.doSelectOne(BoardDaoImpl.java:106) - ==============================
[2022-06-24 15:18:16.425] DEBUG BoardDaoImpl.doSelectOne(BoardDaoImpl.java:107) - param:BoardVO [seq=22, title=제목_22, contents=내용_22, readCnt=0, div=10, regDt=날짜_사용안함, regId=이은빈, modDt=날짜_사용안함, modId=이은빈, toString()=DTO [num=0, totalCnt=0]]
[2022-06-24 15:18:16.425] DEBUG BoardDaoImpl.doSelectOne(BoardDaoImpl.java:108) - statement:com.pcwk.ehr.board.doSelectOne
[2022-06-24 15:18:16.425] DEBUG BoardDaoImpl.doSelectOne(BoardDaoImpl.java:109) - ==============================
[2022-06-24 15:18:16.425] DEBUG Logger.debug(Logger.java:49) - Creating a new SqlSession
[2022-06-24 15:18:16.426] DEBUG Logger.debug(Logger.java:49) - SqlSession [org.apache.ibatis.session.defaults.DefaultSqlSession@47af099e] was not registered for synchronization because synchronization is not active
[2022-06-24 15:18:16.426] DEBUG DataSourceUtils.doGetConnection(DataSourceUtils.java:116) - Fetching JDBC Connection from DataSource
[2022-06-24 15:18:16.426] INFO  Log4j2SpyLogDelegator.methodReturned(Log4j2SpyLogDelegator.java:197) -  org.apache.commons.dbcp.DelegatingConnection.getAutoCommit(DelegatingConnection.java:337)
2. Connection.getAutoCommit() returned true
[2022-06-24 15:18:16.426] INFO  Log4j2SpyLogDelegator.methodReturned(Log4j2SpyLogDelegator.java:197) -  org.apache.commons.dbcp.DelegatingConnection.getAutoCommit(DelegatingConnection.java:337)
2. Connection.getAutoCommit() returned true
[2022-06-24 15:18:16.426] INFO  Log4j2SpyLogDelegator.methodReturned(Log4j2SpyLogDelegator.java:197) -  org.apache.commons.dbcp.DelegatingConnection.toString(DelegatingConnection.java:114)
2. Connection.isClosed() returned false
[2022-06-24 15:18:16.426] INFO  Log4j2SpyLogDelegator.methodReturned(Log4j2SpyLogDelegator.java:197) -  org.apache.commons.dbcp.DelegatingConnection.toString(DelegatingConnection.java:118)
2. Connection.getMetaData() returned oracle.jdbc.driver.OracleDatabaseMetaData@3e7545e8
[2022-06-24 15:18:16.426] DEBUG Logger.debug(Logger.java:49) - JDBC Connection [jdbc:oracle:thin:@192.168.3.101:1521:xe, UserName=SPRING, Oracle JDBC driver] will not be managed by Spring
[2022-06-24 15:18:16.427] DEBUG BaseJdbcLogger.debug(BaseJdbcLogger.java:137) - ==>  Preparing: SELECT seq, title, contents, read_cnt as "readCnt", div, TO_CHAR(reg_dt,'yyyy-mm-dd hh24:mi:ss') as "regDt", reg_id as "regId", TO_CHAR(mod_dt,'yyyy-mm-dd hh24:mi:ss') as "modDt", mod_id as "modId" FROM pc_board WHERE seq = ?
[2022-06-24 15:18:16.427] INFO  Log4j2SpyLogDelegator.methodReturned(Log4j2SpyLogDelegator.java:197) -  org.apache.commons.dbcp.DelegatingConnection.prepareStatement(DelegatingConnection.java:281)
2. PreparedStatement.new PreparedStatement returned 
[2022-06-24 15:18:16.427] INFO  Log4j2SpyLogDelegator.methodReturned(Log4j2SpyLogDelegator.java:197) -  org.apache.commons.dbcp.DelegatingConnection.prepareStatement(DelegatingConnection.java:281)
2. Connection.prepareStatement(SELECT seq,                                            
	           title,                                            
	           contents,                                          
	           read_cnt as "readCnt",                                         
	           div,                                           
	           TO_CHAR(reg_dt,'yyyy-mm-dd hh24:mi:ss') as "regDt",                                       
	           reg_id as "regId",                                           
	           TO_CHAR(mod_dt,'yyyy-mm-dd hh24:mi:ss') as "modDt",                                           
	           mod_id as "modId"                                           
	    FROM  pc_board                                         
	    WHERE seq = ?) returned net.sf.log4jdbc.sql.jdbcapi.PreparedStatementSpy@700f518a
[2022-06-24 15:18:16.427] INFO  Log4j2SpyLogDelegator.methodReturned(Log4j2SpyLogDelegator.java:197) -  org.apache.commons.dbcp.DelegatingPreparedStatement.setInt(DelegatingPreparedStatement.java:120)
2. PreparedStatement.setInt(1, 22) returned 
[2022-06-24 15:18:16.427] DEBUG BaseJdbcLogger.debug(BaseJdbcLogger.java:137) - ==> Parameters: 22(Integer)
[2022-06-24 15:18:16.434] INFO  Log4j2SpyLogDelegator.sqlTimingOccurred(Log4j2SpyLogDelegator.java:243) -  org.apache.commons.dbcp.DelegatingPreparedStatement.execute(DelegatingPreparedStatement.java:172)
2. SELECT seq, title, contents, read_cnt as "readCnt", div, TO_CHAR(reg_dt,'yyyy-mm-dd hh24:mi:ss') 
as "regDt", reg_id as "regId", TO_CHAR(mod_dt,'yyyy-mm-dd hh24:mi:ss') as "modDt", mod_id as 
"modId" FROM pc_board WHERE seq = 22  {executed in 7 ms}
[2022-06-24 15:18:16.434] INFO  Log4j2SpyLogDelegator.methodReturned(Log4j2SpyLogDelegator.java:197) -  org.apache.commons.dbcp.DelegatingPreparedStatement.execute(DelegatingPreparedStatement.java:172)
2. PreparedStatement.execute() returned true
[2022-06-24 15:18:16.434] INFO  Log4j2SpyLogDelegator.methodReturned(Log4j2SpyLogDelegator.java:197) -  org.apache.commons.dbcp.DelegatingStatement.getResultSet(DelegatingStatement.java:219)
2. ResultSet.new ResultSet returned 
[2022-06-24 15:18:16.435] INFO  Log4j2SpyLogDelegator.methodReturned(Log4j2SpyLogDelegator.java:197) -  org.apache.commons.dbcp.DelegatingStatement.getResultSet(DelegatingStatement.java:219)
2. PreparedStatement.getResultSet() returned net.sf.log4jdbc.sql.jdbcapi.ResultSetSpy@b835727
[2022-06-24 15:18:16.435] INFO  Log4j2SpyLogDelegator.methodReturned(Log4j2SpyLogDelegator.java:197) -  org.apache.commons.dbcp.DelegatingResultSet.getMetaData(DelegatingResultSet.java:322)
2. ResultSet.getMetaData() returned oracle.jdbc.driver.OracleResultSetMetaData@13da7ab0
[2022-06-24 15:18:16.435] INFO  Log4j2SpyLogDelegator.methodReturned(Log4j2SpyLogDelegator.java:197) -  org.apache.commons.dbcp.DelegatingResultSet.getType(DelegatingResultSet.java:394)
2. ResultSet.getType() returned 1003
[2022-06-24 15:18:16.435] INFO  Log4j2SpyLogDelegator.methodReturned(Log4j2SpyLogDelegator.java:197) -  org.apache.commons.dbcp.DelegatingResultSet.isClosed(DelegatingResultSet.java:688)
2. ResultSet.isClosed() returned false
[2022-06-24 15:18:16.435] INFO  Log4j2SpyLogDelegator.methodReturned(Log4j2SpyLogDelegator.java:197) -  org.apache.commons.dbcp.DelegatingResultSet.next(DelegatingResultSet.java:207)
2. ResultSet.next() returned true
[2022-06-24 15:18:16.436] INFO  Log4j2SpyLogDelegator.methodReturned(Log4j2SpyLogDelegator.java:197) -  org.apache.commons.dbcp.DelegatingResultSet.getInt(DelegatingResultSet.java:275)
2. ResultSet.getInt(SEQ) returned 22
[2022-06-24 15:18:16.436] INFO  Log4j2SpyLogDelegator.methodReturned(Log4j2SpyLogDelegator.java:197) -  org.apache.commons.dbcp.DelegatingResultSet.getString(DelegatingResultSet.java:263)
2. ResultSet.getString(TITLE) returned 제목_22
[2022-06-24 15:18:16.436] INFO  Log4j2SpyLogDelegator.methodReturned(Log4j2SpyLogDelegator.java:197) -  org.apache.commons.dbcp.DelegatingResultSet.getClob(DelegatingResultSet.java:568)
2. ResultSet.getClob(CONTENTS) returned oracle.sql.CLOB@77eb5790
[2022-06-24 15:18:16.436] INFO  Log4j2SpyLogDelegator.methodReturned(Log4j2SpyLogDelegator.java:197) -  org.apache.commons.dbcp.DelegatingResultSet.getInt(DelegatingResultSet.java:275)
2. ResultSet.getInt(readCnt) returned 0
[2022-06-24 15:18:16.437] INFO  Log4j2SpyLogDelegator.methodReturned(Log4j2SpyLogDelegator.java:197) -  org.apache.commons.dbcp.DelegatingResultSet.wasNull(DelegatingResultSet.java:210)
2. ResultSet.wasNull() returned false
[2022-06-24 15:18:16.437] INFO  Log4j2SpyLogDelegator.methodReturned(Log4j2SpyLogDelegator.java:197) -  org.apache.commons.dbcp.DelegatingResultSet.getString(DelegatingResultSet.java:263)
2. ResultSet.getString(DIV) returned 10
[2022-06-24 15:18:16.437] INFO  Log4j2SpyLogDelegator.methodReturned(Log4j2SpyLogDelegator.java:197) -  org.apache.commons.dbcp.DelegatingResultSet.getString(DelegatingResultSet.java:263)
2. ResultSet.getString(regDt) returned 2022-06-24 15:18:16
[2022-06-24 15:18:16.437] INFO  Log4j2SpyLogDelegator.methodReturned(Log4j2SpyLogDelegator.java:197) -  org.apache.commons.dbcp.DelegatingResultSet.getString(DelegatingResultSet.java:263)
2. ResultSet.getString(regId) returned 이은빈
[2022-06-24 15:18:16.437] INFO  Log4j2SpyLogDelegator.methodReturned(Log4j2SpyLogDelegator.java:197) -  org.apache.commons.dbcp.DelegatingResultSet.getString(DelegatingResultSet.java:263)
2. ResultSet.getString(modDt) returned 2022-06-24 15:18:16
[2022-06-24 15:18:16.438] INFO  Log4j2SpyLogDelegator.methodReturned(Log4j2SpyLogDelegator.java:197) -  org.apache.commons.dbcp.DelegatingResultSet.getString(DelegatingResultSet.java:263)
2. ResultSet.getString(modId) returned 이은빈
[2022-06-24 15:18:16.438] INFO  Log4j2SpyLogDelegator.methodReturned(Log4j2SpyLogDelegator.java:197) -  org.apache.commons.dbcp.DelegatingResultSet.getInt(DelegatingResultSet.java:275)
2. ResultSet.getInt(SEQ) returned 22
[2022-06-24 15:18:16.438] INFO  Log4j2SpyLogDelegator.methodReturned(Log4j2SpyLogDelegator.java:197) -  org.apache.commons.dbcp.DelegatingResultSet.getString(DelegatingResultSet.java:263)
2. ResultSet.getString(TITLE) returned 제목_22
[2022-06-24 15:18:16.439] INFO  Log4j2SpyLogDelegator.methodReturned(Log4j2SpyLogDelegator.java:197) -  org.apache.commons.dbcp.DelegatingResultSet.getClob(DelegatingResultSet.java:568)
2. ResultSet.getClob(CONTENTS) returned oracle.sql.CLOB@7139bd31
[2022-06-24 15:18:16.439] INFO  Log4j2SpyLogDelegator.methodReturned(Log4j2SpyLogDelegator.java:197) -  org.apache.commons.dbcp.DelegatingResultSet.getInt(DelegatingResultSet.java:275)
2. ResultSet.getInt(readCnt) returned 0
[2022-06-24 15:18:16.439] INFO  Log4j2SpyLogDelegator.methodReturned(Log4j2SpyLogDelegator.java:197) -  org.apache.commons.dbcp.DelegatingResultSet.wasNull(DelegatingResultSet.java:210)
2. ResultSet.wasNull() returned false
[2022-06-24 15:18:16.440] INFO  Log4j2SpyLogDelegator.methodReturned(Log4j2SpyLogDelegator.java:197) -  org.apache.commons.dbcp.DelegatingResultSet.getString(DelegatingResultSet.java:263)
2. ResultSet.getString(DIV) returned 10
[2022-06-24 15:18:16.440] INFO  Log4j2SpyLogDelegator.methodReturned(Log4j2SpyLogDelegator.java:197) -  org.apache.commons.dbcp.DelegatingResultSet.getString(DelegatingResultSet.java:263)
2. ResultSet.getString(regDt) returned 2022-06-24 15:18:16
[2022-06-24 15:18:16.440] INFO  Log4j2SpyLogDelegator.methodReturned(Log4j2SpyLogDelegator.java:197) -  org.apache.commons.dbcp.DelegatingResultSet.getString(DelegatingResultSet.java:263)
2. ResultSet.getString(regId) returned 이은빈
[2022-06-24 15:18:16.440] INFO  Log4j2SpyLogDelegator.methodReturned(Log4j2SpyLogDelegator.java:197) -  org.apache.commons.dbcp.DelegatingResultSet.getString(DelegatingResultSet.java:263)
2. ResultSet.getString(modDt) returned 2022-06-24 15:18:16
[2022-06-24 15:18:16.440] INFO  Log4j2SpyLogDelegator.methodReturned(Log4j2SpyLogDelegator.java:197) -  org.apache.commons.dbcp.DelegatingResultSet.getString(DelegatingResultSet.java:263)
2. ResultSet.getString(modId) returned 이은빈
[2022-06-24 15:18:16.441] INFO  Log4j2SpyLogDelegator.methodReturned(Log4j2SpyLogDelegator.java:197) -  org.apache.commons.dbcp.DelegatingResultSet.isClosed(DelegatingResultSet.java:688)
2. ResultSet.isClosed() returned false
[2022-06-24 15:18:16.442] INFO  Log4j2SpyLogDelegator.resultSetCollected(Log4j2SpyLogDelegator.java:390) - 
|----|------|---------|--------|----|--------------------|------|--------------------|------|
|seq |title |contents |readcnt |div |regdt               |regid |moddt               |modid |
|----|------|---------|--------|----|--------------------|------|--------------------|------|
|22  |제목_22 |내용_22    |0       |10  |2022-06-24 15:18:16 |이은빈   |2022-06-24 15:18:16 |이은빈   |
|----|------|---------|--------|----|--------------------|------|--------------------|------|

[2022-06-24 15:18:16.442] INFO  Log4j2SpyLogDelegator.methodReturned(Log4j2SpyLogDelegator.java:197) -  org.apache.commons.dbcp.DelegatingResultSet.next(DelegatingResultSet.java:207)
2. ResultSet.next() returned false
[2022-06-24 15:18:16.443] DEBUG BaseJdbcLogger.debug(BaseJdbcLogger.java:137) - <==      Total: 1
[2022-06-24 15:18:16.443] INFO  Log4j2SpyLogDelegator.methodReturned(Log4j2SpyLogDelegator.java:197) -  org.apache.commons.dbcp.DelegatingResultSet.close(DelegatingResultSet.java:187)
2. ResultSet.close() returned void
[2022-06-24 15:18:16.443] INFO  Log4j2SpyLogDelegator.methodReturned(Log4j2SpyLogDelegator.java:197) -  org.apache.commons.dbcp.DelegatingConnection.getMetaData(DelegatingConnection.java:345)
2. Connection.getMetaData() returned oracle.jdbc.driver.OracleDatabaseMetaData@3e7545e8
[2022-06-24 15:18:16.443] INFO  Log4j2SpyLogDelegator.methodReturned(Log4j2SpyLogDelegator.java:197) -  org.apache.commons.dbcp.DelegatingStatement.close(DelegatingStatement.java:168)
2. PreparedStatement.close() returned 
[2022-06-24 15:18:16.443] DEBUG Logger.debug(Logger.java:49) - Closing non transactional SqlSession [org.apache.ibatis.session.defaults.DefaultSqlSession@47af099e]
[2022-06-24 15:18:16.443] INFO  Log4j2SpyLogDelegator.methodReturned(Log4j2SpyLogDelegator.java:197) -  org.apache.commons.dbcp.PoolableConnection.close(PoolableConnection.java:72)
2. Connection.isClosed() returned false
[2022-06-24 15:18:16.444] INFO  Log4j2SpyLogDelegator.methodReturned(Log4j2SpyLogDelegator.java:197) -  org.apache.commons.dbcp.DelegatingConnection.getAutoCommit(DelegatingConnection.java:337)
2. Connection.getAutoCommit() returned true
[2022-06-24 15:18:16.444] INFO  Log4j2SpyLogDelegator.methodReturned(Log4j2SpyLogDelegator.java:197) -  org.apache.commons.dbcp.DelegatingConnection.clearWarnings(DelegatingConnection.java:331)
2. Connection.clearWarnings() returned 
[2022-06-24 15:18:16.444] INFO  Log4j2SpyLogDelegator.methodReturned(Log4j2SpyLogDelegator.java:197) -  org.apache.commons.dbcp.DelegatingConnection.getAutoCommit(DelegatingConnection.java:337)
2. Connection.getAutoCommit() returned true
[2022-06-24 15:18:16.444] DEBUG BoardDaoImpl.doSelectOne(BoardDaoImpl.java:112) - outVO:BoardVO [seq=22, title=제목_22, contents=내용_22, readCnt=0, div=10, regDt=2022-06-24 15:18:16, regId=이은빈, modDt=2022-06-24 15:18:16, modId=이은빈, toString()=DTO [num=0, totalCnt=0]]
[2022-06-24 15:18:16.444] DEBUG BoardDaoImpl.doUpdate(BoardDaoImpl.java:58) - ==============================
[2022-06-24 15:18:16.444] DEBUG BoardDaoImpl.doUpdate(BoardDaoImpl.java:59) - param:BoardVO [seq=22, title=제목_22_U, contents=내용_22_U, readCnt=0, div=20, regDt=2022-06-24 15:18:16, regId=이은빈, modDt=2022-06-24 15:18:16, modId=이은빈_U, toString()=DTO [num=0, totalCnt=0]]
[2022-06-24 15:18:16.444] DEBUG BoardDaoImpl.doUpdate(BoardDaoImpl.java:60) - statement:com.pcwk.ehr.board.doUpdate
[2022-06-24 15:18:16.444] DEBUG BoardDaoImpl.doUpdate(BoardDaoImpl.java:61) - ==============================
[2022-06-24 15:18:16.444] DEBUG Logger.debug(Logger.java:49) - Creating a new SqlSession
[2022-06-24 15:18:16.445] DEBUG Logger.debug(Logger.java:49) - SqlSession [org.apache.ibatis.session.defaults.DefaultSqlSession@27b45ea] was not registered for synchronization because synchronization is not active
[2022-06-24 15:18:16.445] DEBUG DataSourceUtils.doGetConnection(DataSourceUtils.java:116) - Fetching JDBC Connection from DataSource
[2022-06-24 15:18:16.445] INFO  Log4j2SpyLogDelegator.methodReturned(Log4j2SpyLogDelegator.java:197) -  org.apache.commons.dbcp.DelegatingConnection.getAutoCommit(DelegatingConnection.java:337)
2. Connection.getAutoCommit() returned true
[2022-06-24 15:18:16.445] INFO  Log4j2SpyLogDelegator.methodReturned(Log4j2SpyLogDelegator.java:197) -  org.apache.commons.dbcp.DelegatingConnection.getAutoCommit(DelegatingConnection.java:337)
2. Connection.getAutoCommit() returned true
[2022-06-24 15:18:16.445] INFO  Log4j2SpyLogDelegator.methodReturned(Log4j2SpyLogDelegator.java:197) -  org.apache.commons.dbcp.DelegatingConnection.toString(DelegatingConnection.java:114)
2. Connection.isClosed() returned false
[2022-06-24 15:18:16.445] INFO  Log4j2SpyLogDelegator.methodReturned(Log4j2SpyLogDelegator.java:197) -  org.apache.commons.dbcp.DelegatingConnection.toString(DelegatingConnection.java:118)
2. Connection.getMetaData() returned oracle.jdbc.driver.OracleDatabaseMetaData@3e7545e8
[2022-06-24 15:18:16.445] DEBUG Logger.debug(Logger.java:49) - JDBC Connection [jdbc:oracle:thin:@192.168.3.101:1521:xe, UserName=SPRING, Oracle JDBC driver] will not be managed by Spring
[2022-06-24 15:18:16.446] DEBUG BaseJdbcLogger.debug(BaseJdbcLogger.java:137) - ==>  Preparing: UPDATE pc_board SET title = ? ,contents = ? ,div = ? ,mod_dt = sysdate ,mod_id = ? WHERE seq = 22
[2022-06-24 15:18:16.446] INFO  Log4j2SpyLogDelegator.methodReturned(Log4j2SpyLogDelegator.java:197) -  org.apache.commons.dbcp.DelegatingConnection.prepareStatement(DelegatingConnection.java:281)
2. PreparedStatement.new PreparedStatement returned 
[2022-06-24 15:18:16.446] INFO  Log4j2SpyLogDelegator.methodReturned(Log4j2SpyLogDelegator.java:197) -  org.apache.commons.dbcp.DelegatingConnection.prepareStatement(DelegatingConnection.java:281)
2. Connection.prepareStatement(UPDATE pc_board
		SET title = ?
		    ,contents = ?
		    ,div = ?
		    ,mod_dt = sysdate
		    ,mod_id = ?
		WHERE seq = 22) returned net.sf.log4jdbc.sql.jdbcapi.PreparedStatementSpy@3e17a0a1
[2022-06-24 15:18:16.446] INFO  Log4j2SpyLogDelegator.methodReturned(Log4j2SpyLogDelegator.java:197) -  org.apache.commons.dbcp.DelegatingPreparedStatement.setString(DelegatingPreparedStatement.java:135)
2. PreparedStatement.setString(1, "제목_22_U") returned 
[2022-06-24 15:18:16.447] INFO  Log4j2SpyLogDelegator.methodReturned(Log4j2SpyLogDelegator.java:197) -  org.apache.commons.dbcp.DelegatingPreparedStatement.setString(DelegatingPreparedStatement.java:135)
2. PreparedStatement.setString(2, "내용_22_U") returned 
[2022-06-24 15:18:16.447] INFO  Log4j2SpyLogDelegator.methodReturned(Log4j2SpyLogDelegator.java:197) -  org.apache.commons.dbcp.DelegatingPreparedStatement.setString(DelegatingPreparedStatement.java:135)
2. PreparedStatement.setString(3, "20") returned 
[2022-06-24 15:18:16.447] INFO  Log4j2SpyLogDelegator.methodReturned(Log4j2SpyLogDelegator.java:197) -  org.apache.commons.dbcp.DelegatingPreparedStatement.setString(DelegatingPreparedStatement.java:135)
2. PreparedStatement.setString(4, "이은빈_U") returned 
[2022-06-24 15:18:16.447] DEBUG BaseJdbcLogger.debug(BaseJdbcLogger.java:137) - ==> Parameters: 제목_22_U(String), 내용_22_U(String), 20(String), 이은빈_U(String)
[2022-06-24 15:18:16.457] INFO  Log4j2SpyLogDelegator.sqlTimingOccurred(Log4j2SpyLogDelegator.java:243) -  org.apache.commons.dbcp.DelegatingPreparedStatement.execute(DelegatingPreparedStatement.java:172)
2. UPDATE pc_board SET title = '제목_22_U' ,contents = '내용_22_U' ,div = '20' ,mod_dt = sysdate ,mod_id 
= '이은빈_U' WHERE seq = 22  {executed in 9 ms}
[2022-06-24 15:18:16.458] INFO  Log4j2SpyLogDelegator.methodReturned(Log4j2SpyLogDelegator.java:197) -  org.apache.commons.dbcp.DelegatingPreparedStatement.execute(DelegatingPreparedStatement.java:172)
2. PreparedStatement.execute() returned false
[2022-06-24 15:18:16.458] INFO  Log4j2SpyLogDelegator.methodReturned(Log4j2SpyLogDelegator.java:197) -  org.apache.commons.dbcp.DelegatingStatement.getUpdateCount(DelegatingStatement.java:267)
2. PreparedStatement.getUpdateCount() returned 1
[2022-06-24 15:18:16.458] DEBUG BaseJdbcLogger.debug(BaseJdbcLogger.java:137) - <==    Updates: 1
[2022-06-24 15:18:16.458] INFO  Log4j2SpyLogDelegator.methodReturned(Log4j2SpyLogDelegator.java:197) -  org.apache.commons.dbcp.DelegatingStatement.close(DelegatingStatement.java:168)
2. PreparedStatement.close() returned 
[2022-06-24 15:18:16.458] DEBUG Logger.debug(Logger.java:49) - Closing non transactional SqlSession [org.apache.ibatis.session.defaults.DefaultSqlSession@27b45ea]
[2022-06-24 15:18:16.458] INFO  Log4j2SpyLogDelegator.methodReturned(Log4j2SpyLogDelegator.java:197) -  org.apache.commons.dbcp.PoolableConnection.close(PoolableConnection.java:72)
2. Connection.isClosed() returned false
[2022-06-24 15:18:16.458] INFO  Log4j2SpyLogDelegator.methodReturned(Log4j2SpyLogDelegator.java:197) -  org.apache.commons.dbcp.DelegatingConnection.getAutoCommit(DelegatingConnection.java:337)
2. Connection.getAutoCommit() returned true
[2022-06-24 15:18:16.460] INFO  Log4j2SpyLogDelegator.methodReturned(Log4j2SpyLogDelegator.java:197) -  org.apache.commons.dbcp.DelegatingConnection.clearWarnings(DelegatingConnection.java:331)
2. Connection.clearWarnings() returned 
[2022-06-24 15:18:16.460] INFO  Log4j2SpyLogDelegator.methodReturned(Log4j2SpyLogDelegator.java:197) -  org.apache.commons.dbcp.DelegatingConnection.getAutoCommit(DelegatingConnection.java:337)
2. Connection.getAutoCommit() returned true
[2022-06-24 15:18:16.460] DEBUG BoardDaoImpl.doUpdate(BoardDaoImpl.java:64) - flag:1
[2022-06-24 15:18:16.460] DEBUG BoardDaoImpl.doSelectOne(BoardDaoImpl.java:106) - ==============================
[2022-06-24 15:18:16.460] DEBUG BoardDaoImpl.doSelectOne(BoardDaoImpl.java:107) - param:BoardVO [seq=22, title=제목_22_U, contents=내용_22_U, readCnt=0, div=20, regDt=2022-06-24 15:18:16, regId=이은빈, modDt=2022-06-24 15:18:16, modId=이은빈_U, toString()=DTO [num=0, totalCnt=0]]
[2022-06-24 15:18:16.460] DEBUG BoardDaoImpl.doSelectOne(BoardDaoImpl.java:108) - statement:com.pcwk.ehr.board.doSelectOne
[2022-06-24 15:18:16.460] DEBUG BoardDaoImpl.doSelectOne(BoardDaoImpl.java:109) - ==============================
[2022-06-24 15:18:16.461] DEBUG Logger.debug(Logger.java:49) - Creating a new SqlSession
[2022-06-24 15:18:16.461] DEBUG Logger.debug(Logger.java:49) - SqlSession [org.apache.ibatis.session.defaults.DefaultSqlSession@4d8286c4] was not registered for synchronization because synchronization is not active
[2022-06-24 15:18:16.461] DEBUG DataSourceUtils.doGetConnection(DataSourceUtils.java:116) - Fetching JDBC Connection from DataSource
[2022-06-24 15:18:16.461] INFO  Log4j2SpyLogDelegator.methodReturned(Log4j2SpyLogDelegator.java:197) -  org.apache.commons.dbcp.DelegatingConnection.getAutoCommit(DelegatingConnection.java:337)
2. Connection.getAutoCommit() returned true
[2022-06-24 15:18:16.461] INFO  Log4j2SpyLogDelegator.methodReturned(Log4j2SpyLogDelegator.java:197) -  org.apache.commons.dbcp.DelegatingConnection.getAutoCommit(DelegatingConnection.java:337)
2. Connection.getAutoCommit() returned true
[2022-06-24 15:18:16.462] INFO  Log4j2SpyLogDelegator.methodReturned(Log4j2SpyLogDelegator.java:197) -  org.apache.commons.dbcp.DelegatingConnection.toString(DelegatingConnection.java:114)
2. Connection.isClosed() returned false
[2022-06-24 15:18:16.462] INFO  Log4j2SpyLogDelegator.methodReturned(Log4j2SpyLogDelegator.java:197) -  org.apache.commons.dbcp.DelegatingConnection.toString(DelegatingConnection.java:118)
2. Connection.getMetaData() returned oracle.jdbc.driver.OracleDatabaseMetaData@3e7545e8
[2022-06-24 15:18:16.462] DEBUG Logger.debug(Logger.java:49) - JDBC Connection [jdbc:oracle:thin:@192.168.3.101:1521:xe, UserName=SPRING, Oracle JDBC driver] will not be managed by Spring
[2022-06-24 15:18:16.462] DEBUG BaseJdbcLogger.debug(BaseJdbcLogger.java:137) - ==>  Preparing: SELECT seq, title, contents, read_cnt as "readCnt", div, TO_CHAR(reg_dt,'yyyy-mm-dd hh24:mi:ss') as "regDt", reg_id as "regId", TO_CHAR(mod_dt,'yyyy-mm-dd hh24:mi:ss') as "modDt", mod_id as "modId" FROM pc_board WHERE seq = ?
[2022-06-24 15:18:16.463] INFO  Log4j2SpyLogDelegator.methodReturned(Log4j2SpyLogDelegator.java:197) -  org.apache.commons.dbcp.DelegatingConnection.prepareStatement(DelegatingConnection.java:281)
2. PreparedStatement.new PreparedStatement returned 
[2022-06-24 15:18:16.463] INFO  Log4j2SpyLogDelegator.methodReturned(Log4j2SpyLogDelegator.java:197) -  org.apache.commons.dbcp.DelegatingConnection.prepareStatement(DelegatingConnection.java:281)
2. Connection.prepareStatement(SELECT seq,                                            
	           title,                                            
	           contents,                                          
	           read_cnt as "readCnt",                                         
	           div,                                           
	           TO_CHAR(reg_dt,'yyyy-mm-dd hh24:mi:ss') as "regDt",                                       
	           reg_id as "regId",                                           
	           TO_CHAR(mod_dt,'yyyy-mm-dd hh24:mi:ss') as "modDt",                                           
	           mod_id as "modId"                                           
	    FROM  pc_board                                         
	    WHERE seq = ?) returned net.sf.log4jdbc.sql.jdbcapi.PreparedStatementSpy@150ede8b
[2022-06-24 15:18:16.463] INFO  Log4j2SpyLogDelegator.methodReturned(Log4j2SpyLogDelegator.java:197) -  org.apache.commons.dbcp.DelegatingPreparedStatement.setInt(DelegatingPreparedStatement.java:120)
2. PreparedStatement.setInt(1, 22) returned 
[2022-06-24 15:18:16.464] DEBUG BaseJdbcLogger.debug(BaseJdbcLogger.java:137) - ==> Parameters: 22(Integer)
[2022-06-24 15:18:16.491] INFO  Log4j2SpyLogDelegator.sqlTimingOccurred(Log4j2SpyLogDelegator.java:243) -  org.apache.commons.dbcp.DelegatingPreparedStatement.execute(DelegatingPreparedStatement.java:172)
2. SELECT seq, title, contents, read_cnt as "readCnt", div, TO_CHAR(reg_dt,'yyyy-mm-dd hh24:mi:ss') 
as "regDt", reg_id as "regId", TO_CHAR(mod_dt,'yyyy-mm-dd hh24:mi:ss') as "modDt", mod_id as 
"modId" FROM pc_board WHERE seq = 22  {executed in 26 ms}
[2022-06-24 15:18:16.491] INFO  Log4j2SpyLogDelegator.methodReturned(Log4j2SpyLogDelegator.java:197) -  org.apache.commons.dbcp.DelegatingPreparedStatement.execute(DelegatingPreparedStatement.java:172)
2. PreparedStatement.execute() returned true
[2022-06-24 15:18:16.491] INFO  Log4j2SpyLogDelegator.methodReturned(Log4j2SpyLogDelegator.java:197) -  org.apache.commons.dbcp.DelegatingStatement.getResultSet(DelegatingStatement.java:219)
2. ResultSet.new ResultSet returned 
[2022-06-24 15:18:16.492] INFO  Log4j2SpyLogDelegator.methodReturned(Log4j2SpyLogDelegator.java:197) -  org.apache.commons.dbcp.DelegatingStatement.getResultSet(DelegatingStatement.java:219)
2. PreparedStatement.getResultSet() returned net.sf.log4jdbc.sql.jdbcapi.ResultSetSpy@161f6623
[2022-06-24 15:18:16.492] INFO  Log4j2SpyLogDelegator.methodReturned(Log4j2SpyLogDelegator.java:197) -  org.apache.commons.dbcp.DelegatingResultSet.getMetaData(DelegatingResultSet.java:322)
2. ResultSet.getMetaData() returned oracle.jdbc.driver.OracleResultSetMetaData@3e15bb06
[2022-06-24 15:18:16.492] INFO  Log4j2SpyLogDelegator.methodReturned(Log4j2SpyLogDelegator.java:197) -  org.apache.commons.dbcp.DelegatingResultSet.getType(DelegatingResultSet.java:394)
2. ResultSet.getType() returned 1003
[2022-06-24 15:18:16.493] INFO  Log4j2SpyLogDelegator.methodReturned(Log4j2SpyLogDelegator.java:197) -  org.apache.commons.dbcp.DelegatingResultSet.isClosed(DelegatingResultSet.java:688)
2. ResultSet.isClosed() returned false
[2022-06-24 15:18:16.493] INFO  Log4j2SpyLogDelegator.methodReturned(Log4j2SpyLogDelegator.java:197) -  org.apache.commons.dbcp.DelegatingResultSet.next(DelegatingResultSet.java:207)
2. ResultSet.next() returned true
[2022-06-24 15:18:16.493] INFO  Log4j2SpyLogDelegator.methodReturned(Log4j2SpyLogDelegator.java:197) -  org.apache.commons.dbcp.DelegatingResultSet.getInt(DelegatingResultSet.java:275)
2. ResultSet.getInt(SEQ) returned 22
[2022-06-24 15:18:16.493] INFO  Log4j2SpyLogDelegator.methodReturned(Log4j2SpyLogDelegator.java:197) -  org.apache.commons.dbcp.DelegatingResultSet.getString(DelegatingResultSet.java:263)
2. ResultSet.getString(TITLE) returned 제목_22_U
[2022-06-24 15:18:16.494] INFO  Log4j2SpyLogDelegator.methodReturned(Log4j2SpyLogDelegator.java:197) -  org.apache.commons.dbcp.DelegatingResultSet.getClob(DelegatingResultSet.java:568)
2. ResultSet.getClob(CONTENTS) returned oracle.sql.CLOB@7a7cc52c
[2022-06-24 15:18:16.494] INFO  Log4j2SpyLogDelegator.methodReturned(Log4j2SpyLogDelegator.java:197) -  org.apache.commons.dbcp.DelegatingResultSet.getInt(DelegatingResultSet.java:275)
2. ResultSet.getInt(readCnt) returned 0
[2022-06-24 15:18:16.494] INFO  Log4j2SpyLogDelegator.methodReturned(Log4j2SpyLogDelegator.java:197) -  org.apache.commons.dbcp.DelegatingResultSet.wasNull(DelegatingResultSet.java:210)
2. ResultSet.wasNull() returned false
[2022-06-24 15:18:16.495] INFO  Log4j2SpyLogDelegator.methodReturned(Log4j2SpyLogDelegator.java:197) -  org.apache.commons.dbcp.DelegatingResultSet.getString(DelegatingResultSet.java:263)
2. ResultSet.getString(DIV) returned 20
[2022-06-24 15:18:16.495] INFO  Log4j2SpyLogDelegator.methodReturned(Log4j2SpyLogDelegator.java:197) -  org.apache.commons.dbcp.DelegatingResultSet.getString(DelegatingResultSet.java:263)
2. ResultSet.getString(regDt) returned 2022-06-24 15:18:16
[2022-06-24 15:18:16.495] INFO  Log4j2SpyLogDelegator.methodReturned(Log4j2SpyLogDelegator.java:197) -  org.apache.commons.dbcp.DelegatingResultSet.getString(DelegatingResultSet.java:263)
2. ResultSet.getString(regId) returned 이은빈
[2022-06-24 15:18:16.496] INFO  Log4j2SpyLogDelegator.methodReturned(Log4j2SpyLogDelegator.java:197) -  org.apache.commons.dbcp.DelegatingResultSet.getString(DelegatingResultSet.java:263)
2. ResultSet.getString(modDt) returned 2022-06-24 15:18:16
[2022-06-24 15:18:16.496] INFO  Log4j2SpyLogDelegator.methodReturned(Log4j2SpyLogDelegator.java:197) -  org.apache.commons.dbcp.DelegatingResultSet.getString(DelegatingResultSet.java:263)
2. ResultSet.getString(modId) returned 이은빈_U
[2022-06-24 15:18:16.496] INFO  Log4j2SpyLogDelegator.methodReturned(Log4j2SpyLogDelegator.java:197) -  org.apache.commons.dbcp.DelegatingResultSet.getInt(DelegatingResultSet.java:275)
2. ResultSet.getInt(SEQ) returned 22
[2022-06-24 15:18:16.497] INFO  Log4j2SpyLogDelegator.methodReturned(Log4j2SpyLogDelegator.java:197) -  org.apache.commons.dbcp.DelegatingResultSet.getString(DelegatingResultSet.java:263)
2. ResultSet.getString(TITLE) returned 제목_22_U
[2022-06-24 15:18:16.497] INFO  Log4j2SpyLogDelegator.methodReturned(Log4j2SpyLogDelegator.java:197) -  org.apache.commons.dbcp.DelegatingResultSet.getClob(DelegatingResultSet.java:568)
2. ResultSet.getClob(CONTENTS) returned oracle.sql.CLOB@53a9fcfd
[2022-06-24 15:18:16.497] INFO  Log4j2SpyLogDelegator.methodReturned(Log4j2SpyLogDelegator.java:197) -  org.apache.commons.dbcp.DelegatingResultSet.getInt(DelegatingResultSet.java:275)
2. ResultSet.getInt(readCnt) returned 0
[2022-06-24 15:18:16.498] INFO  Log4j2SpyLogDelegator.methodReturned(Log4j2SpyLogDelegator.java:197) -  org.apache.commons.dbcp.DelegatingResultSet.wasNull(DelegatingResultSet.java:210)
2. ResultSet.wasNull() returned false
[2022-06-24 15:18:16.498] INFO  Log4j2SpyLogDelegator.methodReturned(Log4j2SpyLogDelegator.java:197) -  org.apache.commons.dbcp.DelegatingResultSet.getString(DelegatingResultSet.java:263)
2. ResultSet.getString(DIV) returned 20
[2022-06-24 15:18:16.498] INFO  Log4j2SpyLogDelegator.methodReturned(Log4j2SpyLogDelegator.java:197) -  org.apache.commons.dbcp.DelegatingResultSet.getString(DelegatingResultSet.java:263)
2. ResultSet.getString(regDt) returned 2022-06-24 15:18:16
[2022-06-24 15:18:16.499] INFO  Log4j2SpyLogDelegator.methodReturned(Log4j2SpyLogDelegator.java:197) -  org.apache.commons.dbcp.DelegatingResultSet.getString(DelegatingResultSet.java:263)
2. ResultSet.getString(regId) returned 이은빈
[2022-06-24 15:18:16.499] INFO  Log4j2SpyLogDelegator.methodReturned(Log4j2SpyLogDelegator.java:197) -  org.apache.commons.dbcp.DelegatingResultSet.getString(DelegatingResultSet.java:263)
2. ResultSet.getString(modDt) returned 2022-06-24 15:18:16
[2022-06-24 15:18:16.499] INFO  Log4j2SpyLogDelegator.methodReturned(Log4j2SpyLogDelegator.java:197) -  org.apache.commons.dbcp.DelegatingResultSet.getString(DelegatingResultSet.java:263)
2. ResultSet.getString(modId) returned 이은빈_U
[2022-06-24 15:18:16.499] INFO  Log4j2SpyLogDelegator.methodReturned(Log4j2SpyLogDelegator.java:197) -  org.apache.commons.dbcp.DelegatingResultSet.isClosed(DelegatingResultSet.java:688)
2. ResultSet.isClosed() returned false
[2022-06-24 15:18:16.501] INFO  Log4j2SpyLogDelegator.resultSetCollected(Log4j2SpyLogDelegator.java:390) - 
|----|--------|---------|--------|----|--------------------|------|--------------------|------|
|seq |title   |contents |readcnt |div |regdt               |regid |moddt               |modid |
|----|--------|---------|--------|----|--------------------|------|--------------------|------|
|22  |제목_22_U |내용_22_U  |0       |20  |2022-06-24 15:18:16 |이은빈   |2022-06-24 15:18:16 |이은빈_U |
|----|--------|---------|--------|----|--------------------|------|--------------------|------|

[2022-06-24 15:18:16.501] INFO  Log4j2SpyLogDelegator.methodReturned(Log4j2SpyLogDelegator.java:197) -  org.apache.commons.dbcp.DelegatingResultSet.next(DelegatingResultSet.java:207)
2. ResultSet.next() returned false
[2022-06-24 15:18:16.501] DEBUG BaseJdbcLogger.debug(BaseJdbcLogger.java:137) - <==      Total: 1
[2022-06-24 15:18:16.501] INFO  Log4j2SpyLogDelegator.methodReturned(Log4j2SpyLogDelegator.java:197) -  org.apache.commons.dbcp.DelegatingResultSet.close(DelegatingResultSet.java:187)
2. ResultSet.close() returned void
[2022-06-24 15:18:16.502] INFO  Log4j2SpyLogDelegator.methodReturned(Log4j2SpyLogDelegator.java:197) -  org.apache.commons.dbcp.DelegatingConnection.getMetaData(DelegatingConnection.java:345)
2. Connection.getMetaData() returned oracle.jdbc.driver.OracleDatabaseMetaData@3e7545e8
[2022-06-24 15:18:16.502] INFO  Log4j2SpyLogDelegator.methodReturned(Log4j2SpyLogDelegator.java:197) -  org.apache.commons.dbcp.DelegatingStatement.close(DelegatingStatement.java:168)
2. PreparedStatement.close() returned 
[2022-06-24 15:18:16.502] DEBUG Logger.debug(Logger.java:49) - Closing non transactional SqlSession [org.apache.ibatis.session.defaults.DefaultSqlSession@4d8286c4]
[2022-06-24 15:18:16.502] INFO  Log4j2SpyLogDelegator.methodReturned(Log4j2SpyLogDelegator.java:197) -  org.apache.commons.dbcp.PoolableConnection.close(PoolableConnection.java:72)
2. Connection.isClosed() returned false
[2022-06-24 15:18:16.503] INFO  Log4j2SpyLogDelegator.methodReturned(Log4j2SpyLogDelegator.java:197) -  org.apache.commons.dbcp.DelegatingConnection.getAutoCommit(DelegatingConnection.java:337)
2. Connection.getAutoCommit() returned true
[2022-06-24 15:18:16.503] INFO  Log4j2SpyLogDelegator.methodReturned(Log4j2SpyLogDelegator.java:197) -  org.apache.commons.dbcp.DelegatingConnection.clearWarnings(DelegatingConnection.java:331)
2. Connection.clearWarnings() returned 
[2022-06-24 15:18:16.503] INFO  Log4j2SpyLogDelegator.methodReturned(Log4j2SpyLogDelegator.java:197) -  org.apache.commons.dbcp.DelegatingConnection.getAutoCommit(DelegatingConnection.java:337)
2. Connection.getAutoCommit() returned true
[2022-06-24 15:18:16.503] DEBUG BoardDaoImpl.doSelectOne(BoardDaoImpl.java:112) - outVO:BoardVO [seq=22, title=제목_22_U, contents=내용_22_U, readCnt=0, div=20, regDt=2022-06-24 15:18:16, regId=이은빈, modDt=2022-06-24 15:18:16, modId=이은빈_U, toString()=DTO [num=0, totalCnt=0]]
[2022-06-24 15:18:16.503] DEBUG DefaultCacheAwareContextLoaderDelegate.loadContext(DefaultCacheAwareContextLoaderDelegate.java:137) - Retrieved ApplicationContext [1212772528] from cache with key [[MergedContextConfiguration@1f59a598 testClass = JunitBoardDaoTest, locations = '{file:src/main/webapp/WEB-INF/spring/root-context.xml, file:src/main/webapp/WEB-INF/spring/appServlet/servlet-context.xml}', classes = '{}', contextInitializerClasses = '[]', activeProfiles = '{}', propertySourceLocations = '{}', propertySourceProperties = '{}', contextCustomizers = set[[empty]], contextLoader = 'org.springframework.test.context.support.DelegatingSmartContextLoader', parent = [null]]]
[2022-06-24 15:18:16.504] DEBUG DefaultContextCache.logStatistics(DefaultContextCache.java:290) - Spring test ApplicationContext cache statistics: [DefaultContextCache@7c8326a4 size = 1, maxSize = 32, parentContextCount = 0, hitCount = 10, missCount = 1]
[2022-06-24 15:18:16.504] DEBUG DefaultCacheAwareContextLoaderDelegate.loadContext(DefaultCacheAwareContextLoaderDelegate.java:137) - Retrieved ApplicationContext [1212772528] from cache with key [[MergedContextConfiguration@1f59a598 testClass = JunitBoardDaoTest, locations = '{file:src/main/webapp/WEB-INF/spring/root-context.xml, file:src/main/webapp/WEB-INF/spring/appServlet/servlet-context.xml}', classes = '{}', contextInitializerClasses = '[]', activeProfiles = '{}', propertySourceLocations = '{}', propertySourceProperties = '{}', contextCustomizers = set[[empty]], contextLoader = 'org.springframework.test.context.support.DelegatingSmartContextLoader', parent = [null]]]
[2022-06-24 15:18:16.504] DEBUG DefaultContextCache.logStatistics(DefaultContextCache.java:290) - Spring test ApplicationContext cache statistics: [DefaultContextCache@7c8326a4 size = 1, maxSize = 32, parentContextCount = 0, hitCount = 11, missCount = 1]
[2022-06-24 15:18:16.505] DEBUG AbstractDirtiesContextTestExecutionListener.beforeOrAfterTestMethod(AbstractDirtiesContextTestExecutionListener.java:108) - After test method: context [DefaultTestContext@7ee8290b testClass = JunitBoardDaoTest, testInstance = com.pcwk.ehr.board.JunitBoardDaoTest@6fd12c5, testMethod = doUpdate@JunitBoardDaoTest, testException = [null], mergedContextConfiguration = [MergedContextConfiguration@1f59a598 testClass = JunitBoardDaoTest, locations = '{file:src/main/webapp/WEB-INF/spring/root-context.xml, file:src/main/webapp/WEB-INF/spring/appServlet/servlet-context.xml}', classes = '{}', contextInitializerClasses = '[]', activeProfiles = '{}', propertySourceLocations = '{}', propertySourceProperties = '{}', contextCustomizers = set[[empty]], contextLoader = 'org.springframework.test.context.support.DelegatingSmartContextLoader', parent = [null]], attributes = map['org.springframework.test.context.event.ApplicationEventsTestExecutionListener.recordApplicationEvents' -> false]], class annotated with @DirtiesContext [false] with mode [null], method annotated with @DirtiesContext [false] with mode [null].
[2022-06-24 15:18:16.505] DEBUG DefaultCacheAwareContextLoaderDelegate.loadContext(DefaultCacheAwareContextLoaderDelegate.java:137) - Retrieved ApplicationContext [1212772528] from cache with key [[MergedContextConfiguration@1f59a598 testClass = JunitBoardDaoTest, locations = '{file:src/main/webapp/WEB-INF/spring/root-context.xml, file:src/main/webapp/WEB-INF/spring/appServlet/servlet-context.xml}', classes = '{}', contextInitializerClasses = '[]', activeProfiles = '{}', propertySourceLocations = '{}', propertySourceProperties = '{}', contextCustomizers = set[[empty]], contextLoader = 'org.springframework.test.context.support.DelegatingSmartContextLoader', parent = [null]]]
[2022-06-24 15:18:16.505] DEBUG DefaultContextCache.logStatistics(DefaultContextCache.java:290) - Spring test ApplicationContext cache statistics: [DefaultContextCache@7c8326a4 size = 1, maxSize = 32, parentContextCount = 0, hitCount = 12, missCount = 1]
[2022-06-24 15:18:16.505] DEBUG AbstractDirtiesContextTestExecutionListener.beforeOrAfterTestClass(AbstractDirtiesContextTestExecutionListener.java:143) - After test class: context [DefaultTestContext@7ee8290b testClass = JunitBoardDaoTest, testInstance = [null], testMethod = [null], testException = [null], mergedContextConfiguration = [MergedContextConfiguration@1f59a598 testClass = JunitBoardDaoTest, locations = '{file:src/main/webapp/WEB-INF/spring/root-context.xml, file:src/main/webapp/WEB-INF/spring/appServlet/servlet-context.xml}', classes = '{}', contextInitializerClasses = '[]', activeProfiles = '{}', propertySourceLocations = '{}', propertySourceProperties = '{}', contextCustomizers = set[[empty]], contextLoader = 'org.springframework.test.context.support.DelegatingSmartContextLoader', parent = [null]], attributes = map['org.springframework.test.context.event.ApplicationEventsTestExecutionListener.recordApplicationEvents' -> false]], class annotated with @DirtiesContext [false] with mode [null].
[2022-06-24 15:18:16.508] DEBUG AbstractApplicationContext.doClose(AbstractApplicationContext.java:1049) - Closing org.springframework.context.support.GenericApplicationContext@484970b0, started on Fri Jun 24 15:18:13 KST 2022
[2022-06-24 15:18:16.518] INFO  Log4j2SpyLogDelegator.connectionModified(Log4j2SpyLogDelegator.java:365) -  org.apache.commons.dbcp.DelegatingConnection.close(DelegatingConnection.java:247)
2. Connection closed. {executed in 9ms} 
open connections:  none
[2022-06-24 15:18:16.518] INFO  Log4j2SpyLogDelegator.methodReturned(Log4j2SpyLogDelegator.java:197) -  org.apache.commons.dbcp.DelegatingConnection.close(DelegatingConnection.java:247)
2. Connection.close() returned 
