[2022-06-29 11:03:49.931] DEBUG NaverBlogSearch.main(NaverBlogSearch.java:18) - =================================
[2022-06-29 11:03:51.365] DEBUG NaverBlogSearch.main(NaverBlogSearch.java:33) - responseCode : 200
[2022-06-29 11:03:59.707] DEBUG NaverBlogSearch.main(NaverBlogSearch.java:18) - =================================
[2022-06-29 11:04:00.036] DEBUG NaverBlogSearch.main(NaverBlogSearch.java:18) - =================================
[2022-06-29 11:04:02.439] DEBUG NaverBlogSearch.main(NaverBlogSearch.java:33) - responseCode : 200
[2022-06-29 11:04:02.517] DEBUG NaverBlogSearch.main(NaverBlogSearch.java:33) - responseCode : 200
[2022-06-29 11:04:02.593] DEBUG NaverBlogSearch.main(NaverBlogSearch.java:18) - =================================
[2022-06-29 11:04:03.770] DEBUG NaverBlogSearch.main(NaverBlogSearch.java:33) - responseCode : 200
[2022-06-29 11:07:24.793] DEBUG NaverBlogSearch.main(NaverBlogSearch.java:20) - =================================
[2022-06-29 11:07:25.951] DEBUG NaverBlogSearch.main(NaverBlogSearch.java:35) - responseCode : 200
[2022-06-29 11:07:25.953] DEBUG NaverBlogSearch.main(NaverBlogSearch.java:47) - {
[2022-06-29 11:07:25.953] DEBUG NaverBlogSearch.main(NaverBlogSearch.java:47) - 	"lastBuildDate":"Wed, 29 Jun 2022 11:07:25 +0900",
[2022-06-29 11:07:25.954] DEBUG NaverBlogSearch.main(NaverBlogSearch.java:47) - 	"total":1650257,
[2022-06-29 11:07:25.954] DEBUG NaverBlogSearch.main(NaverBlogSearch.java:47) - 	"start":1,
[2022-06-29 11:07:25.954] DEBUG NaverBlogSearch.main(NaverBlogSearch.java:47) - 	"display":10,
[2022-06-29 11:07:25.954] DEBUG NaverBlogSearch.main(NaverBlogSearch.java:47) - 	"items":[
[2022-06-29 11:07:25.954] DEBUG NaverBlogSearch.main(NaverBlogSearch.java:47) - 		{
[2022-06-29 11:07:25.954] DEBUG NaverBlogSearch.main(NaverBlogSearch.java:47) - 			"title":"취향저격인 <b>신촌<\/b> 술집",
[2022-06-29 11:07:25.954] DEBUG NaverBlogSearch.main(NaverBlogSearch.java:47) - 			"link":"https:\/\/blog.naver.com\/luu1026?Redirect=Log&logNo=222788296464",
[2022-06-29 11:07:25.955] DEBUG NaverBlogSearch.main(NaverBlogSearch.java:47) - 			"description":"지난 주에 지인들과 <b>신촌<\/b>으로 쇼핑을 갔다가 술생각이나서 미리 찾아본 <b>신촌<\/b> 술집에 다녀왔어요. 다양한 종류의 세계맥주들을 취향에 맞게 골라 마실 수 있고, 고퀄리티의 안주까지 너무나 만족했던 곳이라... ",
[2022-06-29 11:07:25.955] DEBUG NaverBlogSearch.main(NaverBlogSearch.java:47) - 			"bloggername":"클릭",
[2022-06-29 11:07:25.955] DEBUG NaverBlogSearch.main(NaverBlogSearch.java:47) - 			"bloggerlink":"https:\/\/blog.naver.com\/luu1026",
[2022-06-29 11:07:25.955] DEBUG NaverBlogSearch.main(NaverBlogSearch.java:47) - 			"postdate":"20220625"
[2022-06-29 11:07:25.956] DEBUG NaverBlogSearch.main(NaverBlogSearch.java:47) - 		},
[2022-06-29 11:07:25.956] DEBUG NaverBlogSearch.main(NaverBlogSearch.java:47) - 		{
[2022-06-29 11:07:25.956] DEBUG NaverBlogSearch.main(NaverBlogSearch.java:47) - 			"title":"<b>신촌<\/b>호반써밋 아파트 모집소식",
[2022-06-29 11:07:25.956] DEBUG NaverBlogSearch.main(NaverBlogSearch.java:47) - 			"link":"https:\/\/blog.naver.com\/iopiop_123?Redirect=Log&logNo=222784459571",
[2022-06-29 11:07:25.956] DEBUG NaverBlogSearch.main(NaverBlogSearch.java:47) - 			"description":"<b>신촌<\/b>호반써밋 아파트 모집소식 서울 내에서도 마용성은 앞으로 투자가치가 뛰어나 많은 사람들이... <b>신촌<\/b>호반써밋 역시 마용성에 해당하는 입지로 더욱 기대가 높은데요. 이번에 모집소식을 알리며 이목이... ",
[2022-06-29 11:07:25.957] DEBUG NaverBlogSearch.main(NaverBlogSearch.java:47) - 			"bloggername":"올바른 집구경",
[2022-06-29 11:07:25.957] DEBUG NaverBlogSearch.main(NaverBlogSearch.java:47) - 			"bloggerlink":"https:\/\/blog.naver.com\/iopiop_123",
[2022-06-29 11:07:25.957] DEBUG NaverBlogSearch.main(NaverBlogSearch.java:47) - 			"postdate":"20220622"
[2022-06-29 11:07:25.961] DEBUG NaverBlogSearch.main(NaverBlogSearch.java:47) - 		},
[2022-06-29 11:07:25.961] DEBUG NaverBlogSearch.main(NaverBlogSearch.java:47) - 		{
[2022-06-29 11:07:25.961] DEBUG NaverBlogSearch.main(NaverBlogSearch.java:47) - 			"title":"<b>신촌<\/b> 호반써밋 아파트 모집 정보",
[2022-06-29 11:07:25.962] DEBUG NaverBlogSearch.main(NaverBlogSearch.java:47) - 			"link":"https:\/\/blog.naver.com\/dotori0431?Redirect=Log&logNo=222734531714",
[2022-06-29 11:07:25.962] DEBUG NaverBlogSearch.main(NaverBlogSearch.java:47) - 			"description":"<b>신촌<\/b> 호반써밋 아파트 모집 정보 반갑습니다! 안정적인 라이프를 영위하기 위해서 필요한 것이 있다면... 불안정한 경제 상황 속에서 경제적인 공급 가격으로 내 집 마련을 할 수 있는 <b>신촌<\/b> 호반써밋 아파트에... ",
[2022-06-29 11:07:25.962] DEBUG NaverBlogSearch.main(NaverBlogSearch.java:47) - 			"bloggername":"재개발 재건축 정보나눔",
[2022-06-29 11:07:25.962] DEBUG NaverBlogSearch.main(NaverBlogSearch.java:47) - 			"bloggerlink":"https:\/\/blog.naver.com\/dotori0431",
[2022-06-29 11:07:25.962] DEBUG NaverBlogSearch.main(NaverBlogSearch.java:47) - 			"postdate":"20220516"
[2022-06-29 11:07:25.962] DEBUG NaverBlogSearch.main(NaverBlogSearch.java:47) - 		},
[2022-06-29 11:07:25.962] DEBUG NaverBlogSearch.main(NaverBlogSearch.java:47) - 		{
[2022-06-29 11:07:25.963] DEBUG NaverBlogSearch.main(NaverBlogSearch.java:47) - 			"title":"[초급매] <b>신촌<\/b>재개발구역 조합원매물",
[2022-06-29 11:07:25.963] DEBUG NaverBlogSearch.main(NaverBlogSearch.java:47) - 			"link":"https:\/\/blog.naver.com\/junggae2013?Redirect=Log&logNo=222781210606",
[2022-06-29 11:07:25.963] DEBUG NaverBlogSearch.main(NaverBlogSearch.java:47) - 			"description":"<b>신촌<\/b> 재개발구역 조합원매물 매매가 25500만 전세가 7500만 실투자금 18000만 공동주택가격 21년 8730만... 15일 구역 내 성결교회에서 <b>신촌<\/b>구역 조합설립총회 설개개요 중 뉴스테이안은 가능성이 낮아보이고... ",
[2022-06-29 11:07:25.963] DEBUG NaverBlogSearch.main(NaverBlogSearch.java:47) - 			"bloggername":"힐타운부동산 032)472-6600",
[2022-06-29 11:07:25.963] DEBUG NaverBlogSearch.main(NaverBlogSearch.java:47) - 			"bloggerlink":"https:\/\/blog.naver.com\/junggae2013",
[2022-06-29 11:07:25.963] DEBUG NaverBlogSearch.main(NaverBlogSearch.java:47) - 			"postdate":"20220620"
[2022-06-29 11:07:25.963] DEBUG NaverBlogSearch.main(NaverBlogSearch.java:47) - 		},
[2022-06-29 11:07:25.963] DEBUG NaverBlogSearch.main(NaverBlogSearch.java:47) - 		{
[2022-06-29 11:07:25.964] DEBUG NaverBlogSearch.main(NaverBlogSearch.java:47) - 			"title":"<b>신촌<\/b> 호반써밋 아파트 공급소식",
[2022-06-29 11:07:25.964] DEBUG NaverBlogSearch.main(NaverBlogSearch.java:47) - 			"link":"https:\/\/blog.naver.com\/meirand?Redirect=Log&logNo=222775140251",
[2022-06-29 11:07:25.964] DEBUG NaverBlogSearch.main(NaverBlogSearch.java:47) - 			"description":"<b>신촌<\/b> 호반써밋 아파트 공급소식 금리 인상과 더불어 경제물가가 높아지고 있지만 오히려 현 시기에는... 이번 <b>신촌<\/b> 호반써밋 공급 소식을 알리며 이목이 집중되고 있습니다. 당 프로젝트는 마포구 염리동에... ",
[2022-06-29 11:07:25.964] DEBUG NaverBlogSearch.main(NaverBlogSearch.java:47) - 			"bloggername":"꿀벌 집구경",
[2022-06-29 11:07:25.964] DEBUG NaverBlogSearch.main(NaverBlogSearch.java:47) - 			"bloggerlink":"https:\/\/blog.naver.com\/meirand",
[2022-06-29 11:07:25.964] DEBUG NaverBlogSearch.main(NaverBlogSearch.java:47) - 			"postdate":"20220616"
[2022-06-29 11:07:25.964] DEBUG NaverBlogSearch.main(NaverBlogSearch.java:47) - 		},
[2022-06-29 11:07:25.965] DEBUG NaverBlogSearch.main(NaverBlogSearch.java:47) - 		{
[2022-06-29 11:07:25.965] DEBUG NaverBlogSearch.main(NaverBlogSearch.java:47) - 			"title":"<b>신촌<\/b> 호반써밋 아파트 공급절차",
[2022-06-29 11:07:25.965] DEBUG NaverBlogSearch.main(NaverBlogSearch.java:47) - 			"link":"https:\/\/blog.naver.com\/runekirby777?Redirect=Log&logNo=222754912871",
[2022-06-29 11:07:25.965] DEBUG NaverBlogSearch.main(NaverBlogSearch.java:47) - 			"description":"<b>신촌<\/b> 호반써밋 아파트 공급절차 부동산 규제 정책은 관련 시장에 영향을 줄 수밖에 없습니다. 인구가... 이번에 마포구 염리동 일대의 아현 뉴타운개발지역 내 <b>신촌<\/b> 호반써밋에서 모집하는 소식 전해 드리고자... ",
[2022-06-29 11:07:25.965] DEBUG NaverBlogSearch.main(NaverBlogSearch.java:47) - 			"bloggername":"부동산 메타버스",
[2022-06-29 11:07:25.966] DEBUG NaverBlogSearch.main(NaverBlogSearch.java:47) - 			"bloggerlink":"https:\/\/blog.naver.com\/runekirby777",
[2022-06-29 11:07:25.966] DEBUG NaverBlogSearch.main(NaverBlogSearch.java:47) - 			"postdate":"20220601"
[2022-06-29 11:07:25.966] DEBUG NaverBlogSearch.main(NaverBlogSearch.java:47) - 		},
[2022-06-29 11:07:25.966] DEBUG NaverBlogSearch.main(NaverBlogSearch.java:47) - 		{
[2022-06-29 11:07:25.966] DEBUG NaverBlogSearch.main(NaverBlogSearch.java:47) - 			"title":"<b>신촌<\/b> 호반써밋 아파트 공급 정보",
[2022-06-29 11:07:25.966] DEBUG NaverBlogSearch.main(NaverBlogSearch.java:47) - 			"link":"https:\/\/blog.naver.com\/wook8475?Redirect=Log&logNo=222765011842",
[2022-06-29 11:07:25.967] DEBUG NaverBlogSearch.main(NaverBlogSearch.java:47) - 			"description":"<b>신촌<\/b> 호반써밋 아파트 공급 정보 마포구는 현재 용산, 성동과 함께 서울에서 손꼽히는 지역입니다.... 그 중 2호선 이대역과 인접해 높은 기대감을 얻고 있는 <b>신촌<\/b> 호반써밋의 공급정보를 자세히... ",
[2022-06-29 11:07:25.967] DEBUG NaverBlogSearch.main(NaverBlogSearch.java:47) - 			"bloggername":"그레이트 부동산 연구소",
[2022-06-29 11:07:25.967] DEBUG NaverBlogSearch.main(NaverBlogSearch.java:47) - 			"bloggerlink":"https:\/\/blog.naver.com\/wook8475",
[2022-06-29 11:07:25.967] DEBUG NaverBlogSearch.main(NaverBlogSearch.java:47) - 			"postdate":"20220608"
[2022-06-29 11:07:25.967] DEBUG NaverBlogSearch.main(NaverBlogSearch.java:47) - 		},
[2022-06-29 11:07:25.968] DEBUG NaverBlogSearch.main(NaverBlogSearch.java:47) - 		{
[2022-06-29 11:07:25.968] DEBUG NaverBlogSearch.main(NaverBlogSearch.java:47) - 			"title":"<b>신촌<\/b> 호반써밋 이대 아파트 공급안내",
[2022-06-29 11:07:25.968] DEBUG NaverBlogSearch.main(NaverBlogSearch.java:47) - 			"link":"https:\/\/blog.naver.com\/auction4000?Redirect=Log&logNo=222759682954",
[2022-06-29 11:07:25.968] DEBUG NaverBlogSearch.main(NaverBlogSearch.java:47) - 			"description":"오늘 살펴볼 <b>신촌<\/b> 호반써밋은 이러한 지역주택조합 공동주택 신축사업으로 추진되는 곳으로 특화... <b>신촌<\/b> 호반써밋 단지 모습을 살펴보면 앞서 조감도에서도 볼 수 있듯이 남측으로 18m 도로, 서측으로 15m... ",
[2022-06-29 11:07:25.968] DEBUG NaverBlogSearch.main(NaverBlogSearch.java:47) - 			"bloggername":"생생옥션",
[2022-06-29 11:07:25.968] DEBUG NaverBlogSearch.main(NaverBlogSearch.java:47) - 			"bloggerlink":"https:\/\/blog.naver.com\/auction4000",
[2022-06-29 11:07:25.968] DEBUG NaverBlogSearch.main(NaverBlogSearch.java:47) - 			"postdate":"20220604"
[2022-06-29 11:07:25.969] DEBUG NaverBlogSearch.main(NaverBlogSearch.java:47) - 		},
[2022-06-29 11:07:25.969] DEBUG NaverBlogSearch.main(NaverBlogSearch.java:47) - 		{
[2022-06-29 11:07:25.969] DEBUG NaverBlogSearch.main(NaverBlogSearch.java:47) - 			"title":"또 생각나는 <b>신촌<\/b> 삼겹살 제주돈1848",
[2022-06-29 11:07:25.969] DEBUG NaverBlogSearch.main(NaverBlogSearch.java:47) - 			"link":"https:\/\/blog.naver.com\/sia855?Redirect=Log&logNo=222791334534",
[2022-06-29 11:07:25.969] DEBUG NaverBlogSearch.main(NaverBlogSearch.java:47) - 			"description":"날이 갈수록 허해져가는 몸이 걱정스러워서 찾아가봤던 <b>신촌<\/b> 삼겹살 전문점에서 맛좋은 고기로 입맛도... 찾아가보았던 <b>신촌<\/b> 삼겹살로 유명한 제주돈 1848이죠. <b>신촌<\/b>역에서부터 걸어서 5분정도만 가면 만나볼 수... ",
[2022-06-29 11:07:25.969] DEBUG NaverBlogSearch.main(NaverBlogSearch.java:47) - 			"bloggername":"행복한 시야의 블로그",
[2022-06-29 11:07:25.969] DEBUG NaverBlogSearch.main(NaverBlogSearch.java:47) - 			"bloggerlink":"https:\/\/blog.naver.com\/sia855",
[2022-06-29 11:07:25.970] DEBUG NaverBlogSearch.main(NaverBlogSearch.java:47) - 			"postdate":"20220627"
[2022-06-29 11:07:25.970] DEBUG NaverBlogSearch.main(NaverBlogSearch.java:47) - 		},
[2022-06-29 11:07:25.970] DEBUG NaverBlogSearch.main(NaverBlogSearch.java:47) - 		{
[2022-06-29 11:07:25.970] DEBUG NaverBlogSearch.main(NaverBlogSearch.java:47) - 			"title":"<b>신촌<\/b> 호반써밋 염리동 공급 정보",
[2022-06-29 11:07:25.970] DEBUG NaverBlogSearch.main(NaverBlogSearch.java:47) - 			"link":"https:\/\/blog.naver.com\/namimi73?Redirect=Log&logNo=222760061069",
[2022-06-29 11:07:25.970] DEBUG NaverBlogSearch.main(NaverBlogSearch.java:47) - 			"description":"<b>신촌<\/b> 호반써밋 염리동 공급 정보 서울에서도 마포는 용산, 성동과 함께 최근 급부상한 곳인데요... 예정된 <b>신촌<\/b> 호반써밋의 기대감이 높아지고 있습니다. 서울시 마포구 염리동 일원에 기존에... ",
[2022-06-29 11:07:25.971] DEBUG NaverBlogSearch.main(NaverBlogSearch.java:47) - 			"bloggername":"빅토리 부동산 소식",
[2022-06-29 11:07:25.971] DEBUG NaverBlogSearch.main(NaverBlogSearch.java:47) - 			"bloggerlink":"https:\/\/blog.naver.com\/namimi73",
[2022-06-29 11:07:25.971] DEBUG NaverBlogSearch.main(NaverBlogSearch.java:47) - 			"postdate":"20220605"
[2022-06-29 11:07:25.971] DEBUG NaverBlogSearch.main(NaverBlogSearch.java:47) - 		}
[2022-06-29 11:07:25.971] DEBUG NaverBlogSearch.main(NaverBlogSearch.java:47) - 	]
[2022-06-29 11:07:25.971] DEBUG NaverBlogSearch.main(NaverBlogSearch.java:47) - }
[2022-06-29 11:20:44.416] DEBUG NaverBlogSearch.main(NaverBlogSearch.java:20) - =================================
[2022-06-29 11:20:45.640] DEBUG NaverBlogSearch.main(NaverBlogSearch.java:35) - responseCode : 200
[2022-06-29 11:20:45.642] DEBUG NaverBlogSearch.main(NaverBlogSearch.java:49) - <?xml version="1.0" encoding="UTF-8"?><rss version="2.0"><channel><title>Naver Open API - blog ::&apos;신촌&apos;</title><link>https://search.naver.com</link><description>Naver Search Result</description><lastBuildDate>Wed, 29 Jun 2022 11:20:44 +0900</lastBuildDate><total>1650359</total><start>1</start><display>10</display><item><title>취향저격인 &lt;b&gt;신촌&lt;/b&gt; 술집</title><link>https://blog.naver.com/luu1026?Redirect=Log&amp;logNo=222788296464</link><description>지난 주에 지인들과 &lt;b&gt;신촌&lt;/b&gt;으로 쇼핑을 갔다가 술생각이나서 미리 찾아본 &lt;b&gt;신촌&lt;/b&gt; 술집에 다녀왔어요. 다양한 종류의 세계맥주들을 취향에 맞게 골라 마실 수 있고, 고퀄리티의 안주까지 너무나 만족했던 곳이라... </description><bloggername>클릭</bloggername><bloggerlink>https://blog.naver.com/luu1026</bloggerlink><postdate>20220625</postdate></item><item><title>&lt;b&gt;신촌&lt;/b&gt;호반써밋 아파트 모집소식</title><link>https://blog.naver.com/iopiop_123?Redirect=Log&amp;logNo=222784459571</link><description>&lt;b&gt;신촌&lt;/b&gt;호반써밋 아파트 모집소식 서울 내에서도 마용성은 앞으로 투자가치가 뛰어나 많은 사람들이... &lt;b&gt;신촌&lt;/b&gt;호반써밋 역시 마용성에 해당하는 입지로 더욱 기대가 높은데요. 이번에 모집소식을 알리며 이목이... </description><bloggername>올바른 집구경</bloggername><bloggerlink>https://blog.naver.com/iopiop_123</bloggerlink><postdate>20220622</postdate></item><item><title>&lt;b&gt;신촌&lt;/b&gt; 호반써밋 아파트 모집 정보</title><link>https://blog.naver.com/dotori0431?Redirect=Log&amp;logNo=222734531714</link><description>&lt;b&gt;신촌&lt;/b&gt; 호반써밋 아파트 모집 정보 반갑습니다! 안정적인 라이프를 영위하기 위해서 필요한 것이 있다면... 불안정한 경제 상황 속에서 경제적인 공급 가격으로 내 집 마련을 할 수 있는 &lt;b&gt;신촌&lt;/b&gt; 호반써밋 아파트에... </description><bloggername>재개발 재건축 정보나눔</bloggername><bloggerlink>https://blog.naver.com/dotori0431</bloggerlink><postdate>20220516</postdate></item><item><title>[초급매] &lt;b&gt;신촌&lt;/b&gt;재개발구역 조합원매물</title><link>https://blog.naver.com/junggae2013?Redirect=Log&amp;logNo=222781210606</link><description>&lt;b&gt;신촌&lt;/b&gt; 재개발구역 조합원매물 매매가 25500만 전세가 7500만 실투자금 18000만 공동주택가격 21년 8730만... 15일 구역 내 성결교회에서 &lt;b&gt;신촌&lt;/b&gt;구역 조합설립총회 설개개요 중 뉴스테이안은 가능성이 낮아보이고... </description><bloggername>힐타운부동산 032)472-6600</bloggername><bloggerlink>https://blog.naver.com/junggae2013</bloggerlink><postdate>20220620</postdate></item><item><title>&lt;b&gt;신촌&lt;/b&gt; 호반써밋 아파트 공급소식</title><link>https://blog.naver.com/meirand?Redirect=Log&amp;logNo=222775140251</link><description>&lt;b&gt;신촌&lt;/b&gt; 호반써밋 아파트 공급소식 금리 인상과 더불어 경제물가가 높아지고 있지만 오히려 현 시기에는... 이번 &lt;b&gt;신촌&lt;/b&gt; 호반써밋 공급 소식을 알리며 이목이 집중되고 있습니다. 당 프로젝트는 마포구 염리동에... </description><bloggername>꿀벌 집구경</bloggername><bloggerlink>https://blog.naver.com/meirand</bloggerlink><postdate>20220616</postdate></item><item><title>&lt;b&gt;신촌&lt;/b&gt; 호반써밋 아파트 공급절차</title><link>https://blog.naver.com/runekirby777?Redirect=Log&amp;logNo=222754912871</link><description>&lt;b&gt;신촌&lt;/b&gt; 호반써밋 아파트 공급절차 부동산 규제 정책은 관련 시장에 영향을 줄 수밖에 없습니다. 인구가... 이번에 마포구 염리동 일대의 아현 뉴타운개발지역 내 &lt;b&gt;신촌&lt;/b&gt; 호반써밋에서 모집하는 소식 전해 드리고자... </description><bloggername>부동산 메타버스</bloggername><bloggerlink>https://blog.naver.com/runekirby777</bloggerlink><postdate>20220601</postdate></item><item><title>&lt;b&gt;신촌&lt;/b&gt; 호반써밋 아파트 공급 정보</title><link>https://blog.naver.com/wook8475?Redirect=Log&amp;logNo=222765011842</link><description>&lt;b&gt;신촌&lt;/b&gt; 호반써밋 아파트 공급 정보 마포구는 현재 용산, 성동과 함께 서울에서 손꼽히는 지역입니다.... 그 중 2호선 이대역과 인접해 높은 기대감을 얻고 있는 &lt;b&gt;신촌&lt;/b&gt; 호반써밋의 공급정보를 자세히... </description><bloggername>그레이트 부동산 연구소</bloggername><bloggerlink>https://blog.naver.com/wook8475</bloggerlink><postdate>20220608</postdate></item><item><title>&lt;b&gt;신촌&lt;/b&gt; 호반써밋 이대 아파트 공급안내</title><link>https://blog.naver.com/auction4000?Redirect=Log&amp;logNo=222759682954</link><description>오늘 살펴볼 &lt;b&gt;신촌&lt;/b&gt; 호반써밋은 이러한 지역주택조합 공동주택 신축사업으로 추진되는 곳으로 특화... &lt;b&gt;신촌&lt;/b&gt; 호반써밋 단지 모습을 살펴보면 앞서 조감도에서도 볼 수 있듯이 남측으로 18m 도로, 서측으로 15m... </description><bloggername>생생옥션</bloggername><bloggerlink>https://blog.naver.com/auction4000</bloggerlink><postdate>20220604</postdate></item><item><title>또 생각나는 &lt;b&gt;신촌&lt;/b&gt; 삼겹살 제주돈1848</title><link>https://blog.naver.com/sia855?Redirect=Log&amp;logNo=222791334534</link><description>날이 갈수록 허해져가는 몸이 걱정스러워서 찾아가봤던 &lt;b&gt;신촌&lt;/b&gt; 삼겹살 전문점에서 맛좋은 고기로 입맛도... 찾아가보았던 &lt;b&gt;신촌&lt;/b&gt; 삼겹살로 유명한 제주돈 1848이죠. &lt;b&gt;신촌&lt;/b&gt;역에서부터 걸어서 5분정도만 가면 만나볼 수... </description><bloggername>행복한 시야의 블로그</bloggername><bloggerlink>https://blog.naver.com/sia855</bloggerlink><postdate>20220627</postdate></item><item><title>&lt;b&gt;신촌&lt;/b&gt; 호반써밋 염리동 공급 정보</title><link>https://blog.naver.com/namimi73?Redirect=Log&amp;logNo=222760061069</link><description>&lt;b&gt;신촌&lt;/b&gt; 호반써밋 염리동 공급 정보 서울에서도 마포는 용산, 성동과 함께 최근 급부상한 곳인데요... 예정된 &lt;b&gt;신촌&lt;/b&gt; 호반써밋의 기대감이 높아지고 있습니다. 서울시 마포구 염리동 일원에 기존에... </description><bloggername>빅토리 부동산 소식</bloggername><bloggerlink>https://blog.naver.com/namimi73</bloggerlink><postdate>20220605</postdate></item></channel></rss>
[2022-06-29 11:25:19.957] DEBUG NaverBlogSearch.main(NaverBlogSearch.java:24) - =================================
[2022-06-29 11:25:21.291] DEBUG NaverBlogSearch.main(NaverBlogSearch.java:39) - responseCode : 200
[2022-06-29 11:25:21.350] DEBUG NaverBlogSearch.main(NaverBlogSearch.java:63) - item [title=취향저격인 <b>신촌</b> 술집, link=https://blog.naver.com/luu1026?Redirect=Log&logNo=222788296464, description=지난 주에 지인들과 <b>신촌</b>으로 쇼핑을 갔다가 술생각이나서 미리 찾아본 <b>신촌</b> 술집에 다녀왔어요. 다양한 종류의 세계맥주들을 취향에 맞게 골라 마실 수 있고, 고퀄리티의 안주까지 너무나 만족했던 곳이라... , bloggerName=null, bloggerLink=null, postDate=null, toString()=DTO [num=0, totalCnt=0]]
[2022-06-29 11:25:21.351] DEBUG NaverBlogSearch.main(NaverBlogSearch.java:63) - item [title=<b>신촌</b>호반써밋 아파트 모집소식, link=https://blog.naver.com/iopiop_123?Redirect=Log&logNo=222784459571, description=<b>신촌</b>호반써밋 아파트 모집소식 서울 내에서도 마용성은 앞으로 투자가치가 뛰어나 많은 사람들이... <b>신촌</b>호반써밋 역시 마용성에 해당하는 입지로 더욱 기대가 높은데요. 이번에 모집소식을 알리며 이목이... , bloggerName=null, bloggerLink=null, postDate=null, toString()=DTO [num=0, totalCnt=0]]
[2022-06-29 11:25:21.351] DEBUG NaverBlogSearch.main(NaverBlogSearch.java:63) - item [title=<b>신촌</b> 호반써밋 아파트 모집 정보, link=https://blog.naver.com/dotori0431?Redirect=Log&logNo=222734531714, description=<b>신촌</b> 호반써밋 아파트 모집 정보 반갑습니다! 안정적인 라이프를 영위하기 위해서 필요한 것이 있다면... 불안정한 경제 상황 속에서 경제적인 공급 가격으로 내 집 마련을 할 수 있는 <b>신촌</b> 호반써밋 아파트에... , bloggerName=null, bloggerLink=null, postDate=null, toString()=DTO [num=0, totalCnt=0]]
[2022-06-29 11:25:21.351] DEBUG NaverBlogSearch.main(NaverBlogSearch.java:63) - item [title=[초급매] <b>신촌</b>재개발구역 조합원매물, link=https://blog.naver.com/junggae2013?Redirect=Log&logNo=222781210606, description=<b>신촌</b> 재개발구역 조합원매물 매매가 25500만 전세가 7500만 실투자금 18000만 공동주택가격 21년 8730만... 15일 구역 내 성결교회에서 <b>신촌</b>구역 조합설립총회 설개개요 중 뉴스테이안은 가능성이 낮아보이고... , bloggerName=null, bloggerLink=null, postDate=null, toString()=DTO [num=0, totalCnt=0]]
[2022-06-29 11:25:21.351] DEBUG NaverBlogSearch.main(NaverBlogSearch.java:63) - item [title=<b>신촌</b> 호반써밋 아파트 공급소식, link=https://blog.naver.com/meirand?Redirect=Log&logNo=222775140251, description=<b>신촌</b> 호반써밋 아파트 공급소식 금리 인상과 더불어 경제물가가 높아지고 있지만 오히려 현 시기에는... 이번 <b>신촌</b> 호반써밋 공급 소식을 알리며 이목이 집중되고 있습니다. 당 프로젝트는 마포구 염리동에... , bloggerName=null, bloggerLink=null, postDate=null, toString()=DTO [num=0, totalCnt=0]]
[2022-06-29 11:25:21.352] DEBUG NaverBlogSearch.main(NaverBlogSearch.java:63) - item [title=<b>신촌</b> 호반써밋 아파트 공급절차, link=https://blog.naver.com/runekirby777?Redirect=Log&logNo=222754912871, description=<b>신촌</b> 호반써밋 아파트 공급절차 부동산 규제 정책은 관련 시장에 영향을 줄 수밖에 없습니다. 인구가... 이번에 마포구 염리동 일대의 아현 뉴타운개발지역 내 <b>신촌</b> 호반써밋에서 모집하는 소식 전해 드리고자... , bloggerName=null, bloggerLink=null, postDate=null, toString()=DTO [num=0, totalCnt=0]]
[2022-06-29 11:25:21.352] DEBUG NaverBlogSearch.main(NaverBlogSearch.java:63) - item [title=<b>신촌</b> 호반써밋 아파트 공급 정보, link=https://blog.naver.com/wook8475?Redirect=Log&logNo=222765011842, description=<b>신촌</b> 호반써밋 아파트 공급 정보 마포구는 현재 용산, 성동과 함께 서울에서 손꼽히는 지역입니다.... 그 중 2호선 이대역과 인접해 높은 기대감을 얻고 있는 <b>신촌</b> 호반써밋의 공급정보를 자세히... , bloggerName=null, bloggerLink=null, postDate=null, toString()=DTO [num=0, totalCnt=0]]
[2022-06-29 11:25:21.352] DEBUG NaverBlogSearch.main(NaverBlogSearch.java:63) - item [title=<b>신촌</b> 호반써밋 이대 아파트 공급안내, link=https://blog.naver.com/auction4000?Redirect=Log&logNo=222759682954, description=오늘 살펴볼 <b>신촌</b> 호반써밋은 이러한 지역주택조합 공동주택 신축사업으로 추진되는 곳으로 특화... <b>신촌</b> 호반써밋 단지 모습을 살펴보면 앞서 조감도에서도 볼 수 있듯이 남측으로 18m 도로, 서측으로 15m... , bloggerName=null, bloggerLink=null, postDate=null, toString()=DTO [num=0, totalCnt=0]]
[2022-06-29 11:25:21.352] DEBUG NaverBlogSearch.main(NaverBlogSearch.java:63) - item [title=또 생각나는 <b>신촌</b> 삼겹살 제주돈1848, link=https://blog.naver.com/sia855?Redirect=Log&logNo=222791334534, description=날이 갈수록 허해져가는 몸이 걱정스러워서 찾아가봤던 <b>신촌</b> 삼겹살 전문점에서 맛좋은 고기로 입맛도... 찾아가보았던 <b>신촌</b> 삼겹살로 유명한 제주돈 1848이죠. <b>신촌</b>역에서부터 걸어서 5분정도만 가면 만나볼 수... , bloggerName=null, bloggerLink=null, postDate=null, toString()=DTO [num=0, totalCnt=0]]
[2022-06-29 11:25:21.352] DEBUG NaverBlogSearch.main(NaverBlogSearch.java:63) - item [title=<b>신촌</b> 호반써밋 염리동 공급 정보, link=https://blog.naver.com/namimi73?Redirect=Log&logNo=222760061069, description=<b>신촌</b> 호반써밋 염리동 공급 정보 서울에서도 마포는 용산, 성동과 함께 최근 급부상한 곳인데요... 예정된 <b>신촌</b> 호반써밋의 기대감이 높아지고 있습니다. 서울시 마포구 염리동 일원에 기존에... , bloggerName=null, bloggerLink=null, postDate=null, toString()=DTO [num=0, totalCnt=0]]
[2022-06-30 21:00:35.513] DEBUG SpringJUnit4ClassRunner.<init>(SpringJUnit4ClassRunner.java:139) - SpringJUnit4ClassRunner constructor called with [class com.pcwk.ehr.JunitUserControllerTest]
[2022-06-30 21:00:35.519] DEBUG BootstrapUtils.createCacheAwareContextLoaderDelegate(BootstrapUtils.java:108) - Instantiating CacheAwareContextLoaderDelegate from class [org.springframework.test.context.cache.DefaultCacheAwareContextLoaderDelegate]
[2022-06-30 21:00:35.524] DEBUG BootstrapUtils.createBootstrapContext(BootstrapUtils.java:88) - Instantiating BootstrapContext using constructor [public org.springframework.test.context.support.DefaultBootstrapContext(java.lang.Class,org.springframework.test.context.CacheAwareContextLoaderDelegate)]
[2022-06-30 21:00:35.542] DEBUG BootstrapUtils.resolveTestContextBootstrapper(BootstrapUtils.java:143) - Instantiating TestContextBootstrapper for test class [com.pcwk.ehr.JunitUserControllerTest] from class [org.springframework.test.context.web.WebTestContextBootstrapper]
[2022-06-30 21:00:35.554] DEBUG AbstractDelegatingSmartContextLoader.delegateProcessing(AbstractDelegatingSmartContextLoader.java:263) - Delegating to GenericXmlWebContextLoader to process context configuration [ContextConfigurationAttributes@351d00c0 declaringClass = 'com.pcwk.ehr.JunitUserControllerTest', classes = '{}', locations = '{file:src/main/webapp/WEB-INF/spring/root-context.xml, file:src/main/webapp/WEB-INF/spring/appServlet/servlet-context.xml}', inheritLocations = true, initializers = '{}', inheritInitializers = true, name = [null], contextLoaderClass = 'org.springframework.test.context.ContextLoader'].
[2022-06-30 21:00:35.577] DEBUG ActiveProfilesUtils.resolveActiveProfiles(ActiveProfilesUtils.java:79) - Could not find an 'annotation declaring class' for annotation type [org.springframework.test.context.ActiveProfiles] and class [com.pcwk.ehr.JunitUserControllerTest]
[2022-06-30 21:00:35.577] DEBUG AbstractTestContextBootstrapper.getTestExecutionListeners(AbstractTestContextBootstrapper.java:124) - @TestExecutionListeners is not present for class [com.pcwk.ehr.JunitUserControllerTest]: using defaults.
[2022-06-30 21:00:35.578] INFO  AbstractTestContextBootstrapper.getDefaultTestExecutionListenerClassNames(AbstractTestContextBootstrapper.java:245) - Loaded default TestExecutionListener class names from location [META-INF/spring.factories]: [org.springframework.test.context.web.ServletTestExecutionListener, org.springframework.test.context.support.DirtiesContextBeforeModesTestExecutionListener, org.springframework.test.context.event.ApplicationEventsTestExecutionListener, org.springframework.test.context.support.DependencyInjectionTestExecutionListener, org.springframework.test.context.support.DirtiesContextTestExecutionListener, org.springframework.test.context.transaction.TransactionalTestExecutionListener, org.springframework.test.context.jdbc.SqlScriptsTestExecutionListener, org.springframework.test.context.event.EventPublishingTestExecutionListener]
[2022-06-30 21:00:35.586] INFO  AbstractTestContextBootstrapper.getTestExecutionListeners(AbstractTestContextBootstrapper.java:174) - Using TestExecutionListeners: [org.springframework.test.context.web.ServletTestExecutionListener@3d34d211, org.springframework.test.context.support.DirtiesContextBeforeModesTestExecutionListener@7dc0f706, org.springframework.test.context.event.ApplicationEventsTestExecutionListener@4009e306, org.springframework.test.context.support.DependencyInjectionTestExecutionListener@43c1b556, org.springframework.test.context.support.DirtiesContextTestExecutionListener@587e5365, org.springframework.test.context.transaction.TransactionalTestExecutionListener@22fcf7ab, org.springframework.test.context.jdbc.SqlScriptsTestExecutionListener@2de23121, org.springframework.test.context.event.EventPublishingTestExecutionListener@63475ace]
[2022-06-30 21:00:35.587] DEBUG ProfileValueUtils.retrieveProfileValueSource(ProfileValueUtils.java:70) - Retrieved @ProfileValueSourceConfiguration [null] for test class [com.pcwk.ehr.JunitUserControllerTest]
[2022-06-30 21:00:35.588] DEBUG ProfileValueUtils.retrieveProfileValueSource(ProfileValueUtils.java:83) - Retrieved ProfileValueSource type [class org.springframework.test.annotation.SystemProfileValueSource] for class [com.pcwk.ehr.JunitUserControllerTest]
[2022-06-30 21:00:35.589] DEBUG ProfileValueUtils.retrieveProfileValueSource(ProfileValueUtils.java:70) - Retrieved @ProfileValueSourceConfiguration [null] for test class [com.pcwk.ehr.JunitUserControllerTest]
[2022-06-30 21:00:35.589] DEBUG ProfileValueUtils.retrieveProfileValueSource(ProfileValueUtils.java:83) - Retrieved ProfileValueSource type [class org.springframework.test.annotation.SystemProfileValueSource] for class [com.pcwk.ehr.JunitUserControllerTest]
[2022-06-30 21:00:35.589] DEBUG ProfileValueUtils.retrieveProfileValueSource(ProfileValueUtils.java:70) - Retrieved @ProfileValueSourceConfiguration [null] for test class [com.pcwk.ehr.JunitUserControllerTest]
[2022-06-30 21:00:35.589] DEBUG ProfileValueUtils.retrieveProfileValueSource(ProfileValueUtils.java:83) - Retrieved ProfileValueSource type [class org.springframework.test.annotation.SystemProfileValueSource] for class [com.pcwk.ehr.JunitUserControllerTest]
[2022-06-30 21:00:35.597] DEBUG ProfileValueUtils.retrieveProfileValueSource(ProfileValueUtils.java:70) - Retrieved @ProfileValueSourceConfiguration [null] for test class [com.pcwk.ehr.JunitUserControllerTest]
[2022-06-30 21:00:35.597] DEBUG ProfileValueUtils.retrieveProfileValueSource(ProfileValueUtils.java:83) - Retrieved ProfileValueSource type [class org.springframework.test.annotation.SystemProfileValueSource] for class [com.pcwk.ehr.JunitUserControllerTest]
[2022-06-30 21:00:35.597] DEBUG ProfileValueUtils.retrieveProfileValueSource(ProfileValueUtils.java:70) - Retrieved @ProfileValueSourceConfiguration [null] for test class [com.pcwk.ehr.JunitUserControllerTest]
[2022-06-30 21:00:35.598] DEBUG ProfileValueUtils.retrieveProfileValueSource(ProfileValueUtils.java:83) - Retrieved ProfileValueSource type [class org.springframework.test.annotation.SystemProfileValueSource] for class [com.pcwk.ehr.JunitUserControllerTest]
[2022-06-30 21:00:35.598] DEBUG ProfileValueUtils.retrieveProfileValueSource(ProfileValueUtils.java:70) - Retrieved @ProfileValueSourceConfiguration [null] for test class [com.pcwk.ehr.JunitUserControllerTest]
[2022-06-30 21:00:35.598] DEBUG ProfileValueUtils.retrieveProfileValueSource(ProfileValueUtils.java:83) - Retrieved ProfileValueSource type [class org.springframework.test.annotation.SystemProfileValueSource] for class [com.pcwk.ehr.JunitUserControllerTest]
[2022-06-30 21:00:35.600] DEBUG AbstractDirtiesContextTestExecutionListener.beforeOrAfterTestClass(AbstractDirtiesContextTestExecutionListener.java:143) - Before test class: context [DefaultTestContext@6aaceffd testClass = JunitUserControllerTest, testInstance = [null], testMethod = [null], testException = [null], mergedContextConfiguration = [WebMergedContextConfiguration@c86b9e3 testClass = JunitUserControllerTest, locations = '{file:src/main/webapp/WEB-INF/spring/root-context.xml, file:src/main/webapp/WEB-INF/spring/appServlet/servlet-context.xml}', classes = '{}', contextInitializerClasses = '[]', activeProfiles = '{}', propertySourceLocations = '{}', propertySourceProperties = '{}', contextCustomizers = set[[empty]], resourceBasePath = 'src/main/webapp', contextLoader = 'org.springframework.test.context.web.WebDelegatingSmartContextLoader', parent = [null]], attributes = map[[empty]]], class annotated with @DirtiesContext [false] with mode [null].
[2022-06-30 21:00:35.603] DEBUG ProfileValueUtils.retrieveProfileValueSource(ProfileValueUtils.java:70) - Retrieved @ProfileValueSourceConfiguration [null] for test class [com.pcwk.ehr.JunitUserControllerTest]
[2022-06-30 21:00:35.603] DEBUG ProfileValueUtils.retrieveProfileValueSource(ProfileValueUtils.java:83) - Retrieved ProfileValueSource type [class org.springframework.test.annotation.SystemProfileValueSource] for class [com.pcwk.ehr.JunitUserControllerTest]
[2022-06-30 21:00:35.606] DEBUG AbstractDelegatingSmartContextLoader.delegateLoading(AbstractDelegatingSmartContextLoader.java:273) - Delegating to GenericXmlWebContextLoader to load context from [WebMergedContextConfiguration@c86b9e3 testClass = JunitUserControllerTest, locations = '{file:src/main/webapp/WEB-INF/spring/root-context.xml, file:src/main/webapp/WEB-INF/spring/appServlet/servlet-context.xml}', classes = '{}', contextInitializerClasses = '[]', activeProfiles = '{}', propertySourceLocations = '{}', propertySourceProperties = '{}', contextCustomizers = set[[empty]], resourceBasePath = 'src/main/webapp', contextLoader = 'org.springframework.test.context.web.WebDelegatingSmartContextLoader', parent = [null]].
[2022-06-30 21:00:35.606] DEBUG AbstractGenericWebContextLoader.loadContext(AbstractGenericWebContextLoader.java:111) - Loading WebApplicationContext for merged context configuration [WebMergedContextConfiguration@c86b9e3 testClass = JunitUserControllerTest, locations = '{file:src/main/webapp/WEB-INF/spring/root-context.xml, file:src/main/webapp/WEB-INF/spring/appServlet/servlet-context.xml}', classes = '{}', contextInitializerClasses = '[]', activeProfiles = '{}', propertySourceLocations = '{}', propertySourceProperties = '{}', contextCustomizers = set[[empty]], resourceBasePath = 'src/main/webapp', contextLoader = 'org.springframework.test.context.web.WebDelegatingSmartContextLoader', parent = [null]].
[2022-06-30 21:00:35.754] DEBUG XmlBeanDefinitionReader.doLoadBeanDefinitions(XmlBeanDefinitionReader.java:393) - Loaded 13 bean definitions from URL [file:src/main/webapp/WEB-INF/spring/root-context.xml]
[2022-06-30 21:00:35.840] DEBUG ClassPathScanningCandidateComponentProvider.scanCandidateComponents(ClassPathScanningCandidateComponentProvider.java:435) - Identified candidate component class: file [C:\DCOM_20220127\04_SPRING\workspace\SW_SH23\target\classes\com\pcwk\ehr\HomeController.class]
[2022-06-30 21:00:35.843] DEBUG ClassPathScanningCandidateComponentProvider.scanCandidateComponents(ClassPathScanningCandidateComponentProvider.java:435) - Identified candidate component class: file [C:\DCOM_20220127\04_SPRING\workspace\SW_SH23\target\classes\com\pcwk\ehr\board\controller\BoardController.class]
[2022-06-30 21:00:35.845] DEBUG ClassPathScanningCandidateComponentProvider.scanCandidateComponents(ClassPathScanningCandidateComponentProvider.java:435) - Identified candidate component class: file [C:\DCOM_20220127\04_SPRING\workspace\SW_SH23\target\classes\com\pcwk\ehr\board\dao\BoardDaoImpl.class]
[2022-06-30 21:00:35.847] DEBUG ClassPathScanningCandidateComponentProvider.scanCandidateComponents(ClassPathScanningCandidateComponentProvider.java:435) - Identified candidate component class: file [C:\DCOM_20220127\04_SPRING\workspace\SW_SH23\target\classes\com\pcwk\ehr\board\service\BoardServiceImpl.class]
[2022-06-30 21:00:35.848] DEBUG ClassPathScanningCandidateComponentProvider.scanCandidateComponents(ClassPathScanningCandidateComponentProvider.java:435) - Identified candidate component class: file [C:\DCOM_20220127\04_SPRING\workspace\SW_SH23\target\classes\com\pcwk\ehr\boot\controller\BootController.class]
[2022-06-30 21:00:35.851] DEBUG ClassPathScanningCandidateComponentProvider.scanCandidateComponents(ClassPathScanningCandidateComponentProvider.java:435) - Identified candidate component class: file [C:\DCOM_20220127\04_SPRING\workspace\SW_SH23\target\classes\com\pcwk\ehr\exception\controller\ExceptionController.class]
[2022-06-30 21:00:35.852] DEBUG ClassPathScanningCandidateComponentProvider.scanCandidateComponents(ClassPathScanningCandidateComponentProvider.java:435) - Identified candidate component class: file [C:\DCOM_20220127\04_SPRING\workspace\SW_SH23\target\classes\com\pcwk\ehr\file\controller\FileController.class]
[2022-06-30 21:00:35.852] DEBUG ClassPathScanningCandidateComponentProvider.scanCandidateComponents(ClassPathScanningCandidateComponentProvider.java:435) - Identified candidate component class: file [C:\DCOM_20220127\04_SPRING\workspace\SW_SH23\target\classes\com\pcwk\ehr\login\controller\LoginController.class]
[2022-06-30 21:00:35.853] DEBUG ClassPathScanningCandidateComponentProvider.scanCandidateComponents(ClassPathScanningCandidateComponentProvider.java:435) - Identified candidate component class: file [C:\DCOM_20220127\04_SPRING\workspace\SW_SH23\target\classes\com\pcwk\ehr\main\controller\MainController.class]
[2022-06-30 21:00:35.854] DEBUG ClassPathScanningCandidateComponentProvider.scanCandidateComponents(ClassPathScanningCandidateComponentProvider.java:435) - Identified candidate component class: file [C:\DCOM_20220127\04_SPRING\workspace\SW_SH23\target\classes\com\pcwk\ehr\naver\controller\NaverBlogController.class]
[2022-06-30 21:00:35.855] DEBUG ClassPathScanningCandidateComponentProvider.scanCandidateComponents(ClassPathScanningCandidateComponentProvider.java:435) - Identified candidate component class: file [C:\DCOM_20220127\04_SPRING\workspace\SW_SH23\target\classes\com\pcwk\ehr\naver\service\NaverBlogServiceImpl.class]
[2022-06-30 21:00:35.855] DEBUG ClassPathScanningCandidateComponentProvider.scanCandidateComponents(ClassPathScanningCandidateComponentProvider.java:435) - Identified candidate component class: file [C:\DCOM_20220127\04_SPRING\workspace\SW_SH23\target\classes\com\pcwk\ehr\user\controller\UserController.class]
[2022-06-30 21:00:35.856] DEBUG ClassPathScanningCandidateComponentProvider.scanCandidateComponents(ClassPathScanningCandidateComponentProvider.java:435) - Identified candidate component class: file [C:\DCOM_20220127\04_SPRING\workspace\SW_SH23\target\classes\com\pcwk\ehr\user\dao\UserDaoImpl.class]
[2022-06-30 21:00:35.857] DEBUG ClassPathScanningCandidateComponentProvider.scanCandidateComponents(ClassPathScanningCandidateComponentProvider.java:435) - Identified candidate component class: file [C:\DCOM_20220127\04_SPRING\workspace\SW_SH23\target\classes\com\pcwk\ehr\user\service\UserServiceImpl.class]
[2022-06-30 21:00:35.868] DEBUG XmlBeanDefinitionReader.doLoadBeanDefinitions(XmlBeanDefinitionReader.java:393) - Loaded 46 bean definitions from URL [file:src/main/webapp/WEB-INF/spring/appServlet/servlet-context.xml]
[2022-06-30 21:00:35.906] DEBUG DefaultSingletonBeanRegistry.getSingleton(DefaultSingletonBeanRegistry.java:225) - Creating shared instance of singleton bean 'org.springframework.context.annotation.internalConfigurationAnnotationProcessor'
[2022-06-30 21:00:36.001] DEBUG DefaultSingletonBeanRegistry.getSingleton(DefaultSingletonBeanRegistry.java:225) - Creating shared instance of singleton bean 'org.springframework.context.support.PropertySourcesPlaceholderConfigurer#0'
[2022-06-30 21:00:36.031] DEBUG PropertySourcesPropertyResolver.logKeyFound(PropertySourcesPropertyResolver.java:115) - Found key 'jdbc.driver' in PropertySource 'localProperties' with value of type String
[2022-06-30 21:00:36.032] DEBUG PropertySourcesPropertyResolver.logKeyFound(PropertySourcesPropertyResolver.java:115) - Found key 'jdbc.url' in PropertySource 'localProperties' with value of type String
[2022-06-30 21:00:36.032] DEBUG PropertySourcesPropertyResolver.logKeyFound(PropertySourcesPropertyResolver.java:115) - Found key 'jdbc.username' in PropertySource 'localProperties' with value of type String
[2022-06-30 21:00:36.032] DEBUG PropertySourcesPropertyResolver.logKeyFound(PropertySourcesPropertyResolver.java:115) - Found key 'jdbc.password' in PropertySource 'localProperties' with value of type String
[2022-06-30 21:00:36.032] DEBUG PropertySourcesPropertyResolver.logKeyFound(PropertySourcesPropertyResolver.java:115) - Found key 'jdbc.maxActive' in PropertySource 'localProperties' with value of type String
[2022-06-30 21:00:36.032] DEBUG PropertySourcesPropertyResolver.logKeyFound(PropertySourcesPropertyResolver.java:115) - Found key 'jdbc.maxIdle' in PropertySource 'localProperties' with value of type String
[2022-06-30 21:00:36.032] DEBUG PropertySourcesPropertyResolver.logKeyFound(PropertySourcesPropertyResolver.java:115) - Found key 'jdbc.maxWait' in PropertySource 'localProperties' with value of type String
[2022-06-30 21:00:36.033] DEBUG PropertySourcesPropertyResolver.logKeyFound(PropertySourcesPropertyResolver.java:115) - Found key 'jdbc.removeAbandoned' in PropertySource 'localProperties' with value of type String
[2022-06-30 21:00:36.033] DEBUG PropertySourcesPropertyResolver.logKeyFound(PropertySourcesPropertyResolver.java:115) - Found key 'jdbc.removeAbandonedTimeout' in PropertySource 'localProperties' with value of type String
[2022-06-30 21:00:36.034] DEBUG DefaultSingletonBeanRegistry.getSingleton(DefaultSingletonBeanRegistry.java:225) - Creating shared instance of singleton bean 'org.springframework.context.event.internalEventListenerProcessor'
[2022-06-30 21:00:36.035] DEBUG DefaultSingletonBeanRegistry.getSingleton(DefaultSingletonBeanRegistry.java:225) - Creating shared instance of singleton bean 'org.springframework.context.event.internalEventListenerFactory'
[2022-06-30 21:00:36.037] DEBUG DefaultSingletonBeanRegistry.getSingleton(DefaultSingletonBeanRegistry.java:225) - Creating shared instance of singleton bean 'org.springframework.context.annotation.internalAutowiredAnnotationProcessor'
[2022-06-30 21:00:36.038] DEBUG DefaultSingletonBeanRegistry.getSingleton(DefaultSingletonBeanRegistry.java:225) - Creating shared instance of singleton bean 'org.springframework.context.annotation.internalCommonAnnotationProcessor'
[2022-06-30 21:00:36.040] DEBUG DefaultSingletonBeanRegistry.getSingleton(DefaultSingletonBeanRegistry.java:225) - Creating shared instance of singleton bean 'org.springframework.aop.config.internalAutoProxyCreator'
[2022-06-30 21:00:36.058] DEBUG UiApplicationContextUtils.initThemeSource(UiApplicationContextUtils.java:85) - Unable to locate ThemeSource with name 'themeSource': using default [org.springframework.ui.context.support.ResourceBundleThemeSource@70f59913]
[2022-06-30 21:00:36.060] DEBUG DefaultSingletonBeanRegistry.getSingleton(DefaultSingletonBeanRegistry.java:225) - Creating shared instance of singleton bean 'multipartResolver'
[2022-06-30 21:00:36.061] DEBUG DefaultSingletonBeanRegistry.getSingleton(DefaultSingletonBeanRegistry.java:225) - Creating shared instance of singleton bean 'org.springframework.aop.support.DefaultBeanFactoryPointcutAdvisor#0'
[2022-06-30 21:00:36.146] DEBUG DefaultSingletonBeanRegistry.getSingleton(DefaultSingletonBeanRegistry.java:225) - Creating shared instance of singleton bean 'exceptionresolver'
[2022-06-30 21:00:36.159] DEBUG DefaultSingletonBeanRegistry.getSingleton(DefaultSingletonBeanRegistry.java:225) - Creating shared instance of singleton bean 'sqlSessionTemplate'
[2022-06-30 21:00:36.163] DEBUG DefaultSingletonBeanRegistry.getSingleton(DefaultSingletonBeanRegistry.java:225) - Creating shared instance of singleton bean 'sqlSessionFactoryBean'
[2022-06-30 21:00:36.202] DEBUG DefaultSingletonBeanRegistry.getSingleton(DefaultSingletonBeanRegistry.java:225) - Creating shared instance of singleton bean 'dataSource'
[2022-06-30 21:00:36.208] DEBUG Log4j2SpyLogDelegator.debug(Log4j2SpyLogDelegator.java:372) - log4jdbc-logj2 properties initialization...
[2022-06-30 21:00:36.208] DEBUG Log4j2SpyLogDelegator.debug(Log4j2SpyLogDelegator.java:372) - Using logger: null
[2022-06-30 21:00:36.208] DEBUG Log4j2SpyLogDelegator.debug(Log4j2SpyLogDelegator.java:372) - x log4jdbc.debug.stack.prefix is not defined
[2022-06-30 21:00:36.209] DEBUG Log4j2SpyLogDelegator.debug(Log4j2SpyLogDelegator.java:372) - x log4jdbc.sqltiming.warn.threshold is not defined
[2022-06-30 21:00:36.209] DEBUG Log4j2SpyLogDelegator.debug(Log4j2SpyLogDelegator.java:372) - x log4jdbc.sqltiming.error.threshold is not defined
[2022-06-30 21:00:36.209] DEBUG Log4j2SpyLogDelegator.debug(Log4j2SpyLogDelegator.java:372) - x log4jdbc.dump.booleanastruefalse is not defined (using default value false)
[2022-06-30 21:00:36.209] DEBUG Log4j2SpyLogDelegator.debug(Log4j2SpyLogDelegator.java:372) - x log4jdbc.dump.sql.maxlinelength is not defined (using default of 90)
[2022-06-30 21:00:36.209] DEBUG Log4j2SpyLogDelegator.debug(Log4j2SpyLogDelegator.java:372) - x log4jdbc.dump.fulldebugstacktrace is not defined (using default value false)
[2022-06-30 21:00:36.210] DEBUG Log4j2SpyLogDelegator.debug(Log4j2SpyLogDelegator.java:372) - x log4jdbc.statement.warn is not defined (using default value false)
[2022-06-30 21:00:36.210] DEBUG Log4j2SpyLogDelegator.debug(Log4j2SpyLogDelegator.java:372) - x log4jdbc.dump.sql.select is not defined (using default value true)
[2022-06-30 21:00:36.210] DEBUG Log4j2SpyLogDelegator.debug(Log4j2SpyLogDelegator.java:372) - x log4jdbc.dump.sql.insert is not defined (using default value true)
[2022-06-30 21:00:36.210] DEBUG Log4j2SpyLogDelegator.debug(Log4j2SpyLogDelegator.java:372) - x log4jdbc.dump.sql.update is not defined (using default value true)
[2022-06-30 21:00:36.210] DEBUG Log4j2SpyLogDelegator.debug(Log4j2SpyLogDelegator.java:372) - x log4jdbc.dump.sql.delete is not defined (using default value true)
[2022-06-30 21:00:36.210] DEBUG Log4j2SpyLogDelegator.debug(Log4j2SpyLogDelegator.java:372) - x log4jdbc.dump.sql.create is not defined (using default value true)
[2022-06-30 21:00:36.211] DEBUG Log4j2SpyLogDelegator.debug(Log4j2SpyLogDelegator.java:372) - x log4jdbc.dump.sql.addsemicolon is not defined (using default value false)
[2022-06-30 21:00:36.211] DEBUG Log4j2SpyLogDelegator.debug(Log4j2SpyLogDelegator.java:372) - x log4jdbc.auto.load.popular.drivers is not defined (using default value true)
[2022-06-30 21:00:36.211] DEBUG Log4j2SpyLogDelegator.debug(Log4j2SpyLogDelegator.java:372) - x log4jdbc.drivers is not defined
[2022-06-30 21:00:36.211] DEBUG Log4j2SpyLogDelegator.debug(Log4j2SpyLogDelegator.java:372) - x log4jdbc.trim.sql is not defined (using default value true)
[2022-06-30 21:00:36.211] DEBUG Log4j2SpyLogDelegator.debug(Log4j2SpyLogDelegator.java:372) - x log4jdbc.trim.sql.extrablanklines is not defined (using default value true)
[2022-06-30 21:00:36.211] DEBUG Log4j2SpyLogDelegator.debug(Log4j2SpyLogDelegator.java:372) - x log4jdbc.suppress.generated.keys.exception is not defined (using default value false)
[2022-06-30 21:00:36.211] DEBUG Log4j2SpyLogDelegator.debug(Log4j2SpyLogDelegator.java:372) - log4jdbc-logj2 properties initialization done.
[2022-06-30 21:00:36.212] DEBUG Log4j2SpyLogDelegator.debug(Log4j2SpyLogDelegator.java:372) - DriverSpy intialization...
[2022-06-30 21:00:36.238] DEBUG Log4j2SpyLogDelegator.debug(Log4j2SpyLogDelegator.java:372) -   FOUND DRIVER oracle.jdbc.OracleDriver
[2022-06-30 21:00:36.239] DEBUG Log4j2SpyLogDelegator.debug(Log4j2SpyLogDelegator.java:372) -   FOUND DRIVER oracle.jdbc.driver.OracleDriver
[2022-06-30 21:00:36.240] DEBUG Log4j2SpyLogDelegator.debug(Log4j2SpyLogDelegator.java:372) - DriverSpy intialization done.
[2022-06-30 21:00:36.313] DEBUG LogFactory.setImplementation(LogFactory.java:105) - Logging initialized using 'class org.apache.ibatis.logging.log4j2.Log4j2Impl' adapter.
[2022-06-30 21:00:36.402] DEBUG DefaultSingletonBeanRegistry.getSingleton(DefaultSingletonBeanRegistry.java:225) - Creating shared instance of singleton bean 'dummyMailSender'
[2022-06-30 21:00:36.404] DEBUG DefaultSingletonBeanRegistry.getSingleton(DefaultSingletonBeanRegistry.java:225) - Creating shared instance of singleton bean 'mailSenderImpl'
[2022-06-30 21:00:36.418] DEBUG DefaultSingletonBeanRegistry.getSingleton(DefaultSingletonBeanRegistry.java:225) - Creating shared instance of singleton bean 'transactionManager'
[2022-06-30 21:00:36.428] DEBUG DefaultSingletonBeanRegistry.getSingleton(DefaultSingletonBeanRegistry.java:225) - Creating shared instance of singleton bean 'txAdvice'
[2022-06-30 21:00:36.438] DEBUG NameMatchTransactionAttributeSource.addTransactionalMethod(NameMatchTransactionAttributeSource.java:102) - Adding transactional method [do*] with attribute [PROPAGATION_REQUIRED,ISOLATION_DEFAULT,readOnly]
[2022-06-30 21:00:36.438] DEBUG NameMatchTransactionAttributeSource.addTransactionalMethod(NameMatchTransactionAttributeSource.java:102) - Adding transactional method [up*] with attribute [PROPAGATION_REQUIRED,ISOLATION_DEFAULT]
[2022-06-30 21:00:36.441] DEBUG DefaultSingletonBeanRegistry.getSingleton(DefaultSingletonBeanRegistry.java:225) - Creating shared instance of singleton bean 'mvcContentNegotiationManager'
[2022-06-30 21:00:36.452] DEBUG DefaultSingletonBeanRegistry.getSingleton(DefaultSingletonBeanRegistry.java:225) - Creating shared instance of singleton bean 'org.springframework.web.servlet.mvc.method.annotation.RequestMappingHandlerMapping'
[2022-06-30 21:00:36.476] DEBUG DefaultSingletonBeanRegistry.getSingleton(DefaultSingletonBeanRegistry.java:225) - Creating shared instance of singleton bean 'mvcCorsConfigurations'
[2022-06-30 21:00:36.493] DEBUG DefaultSingletonBeanRegistry.getSingleton(DefaultSingletonBeanRegistry.java:225) - Creating shared instance of singleton bean 'org.springframework.web.servlet.handler.MappedInterceptor#0'
[2022-06-30 21:00:36.494] DEBUG DefaultSingletonBeanRegistry.getSingleton(DefaultSingletonBeanRegistry.java:225) - Creating shared instance of singleton bean 'org.springframework.format.support.FormattingConversionServiceFactoryBean#0'
[2022-06-30 21:00:36.537] DEBUG DefaultSingletonBeanRegistry.getSingleton(DefaultSingletonBeanRegistry.java:225) - Creating shared instance of singleton bean 'org.springframework.web.servlet.handler.MappedInterceptor#1'
[2022-06-30 21:00:36.560] DEBUG AbstractHandlerMethodMapping.detectHandlerMethods(AbstractHandlerMethodMapping.java:295) - 
	c.p.e.HomeController:
	{GET [/]}: home(Locale,Model)
[2022-06-30 21:00:36.565] DEBUG AbstractHandlerMethodMapping.detectHandlerMethods(AbstractHandlerMethodMapping.java:295) - 
	c.p.e.b.c.BoardController:
	{POST [/board/doUpdate.do], produces [application/json;charset=UTF-8]}: doUpdate(BoardVO)
	{ [/board/doSelectOne.do]}: doSelectOne(BoardVO,Model)
	{POST [/board/doInsert.do], produces [application/json;charset=UTF-8]}: doInsert(BoardVO)
	{GET [/board/doRetrieve.do], produces [application/json;charset=UTF-8]}: doRetrieve(SearchVO)
	{POST [/board/doDelete.do], produces [application/json;charset=UTF-8]}: doDelete(BoardVO)
	{GET [/board/moveToReg.do]}: moveToReg(SearchVO,Model)
	{GET [/board/boardView.do]}: boardView(Model,SearchVO)
[2022-06-30 21:00:36.570] DEBUG AbstractHandlerMethodMapping.detectHandlerMethods(AbstractHandlerMethodMapping.java:295) - 
	c.p.e.b.c.BootController:
	{GET [/boot/bootList.do]}: bootList()
	{GET [/boot/bootReg.do]}: bootReg()
	{GET [/boot/tmpMenu.do]}: tmpMenu()
[2022-06-30 21:00:36.572] DEBUG AbstractHandlerMethodMapping.detectHandlerMethods(AbstractHandlerMethodMapping.java:295) - 
	c.p.e.e.c.ExceptionController:
	{ [/except/nullPointer.do]}: nullPointerException(UserVO)
	{ [/except/illegal.do]}: IllegalArgumentException(UserVO)
[2022-06-30 21:00:36.575] DEBUG AbstractHandlerMethodMapping.detectHandlerMethods(AbstractHandlerMethodMapping.java:295) - 
	c.p.e.f.c.FileController:
	{POST [/file/upload.do]}: upload(ModelAndView,MultipartHttpServletRequest)
	{POST [/file/download.do]}: mownload(FileVO,ModelAndView)
	{ [/file/fileUpView.do]}: fileUpView()
[2022-06-30 21:00:36.576] DEBUG AbstractHandlerMethodMapping.detectHandlerMethods(AbstractHandlerMethodMapping.java:295) - 
	c.p.e.l.c.LoginController:
	{POST [/login/doLogin.do], produces [application/json;charset=UTF-8]}: doLogin(UserVO,HttpSession)
	{GET [/login/loginView.do]}: loginView()
[2022-06-30 21:00:36.577] DEBUG AbstractHandlerMethodMapping.detectHandlerMethods(AbstractHandlerMethodMapping.java:295) - 
	c.p.e.m.c.MainController:
	{GET [/main/mainView.do]}: mainView()
[2022-06-30 21:00:36.578] DEBUG AbstractHandlerMethodMapping.detectHandlerMethods(AbstractHandlerMethodMapping.java:295) - 
	c.p.e.n.c.NaverBlogController:
	{GET [/naverBlog/doRetrieve.do], produces [application/json;charset=UTF-8]}: doRetrieve(SearchVO)
	{GET [/naverBlog/naverBlogView.do]}: naverBlogView()
[2022-06-30 21:00:36.581] DEBUG AbstractHandlerMethodMapping.detectHandlerMethods(AbstractHandlerMethodMapping.java:295) - 
	c.p.e.u.c.UserController:
	{POST [/user/add.do], produces [application/json;charset=UTF-8]}: add(UserVO)
	{GET [/user/idCheck.do], produces [application/json;charset=UTF-8]}: idCheck(UserVO)
	{POST [/user/doUpdate.do], produces [application/json;charset=UTF-8]}: doUpdate(UserVO)
	{GET [/user/doSelectOne.do], produces [application/json;charset=UTF-8]}: doSelectOne(UserVO)
	{ [/user/doRetrieve.do], produces [application/json;charset=UTF-8]}: doRetrieve(SearchVO)
	{GET [/user/doDelete.do], produces [application/json;charset=UTF-8]}: doDelete(HttpServletRequest,Model,UserVO)
	{GET [/user/userView.do]}: userView(Model,SearchVO)
[2022-06-30 21:00:36.591] DEBUG DefaultSingletonBeanRegistry.getSingleton(DefaultSingletonBeanRegistry.java:225) - Creating shared instance of singleton bean 'org.springframework.web.servlet.mvc.method.annotation.RequestMappingHandlerAdapter'
[2022-06-30 21:00:36.698] DEBUG DefaultSingletonBeanRegistry.getSingleton(DefaultSingletonBeanRegistry.java:225) - Creating shared instance of singleton bean 'mvcUriComponentsContributor'
[2022-06-30 21:00:36.709] DEBUG DefaultSingletonBeanRegistry.getSingleton(DefaultSingletonBeanRegistry.java:225) - Creating shared instance of singleton bean 'org.springframework.web.servlet.mvc.method.annotation.ExceptionHandlerExceptionResolver#0'
[2022-06-30 21:00:36.722] DEBUG DefaultSingletonBeanRegistry.getSingleton(DefaultSingletonBeanRegistry.java:225) - Creating shared instance of singleton bean 'org.springframework.web.servlet.mvc.annotation.ResponseStatusExceptionResolver#0'
[2022-06-30 21:00:36.726] DEBUG DefaultSingletonBeanRegistry.getSingleton(DefaultSingletonBeanRegistry.java:225) - Creating shared instance of singleton bean 'org.springframework.web.servlet.mvc.support.DefaultHandlerExceptionResolver#0'
[2022-06-30 21:00:36.729] DEBUG DefaultSingletonBeanRegistry.getSingleton(DefaultSingletonBeanRegistry.java:225) - Creating shared instance of singleton bean 'org.springframework.web.servlet.handler.BeanNameUrlHandlerMapping'
[2022-06-30 21:00:36.735] DEBUG AbstractDetectingUrlHandlerMapping.detectHandlers(AbstractDetectingUrlHandlerMapping.java:86) - 'org.springframework.web.servlet.handler.BeanNameUrlHandlerMapping' {}
[2022-06-30 21:00:36.736] DEBUG DefaultSingletonBeanRegistry.getSingleton(DefaultSingletonBeanRegistry.java:225) - Creating shared instance of singleton bean 'org.springframework.web.servlet.mvc.HttpRequestHandlerAdapter'
[2022-06-30 21:00:36.737] DEBUG DefaultSingletonBeanRegistry.getSingleton(DefaultSingletonBeanRegistry.java:225) - Creating shared instance of singleton bean 'org.springframework.web.servlet.mvc.SimpleControllerHandlerAdapter'
[2022-06-30 21:00:36.738] DEBUG DefaultSingletonBeanRegistry.getSingleton(DefaultSingletonBeanRegistry.java:225) - Creating shared instance of singleton bean 'localeResolver'
[2022-06-30 21:00:36.738] DEBUG DefaultSingletonBeanRegistry.getSingleton(DefaultSingletonBeanRegistry.java:225) - Creating shared instance of singleton bean 'themeResolver'
[2022-06-30 21:00:36.739] DEBUG DefaultSingletonBeanRegistry.getSingleton(DefaultSingletonBeanRegistry.java:225) - Creating shared instance of singleton bean 'viewNameTranslator'
[2022-06-30 21:00:36.740] DEBUG DefaultSingletonBeanRegistry.getSingleton(DefaultSingletonBeanRegistry.java:225) - Creating shared instance of singleton bean 'flashMapManager'
[2022-06-30 21:00:36.742] DEBUG DefaultSingletonBeanRegistry.getSingleton(DefaultSingletonBeanRegistry.java:225) - Creating shared instance of singleton bean 'mvcResourceUrlProvider'
[2022-06-30 21:00:36.742] DEBUG DefaultSingletonBeanRegistry.getSingleton(DefaultSingletonBeanRegistry.java:225) - Creating shared instance of singleton bean 'mvcPathMatcher'
[2022-06-30 21:00:36.743] DEBUG DefaultSingletonBeanRegistry.getSingleton(DefaultSingletonBeanRegistry.java:225) - Creating shared instance of singleton bean 'mvcUrlPathHelper'
[2022-06-30 21:00:36.744] DEBUG DefaultSingletonBeanRegistry.getSingleton(DefaultSingletonBeanRegistry.java:225) - Creating shared instance of singleton bean 'org.springframework.web.servlet.resource.ResourceHttpRequestHandler#0'
[2022-06-30 21:00:36.754] DEBUG DefaultSingletonBeanRegistry.getSingleton(DefaultSingletonBeanRegistry.java:225) - Creating shared instance of singleton bean 'org.springframework.web.servlet.handler.SimpleUrlHandlerMapping#0'
[2022-06-30 21:00:36.758] DEBUG SimpleUrlHandlerMapping.logMappings(SimpleUrlHandlerMapping.java:177) - 'org.springframework.web.servlet.handler.SimpleUrlHandlerMapping#0' {/resources/**=ResourceHttpRequestHandler [ServletContext [/resources/]]}
[2022-06-30 21:00:36.759] DEBUG DefaultSingletonBeanRegistry.getSingleton(DefaultSingletonBeanRegistry.java:225) - Creating shared instance of singleton bean 'org.springframework.web.servlet.view.InternalResourceViewResolver#0'
[2022-06-30 21:00:36.767] DEBUG DefaultSingletonBeanRegistry.getSingleton(DefaultSingletonBeanRegistry.java:225) - Creating shared instance of singleton bean 'downloadView'
[2022-06-30 21:00:36.770] DEBUG DefaultSingletonBeanRegistry.getSingleton(DefaultSingletonBeanRegistry.java:225) - Creating shared instance of singleton bean 'org.springframework.web.servlet.view.BeanNameViewResolver#0'
[2022-06-30 21:00:36.772] DEBUG DefaultSingletonBeanRegistry.getSingleton(DefaultSingletonBeanRegistry.java:225) - Creating shared instance of singleton bean 'homeController'
[2022-06-30 21:00:36.772] DEBUG DefaultSingletonBeanRegistry.getSingleton(DefaultSingletonBeanRegistry.java:225) - Creating shared instance of singleton bean 'boardController'
[2022-06-30 21:00:36.777] DEBUG DefaultSingletonBeanRegistry.getSingleton(DefaultSingletonBeanRegistry.java:225) - Creating shared instance of singleton bean 'boardService'
[2022-06-30 21:00:36.777] DEBUG DefaultSingletonBeanRegistry.getSingleton(DefaultSingletonBeanRegistry.java:225) - Creating shared instance of singleton bean 'boardDao'
[2022-06-30 21:00:36.787] DEBUG DefaultSingletonBeanRegistry.getSingleton(DefaultSingletonBeanRegistry.java:225) - Creating shared instance of singleton bean 'bootController'
[2022-06-30 21:00:36.787] DEBUG DefaultSingletonBeanRegistry.getSingleton(DefaultSingletonBeanRegistry.java:225) - Creating shared instance of singleton bean 'exceptionController'
[2022-06-30 21:00:36.788] DEBUG DefaultSingletonBeanRegistry.getSingleton(DefaultSingletonBeanRegistry.java:225) - Creating shared instance of singleton bean 'fileController'
[2022-06-30 21:00:36.790] DEBUG DefaultSingletonBeanRegistry.getSingleton(DefaultSingletonBeanRegistry.java:225) - Creating shared instance of singleton bean 'logincontroller'
[2022-06-30 21:00:36.791] DEBUG LoginController.<init>(LoginController.java:30) - ==========================
[2022-06-30 21:00:36.791] DEBUG LoginController.<init>(LoginController.java:31) - LoginController
[2022-06-30 21:00:36.791] DEBUG LoginController.<init>(LoginController.java:32) - ==========================
[2022-06-30 21:00:36.792] DEBUG DefaultSingletonBeanRegistry.getSingleton(DefaultSingletonBeanRegistry.java:225) - Creating shared instance of singleton bean 'userService'
[2022-06-30 21:00:36.796] DEBUG DefaultSingletonBeanRegistry.getSingleton(DefaultSingletonBeanRegistry.java:225) - Creating shared instance of singleton bean 'userDao'
[2022-06-30 21:00:36.801] DEBUG DefaultSingletonBeanRegistry.getSingleton(DefaultSingletonBeanRegistry.java:225) - Creating shared instance of singleton bean 'maincontroller'
[2022-06-30 21:00:36.801] DEBUG MainController.<init>(MainController.java:26) - =============================
[2022-06-30 21:00:36.801] DEBUG MainController.<init>(MainController.java:27) - MainController()
[2022-06-30 21:00:36.801] DEBUG MainController.<init>(MainController.java:28) - =============================
[2022-06-30 21:00:36.802] DEBUG DefaultSingletonBeanRegistry.getSingleton(DefaultSingletonBeanRegistry.java:225) - Creating shared instance of singleton bean 'naverBlogController'
[2022-06-30 21:00:36.803] DEBUG DefaultSingletonBeanRegistry.getSingleton(DefaultSingletonBeanRegistry.java:225) - Creating shared instance of singleton bean 'naverBlogService'
[2022-06-30 21:00:36.807] DEBUG DefaultSingletonBeanRegistry.getSingleton(DefaultSingletonBeanRegistry.java:225) - Creating shared instance of singleton bean 'userController'
[2022-06-30 21:00:36.818] DEBUG DefaultCacheAwareContextLoaderDelegate.loadContext(DefaultCacheAwareContextLoaderDelegate.java:126) - Storing ApplicationContext [298430307] in cache under key [[WebMergedContextConfiguration@c86b9e3 testClass = JunitUserControllerTest, locations = '{file:src/main/webapp/WEB-INF/spring/root-context.xml, file:src/main/webapp/WEB-INF/spring/appServlet/servlet-context.xml}', classes = '{}', contextInitializerClasses = '[]', activeProfiles = '{}', propertySourceLocations = '{}', propertySourceProperties = '{}', contextCustomizers = set[[empty]], resourceBasePath = 'src/main/webapp', contextLoader = 'org.springframework.test.context.web.WebDelegatingSmartContextLoader', parent = [null]]]
[2022-06-30 21:00:36.818] DEBUG DefaultContextCache.logStatistics(DefaultContextCache.java:290) - Spring test ApplicationContext cache statistics: [DefaultContextCache@1e6308a9 size = 1, maxSize = 32, parentContextCount = 0, hitCount = 0, missCount = 1]
[2022-06-30 21:00:36.819] DEBUG ServletTestExecutionListener.setUpRequestContextIfNecessary(ServletTestExecutionListener.java:200) - Setting up MockHttpServletRequest, MockHttpServletResponse, ServletWebRequest, and RequestContextHolder for test context [DefaultTestContext@6aaceffd testClass = JunitUserControllerTest, testInstance = com.pcwk.ehr.JunitUserControllerTest@5226e402, testMethod = [null], testException = [null], mergedContextConfiguration = [WebMergedContextConfiguration@c86b9e3 testClass = JunitUserControllerTest, locations = '{file:src/main/webapp/WEB-INF/spring/root-context.xml, file:src/main/webapp/WEB-INF/spring/appServlet/servlet-context.xml}', classes = '{}', contextInitializerClasses = '[]', activeProfiles = '{}', propertySourceLocations = '{}', propertySourceProperties = '{}', contextCustomizers = set[[empty]], resourceBasePath = 'src/main/webapp', contextLoader = 'org.springframework.test.context.web.WebDelegatingSmartContextLoader', parent = [null]], attributes = map[[empty]]].
[2022-06-30 21:00:36.829] DEBUG DependencyInjectionTestExecutionListener.prepareTestInstance(DependencyInjectionTestExecutionListener.java:81) - Performing dependency injection for test context [[DefaultTestContext@6aaceffd testClass = JunitUserControllerTest, testInstance = com.pcwk.ehr.JunitUserControllerTest@5226e402, testMethod = [null], testException = [null], mergedContextConfiguration = [WebMergedContextConfiguration@c86b9e3 testClass = JunitUserControllerTest, locations = '{file:src/main/webapp/WEB-INF/spring/root-context.xml, file:src/main/webapp/WEB-INF/spring/appServlet/servlet-context.xml}', classes = '{}', contextInitializerClasses = '[]', activeProfiles = '{}', propertySourceLocations = '{}', propertySourceProperties = '{}', contextCustomizers = set[[empty]], resourceBasePath = 'src/main/webapp', contextLoader = 'org.springframework.test.context.web.WebDelegatingSmartContextLoader', parent = [null]], attributes = map['org.springframework.test.context.web.ServletTestExecutionListener.populatedRequestContextHolder' -> true, 'org.springframework.test.context.web.ServletTestExecutionListener.resetRequestContextHolder' -> true, 'org.springframework.test.context.event.ApplicationEventsTestExecutionListener.recordApplicationEvents' -> false]]].
[2022-06-30 21:00:36.829] DEBUG DefaultCacheAwareContextLoaderDelegate.loadContext(DefaultCacheAwareContextLoaderDelegate.java:137) - Retrieved ApplicationContext [298430307] from cache with key [[WebMergedContextConfiguration@c86b9e3 testClass = JunitUserControllerTest, locations = '{file:src/main/webapp/WEB-INF/spring/root-context.xml, file:src/main/webapp/WEB-INF/spring/appServlet/servlet-context.xml}', classes = '{}', contextInitializerClasses = '[]', activeProfiles = '{}', propertySourceLocations = '{}', propertySourceProperties = '{}', contextCustomizers = set[[empty]], resourceBasePath = 'src/main/webapp', contextLoader = 'org.springframework.test.context.web.WebDelegatingSmartContextLoader', parent = [null]]]
[2022-06-30 21:00:36.830] DEBUG DefaultContextCache.logStatistics(DefaultContextCache.java:290) - Spring test ApplicationContext cache statistics: [DefaultContextCache@1e6308a9 size = 1, maxSize = 32, parentContextCount = 0, hitCount = 1, missCount = 1]
[2022-06-30 21:00:36.831] DEBUG DefaultCacheAwareContextLoaderDelegate.loadContext(DefaultCacheAwareContextLoaderDelegate.java:137) - Retrieved ApplicationContext [298430307] from cache with key [[WebMergedContextConfiguration@c86b9e3 testClass = JunitUserControllerTest, locations = '{file:src/main/webapp/WEB-INF/spring/root-context.xml, file:src/main/webapp/WEB-INF/spring/appServlet/servlet-context.xml}', classes = '{}', contextInitializerClasses = '[]', activeProfiles = '{}', propertySourceLocations = '{}', propertySourceProperties = '{}', contextCustomizers = set[[empty]], resourceBasePath = 'src/main/webapp', contextLoader = 'org.springframework.test.context.web.WebDelegatingSmartContextLoader', parent = [null]]]
[2022-06-30 21:00:36.831] DEBUG DefaultContextCache.logStatistics(DefaultContextCache.java:290) - Spring test ApplicationContext cache statistics: [DefaultContextCache@1e6308a9 size = 1, maxSize = 32, parentContextCount = 0, hitCount = 2, missCount = 1]
[2022-06-30 21:00:36.834] DEBUG AbstractDirtiesContextTestExecutionListener.beforeOrAfterTestMethod(AbstractDirtiesContextTestExecutionListener.java:108) - Before test method: context [DefaultTestContext@6aaceffd testClass = JunitUserControllerTest, testInstance = com.pcwk.ehr.JunitUserControllerTest@5226e402, testMethod = doLogin@JunitUserControllerTest, testException = [null], mergedContextConfiguration = [WebMergedContextConfiguration@c86b9e3 testClass = JunitUserControllerTest, locations = '{file:src/main/webapp/WEB-INF/spring/root-context.xml, file:src/main/webapp/WEB-INF/spring/appServlet/servlet-context.xml}', classes = '{}', contextInitializerClasses = '[]', activeProfiles = '{}', propertySourceLocations = '{}', propertySourceProperties = '{}', contextCustomizers = set[[empty]], resourceBasePath = 'src/main/webapp', contextLoader = 'org.springframework.test.context.web.WebDelegatingSmartContextLoader', parent = [null]], attributes = map['org.springframework.test.context.web.ServletTestExecutionListener.populatedRequestContextHolder' -> true, 'org.springframework.test.context.web.ServletTestExecutionListener.resetRequestContextHolder' -> true, 'org.springframework.test.context.event.ApplicationEventsTestExecutionListener.recordApplicationEvents' -> false]], class annotated with @DirtiesContext [false] with mode [null], method annotated with @DirtiesContext [false] with mode [null].
[2022-06-30 21:00:36.839] DEBUG DefaultCacheAwareContextLoaderDelegate.loadContext(DefaultCacheAwareContextLoaderDelegate.java:137) - Retrieved ApplicationContext [298430307] from cache with key [[WebMergedContextConfiguration@c86b9e3 testClass = JunitUserControllerTest, locations = '{file:src/main/webapp/WEB-INF/spring/root-context.xml, file:src/main/webapp/WEB-INF/spring/appServlet/servlet-context.xml}', classes = '{}', contextInitializerClasses = '[]', activeProfiles = '{}', propertySourceLocations = '{}', propertySourceProperties = '{}', contextCustomizers = set[[empty]], resourceBasePath = 'src/main/webapp', contextLoader = 'org.springframework.test.context.web.WebDelegatingSmartContextLoader', parent = [null]]]
[2022-06-30 21:00:36.839] DEBUG DefaultContextCache.logStatistics(DefaultContextCache.java:290) - Spring test ApplicationContext cache statistics: [DefaultContextCache@1e6308a9 size = 1, maxSize = 32, parentContextCount = 0, hitCount = 3, missCount = 1]
[2022-06-30 21:00:36.840] DEBUG JunitUserControllerTest.setUp(JunitUserControllerTest.java:65) - ====================
[2022-06-30 21:00:36.840] DEBUG JunitUserControllerTest.setUp(JunitUserControllerTest.java:66) - =0.setUp()=
[2022-06-30 21:00:36.840] DEBUG JunitUserControllerTest.setUp(JunitUserControllerTest.java:67) - ====================
[2022-06-30 21:00:36.853] INFO  MockServletContext.log(MockServletContext.java:455) - Initializing Spring TestDispatcherServlet ''
[2022-06-30 21:00:36.853] INFO  FrameworkServlet.initServletBean(FrameworkServlet.java:525) - Initializing Servlet ''
[2022-06-30 21:00:36.853] DEBUG DispatcherServlet.initMultipartResolver(DispatcherServlet.java:520) - Detected CommonsMultipartResolver
[2022-06-30 21:00:36.853] DEBUG DispatcherServlet.initLocaleResolver(DispatcherServlet.java:544) - Detected AcceptHeaderLocaleResolver
[2022-06-30 21:00:36.854] DEBUG DispatcherServlet.initThemeResolver(DispatcherServlet.java:569) - Detected FixedThemeResolver
[2022-06-30 21:00:36.854] DEBUG DispatcherServlet.initRequestToViewNameTranslator(DispatcherServlet.java:719) - Detected org.springframework.web.servlet.view.DefaultRequestToViewNameTranslator@d1a10ac
[2022-06-30 21:00:36.855] DEBUG DispatcherServlet.initFlashMapManager(DispatcherServlet.java:783) - Detected org.springframework.web.servlet.support.SessionFlashMapManager@6fca2a8f
[2022-06-30 21:00:36.855] DEBUG FrameworkServlet.initServletBean(FrameworkServlet.java:542) - enableLoggingRequestDetails='false': request parameters and headers will be masked to prevent unsafe logging of potentially sensitive data
[2022-06-30 21:00:36.855] INFO  FrameworkServlet.initServletBean(FrameworkServlet.java:547) - Completed initialization in 2 ms
[2022-06-30 21:00:36.859] DEBUG JunitUserControllerTest.setUp(JunitUserControllerTest.java:75) - webApplicationContext : org.springframework.web.context.support.GenericWebApplicationContext@11c9af63, started on Thu Jun 30 21:00:35 KST 2022
[2022-06-30 21:00:36.859] DEBUG JunitUserControllerTest.setUp(JunitUserControllerTest.java:76) - mockMvc : org.springframework.test.web.servlet.MockMvc@79a1728c
[2022-06-30 21:00:36.860] DEBUG DefaultCacheAwareContextLoaderDelegate.loadContext(DefaultCacheAwareContextLoaderDelegate.java:137) - Retrieved ApplicationContext [298430307] from cache with key [[WebMergedContextConfiguration@c86b9e3 testClass = JunitUserControllerTest, locations = '{file:src/main/webapp/WEB-INF/spring/root-context.xml, file:src/main/webapp/WEB-INF/spring/appServlet/servlet-context.xml}', classes = '{}', contextInitializerClasses = '[]', activeProfiles = '{}', propertySourceLocations = '{}', propertySourceProperties = '{}', contextCustomizers = set[[empty]], resourceBasePath = 'src/main/webapp', contextLoader = 'org.springframework.test.context.web.WebDelegatingSmartContextLoader', parent = [null]]]
[2022-06-30 21:00:36.860] DEBUG DefaultContextCache.logStatistics(DefaultContextCache.java:290) - Spring test ApplicationContext cache statistics: [DefaultContextCache@1e6308a9 size = 1, maxSize = 32, parentContextCount = 0, hitCount = 4, missCount = 1]
[2022-06-30 21:00:36.860] DEBUG UserDaoImpl.doDelete(UserDaoImpl.java:166) - ==============================
[2022-06-30 21:00:36.861] DEBUG UserDaoImpl.doDelete(UserDaoImpl.java:167) - param:UserVO [uId=p12, name=문서혜12, passwd=4321, level=BASIC, login=1, recommend=0, email=anstjgp@naver.com, regDt=날짜_사용안함, toString()=DTO [num=0, totalCnt=0]]
[2022-06-30 21:00:36.861] DEBUG UserDaoImpl.doDelete(UserDaoImpl.java:168) - statement:com.pcwk.ehr.user.doDelete
[2022-06-30 21:00:36.861] DEBUG UserDaoImpl.doDelete(UserDaoImpl.java:169) - ==============================
[2022-06-30 21:00:36.864] DEBUG Logger.debug(Logger.java:49) - Creating a new SqlSession
[2022-06-30 21:00:36.869] DEBUG Logger.debug(Logger.java:49) - SqlSession [org.apache.ibatis.session.defaults.DefaultSqlSession@4cd1c1dc] was not registered for synchronization because synchronization is not active
[2022-06-30 21:00:36.875] DEBUG DataSourceUtils.doGetConnection(DataSourceUtils.java:116) - Fetching JDBC Connection from DataSource
[2022-06-30 21:01:19.071] DEBUG Logger.debug(Logger.java:49) - Closing non transactional SqlSession [org.apache.ibatis.session.defaults.DefaultSqlSession@4cd1c1dc]
[2022-06-30 21:01:19.072] DEBUG DefaultCacheAwareContextLoaderDelegate.loadContext(DefaultCacheAwareContextLoaderDelegate.java:137) - Retrieved ApplicationContext [298430307] from cache with key [[WebMergedContextConfiguration@c86b9e3 testClass = JunitUserControllerTest, locations = '{file:src/main/webapp/WEB-INF/spring/root-context.xml, file:src/main/webapp/WEB-INF/spring/appServlet/servlet-context.xml}', classes = '{}', contextInitializerClasses = '[]', activeProfiles = '{}', propertySourceLocations = '{}', propertySourceProperties = '{}', contextCustomizers = set[[empty]], resourceBasePath = 'src/main/webapp', contextLoader = 'org.springframework.test.context.web.WebDelegatingSmartContextLoader', parent = [null]]]
[2022-06-30 21:01:19.072] DEBUG DefaultContextCache.logStatistics(DefaultContextCache.java:290) - Spring test ApplicationContext cache statistics: [DefaultContextCache@1e6308a9 size = 1, maxSize = 32, parentContextCount = 0, hitCount = 5, missCount = 1]
[2022-06-30 21:01:19.073] DEBUG DefaultCacheAwareContextLoaderDelegate.loadContext(DefaultCacheAwareContextLoaderDelegate.java:137) - Retrieved ApplicationContext [298430307] from cache with key [[WebMergedContextConfiguration@c86b9e3 testClass = JunitUserControllerTest, locations = '{file:src/main/webapp/WEB-INF/spring/root-context.xml, file:src/main/webapp/WEB-INF/spring/appServlet/servlet-context.xml}', classes = '{}', contextInitializerClasses = '[]', activeProfiles = '{}', propertySourceLocations = '{}', propertySourceProperties = '{}', contextCustomizers = set[[empty]], resourceBasePath = 'src/main/webapp', contextLoader = 'org.springframework.test.context.web.WebDelegatingSmartContextLoader', parent = [null]]]
[2022-06-30 21:01:19.074] DEBUG DefaultContextCache.logStatistics(DefaultContextCache.java:290) - Spring test ApplicationContext cache statistics: [DefaultContextCache@1e6308a9 size = 1, maxSize = 32, parentContextCount = 0, hitCount = 6, missCount = 1]
[2022-06-30 21:01:19.074] DEBUG AbstractDirtiesContextTestExecutionListener.beforeOrAfterTestMethod(AbstractDirtiesContextTestExecutionListener.java:108) - After test method: context [DefaultTestContext@6aaceffd testClass = JunitUserControllerTest, testInstance = com.pcwk.ehr.JunitUserControllerTest@5226e402, testMethod = doLogin@JunitUserControllerTest, testException = org.mybatis.spring.MyBatisSystemException: nested exception is org.apache.ibatis.exceptions.PersistenceException: 
### Error updating database.  Cause: org.springframework.jdbc.CannotGetJdbcConnectionException: Failed to obtain JDBC Connection; nested exception is org.apache.commons.dbcp.SQLNestedException: Cannot create PoolableConnectionFactory (IO 오류: The Network Adapter could not establish the connection)
### The error may exist in file [C:\DCOM_20220127\04_SPRING\workspace\SW_SH23\target\classes\mapper\user\user.xml]
### The error may involve com.pcwk.ehr.user.doDelete
### The error occurred while executing an update
### Cause: org.springframework.jdbc.CannotGetJdbcConnectionException: Failed to obtain JDBC Connection; nested exception is org.apache.commons.dbcp.SQLNestedException: Cannot create PoolableConnectionFactory (IO 오류: The Network Adapter could not establish the connection), mergedContextConfiguration = [WebMergedContextConfiguration@c86b9e3 testClass = JunitUserControllerTest, locations = '{file:src/main/webapp/WEB-INF/spring/root-context.xml, file:src/main/webapp/WEB-INF/spring/appServlet/servlet-context.xml}', classes = '{}', contextInitializerClasses = '[]', activeProfiles = '{}', propertySourceLocations = '{}', propertySourceProperties = '{}', contextCustomizers = set[[empty]], resourceBasePath = 'src/main/webapp', contextLoader = 'org.springframework.test.context.web.WebDelegatingSmartContextLoader', parent = [null]], attributes = map['org.springframework.test.context.web.ServletTestExecutionListener.populatedRequestContextHolder' -> true, 'org.springframework.test.context.web.ServletTestExecutionListener.resetRequestContextHolder' -> true, 'org.springframework.test.context.event.ApplicationEventsTestExecutionListener.recordApplicationEvents' -> false]], class annotated with @DirtiesContext [false] with mode [null], method annotated with @DirtiesContext [false] with mode [null].
[2022-06-30 21:01:19.075] DEBUG ServletTestExecutionListener.afterTestMethod(ServletTestExecutionListener.java:166) - Resetting RequestContextHolder for test context [DefaultTestContext@6aaceffd testClass = JunitUserControllerTest, testInstance = com.pcwk.ehr.JunitUserControllerTest@5226e402, testMethod = doLogin@JunitUserControllerTest, testException = org.mybatis.spring.MyBatisSystemException: nested exception is org.apache.ibatis.exceptions.PersistenceException: 
### Error updating database.  Cause: org.springframework.jdbc.CannotGetJdbcConnectionException: Failed to obtain JDBC Connection; nested exception is org.apache.commons.dbcp.SQLNestedException: Cannot create PoolableConnectionFactory (IO 오류: The Network Adapter could not establish the connection)
### The error may exist in file [C:\DCOM_20220127\04_SPRING\workspace\SW_SH23\target\classes\mapper\user\user.xml]
### The error may involve com.pcwk.ehr.user.doDelete
### The error occurred while executing an update
### Cause: org.springframework.jdbc.CannotGetJdbcConnectionException: Failed to obtain JDBC Connection; nested exception is org.apache.commons.dbcp.SQLNestedException: Cannot create PoolableConnectionFactory (IO 오류: The Network Adapter could not establish the connection), mergedContextConfiguration = [WebMergedContextConfiguration@c86b9e3 testClass = JunitUserControllerTest, locations = '{file:src/main/webapp/WEB-INF/spring/root-context.xml, file:src/main/webapp/WEB-INF/spring/appServlet/servlet-context.xml}', classes = '{}', contextInitializerClasses = '[]', activeProfiles = '{}', propertySourceLocations = '{}', propertySourceProperties = '{}', contextCustomizers = set[[empty]], resourceBasePath = 'src/main/webapp', contextLoader = 'org.springframework.test.context.web.WebDelegatingSmartContextLoader', parent = [null]], attributes = map['org.springframework.test.context.web.ServletTestExecutionListener.populatedRequestContextHolder' -> true, 'org.springframework.test.context.web.ServletTestExecutionListener.resetRequestContextHolder' -> true, 'org.springframework.test.context.event.ApplicationEventsTestExecutionListener.recordApplicationEvents' -> false]].
[2022-06-30 21:01:19.082] DEBUG DefaultCacheAwareContextLoaderDelegate.loadContext(DefaultCacheAwareContextLoaderDelegate.java:137) - Retrieved ApplicationContext [298430307] from cache with key [[WebMergedContextConfiguration@c86b9e3 testClass = JunitUserControllerTest, locations = '{file:src/main/webapp/WEB-INF/spring/root-context.xml, file:src/main/webapp/WEB-INF/spring/appServlet/servlet-context.xml}', classes = '{}', contextInitializerClasses = '[]', activeProfiles = '{}', propertySourceLocations = '{}', propertySourceProperties = '{}', contextCustomizers = set[[empty]], resourceBasePath = 'src/main/webapp', contextLoader = 'org.springframework.test.context.web.WebDelegatingSmartContextLoader', parent = [null]]]
[2022-06-30 21:01:19.082] DEBUG DefaultContextCache.logStatistics(DefaultContextCache.java:290) - Spring test ApplicationContext cache statistics: [DefaultContextCache@1e6308a9 size = 1, maxSize = 32, parentContextCount = 0, hitCount = 7, missCount = 1]
[2022-06-30 21:01:19.082] DEBUG AbstractDirtiesContextTestExecutionListener.beforeOrAfterTestClass(AbstractDirtiesContextTestExecutionListener.java:143) - After test class: context [DefaultTestContext@6aaceffd testClass = JunitUserControllerTest, testInstance = [null], testMethod = [null], testException = [null], mergedContextConfiguration = [WebMergedContextConfiguration@c86b9e3 testClass = JunitUserControllerTest, locations = '{file:src/main/webapp/WEB-INF/spring/root-context.xml, file:src/main/webapp/WEB-INF/spring/appServlet/servlet-context.xml}', classes = '{}', contextInitializerClasses = '[]', activeProfiles = '{}', propertySourceLocations = '{}', propertySourceProperties = '{}', contextCustomizers = set[[empty]], resourceBasePath = 'src/main/webapp', contextLoader = 'org.springframework.test.context.web.WebDelegatingSmartContextLoader', parent = [null]], attributes = map['org.springframework.test.context.event.ApplicationEventsTestExecutionListener.recordApplicationEvents' -> false, 'org.springframework.test.context.support.DependencyInjectionTestExecutionListener.reinjectDependencies' -> true]], class annotated with @DirtiesContext [false] with mode [null].
