[DEBUG], 2022-06-23 09:17:24 SpringJUnit4ClassRunner:139 - SpringJUnit4ClassRunner constructor called with [class com.pcwk.ehr.JunitUserDaoTest]
[DEBUG], 2022-06-23 09:17:24 BootstrapUtils:108 - Instantiating CacheAwareContextLoaderDelegate from class [org.springframework.test.context.cache.DefaultCacheAwareContextLoaderDelegate]
[DEBUG], 2022-06-23 09:17:24 BootstrapUtils:88 - Instantiating BootstrapContext using constructor [public org.springframework.test.context.support.DefaultBootstrapContext(java.lang.Class,org.springframework.test.context.CacheAwareContextLoaderDelegate)]
[DEBUG], 2022-06-23 09:17:24 BootstrapUtils:143 - Instantiating TestContextBootstrapper for test class [com.pcwk.ehr.JunitUserDaoTest] from class [org.springframework.test.context.support.DefaultTestContextBootstrapper]
[DEBUG], 2022-06-23 09:17:24 AbstractDelegatingSmartContextLoader:263 - Delegating to GenericXmlContextLoader to process context configuration [ContextConfigurationAttributes@747ddf94 declaringClass = 'com.pcwk.ehr.JunitUserDaoTest', classes = '{}', locations = '{file:src/main/webapp/WEB-INF/spring/root-context.xml, file:src/main/webapp/WEB-INF/spring/appServlet/servlet-context.xml}', inheritLocations = true, initializers = '{}', inheritInitializers = true, name = [null], contextLoaderClass = 'org.springframework.test.context.ContextLoader'].
[DEBUG], 2022-06-23 09:17:24 ActiveProfilesUtils:79 - Could not find an 'annotation declaring class' for annotation type [org.springframework.test.context.ActiveProfiles] and class [com.pcwk.ehr.JunitUserDaoTest]
[DEBUG], 2022-06-23 09:17:24 DefaultTestContextBootstrapper:124 - @TestExecutionListeners is not present for class [com.pcwk.ehr.JunitUserDaoTest]: using defaults.
[INFO], 2022-06-23 09:17:24 DefaultTestContextBootstrapper:245 - Loaded default TestExecutionListener class names from location [META-INF/spring.factories]: [org.springframework.test.context.web.ServletTestExecutionListener, org.springframework.test.context.support.DirtiesContextBeforeModesTestExecutionListener, org.springframework.test.context.event.ApplicationEventsTestExecutionListener, org.springframework.test.context.support.DependencyInjectionTestExecutionListener, org.springframework.test.context.support.DirtiesContextTestExecutionListener, org.springframework.test.context.transaction.TransactionalTestExecutionListener, org.springframework.test.context.jdbc.SqlScriptsTestExecutionListener, org.springframework.test.context.event.EventPublishingTestExecutionListener]
[INFO], 2022-06-23 09:17:24 DefaultTestContextBootstrapper:174 - Using TestExecutionListeners: [org.springframework.test.context.web.ServletTestExecutionListener@5fbe4146, org.springframework.test.context.support.DirtiesContextBeforeModesTestExecutionListener@1e66f1f5, org.springframework.test.context.event.ApplicationEventsTestExecutionListener@4e50c791, org.springframework.test.context.support.DependencyInjectionTestExecutionListener@7530ad9c, org.springframework.test.context.support.DirtiesContextTestExecutionListener@58a9760d, org.springframework.test.context.transaction.TransactionalTestExecutionListener@71e9ddb4, org.springframework.test.context.jdbc.SqlScriptsTestExecutionListener@394df057, org.springframework.test.context.event.EventPublishingTestExecutionListener@4961f6af]
[DEBUG], 2022-06-23 09:17:24 ProfileValueUtils:70 - Retrieved @ProfileValueSourceConfiguration [null] for test class [com.pcwk.ehr.JunitUserDaoTest]
[DEBUG], 2022-06-23 09:17:24 ProfileValueUtils:83 - Retrieved ProfileValueSource type [class org.springframework.test.annotation.SystemProfileValueSource] for class [com.pcwk.ehr.JunitUserDaoTest]
[DEBUG], 2022-06-23 09:17:24 ProfileValueUtils:70 - Retrieved @ProfileValueSourceConfiguration [null] for test class [com.pcwk.ehr.JunitUserDaoTest]
[DEBUG], 2022-06-23 09:17:24 ProfileValueUtils:83 - Retrieved ProfileValueSource type [class org.springframework.test.annotation.SystemProfileValueSource] for class [com.pcwk.ehr.JunitUserDaoTest]
[DEBUG], 2022-06-23 09:17:24 ProfileValueUtils:70 - Retrieved @ProfileValueSourceConfiguration [null] for test class [com.pcwk.ehr.JunitUserDaoTest]
[DEBUG], 2022-06-23 09:17:24 ProfileValueUtils:83 - Retrieved ProfileValueSource type [class org.springframework.test.annotation.SystemProfileValueSource] for class [com.pcwk.ehr.JunitUserDaoTest]
[DEBUG], 2022-06-23 09:17:24 ProfileValueUtils:70 - Retrieved @ProfileValueSourceConfiguration [null] for test class [com.pcwk.ehr.JunitUserDaoTest]
[DEBUG], 2022-06-23 09:17:24 ProfileValueUtils:83 - Retrieved ProfileValueSource type [class org.springframework.test.annotation.SystemProfileValueSource] for class [com.pcwk.ehr.JunitUserDaoTest]
[DEBUG], 2022-06-23 09:17:24 ProfileValueUtils:70 - Retrieved @ProfileValueSourceConfiguration [null] for test class [com.pcwk.ehr.JunitUserDaoTest]
[DEBUG], 2022-06-23 09:17:24 ProfileValueUtils:83 - Retrieved ProfileValueSource type [class org.springframework.test.annotation.SystemProfileValueSource] for class [com.pcwk.ehr.JunitUserDaoTest]
[DEBUG], 2022-06-23 09:17:24 ProfileValueUtils:70 - Retrieved @ProfileValueSourceConfiguration [null] for test class [com.pcwk.ehr.JunitUserDaoTest]
[DEBUG], 2022-06-23 09:17:24 ProfileValueUtils:83 - Retrieved ProfileValueSource type [class org.springframework.test.annotation.SystemProfileValueSource] for class [com.pcwk.ehr.JunitUserDaoTest]
[DEBUG], 2022-06-23 09:17:24 AbstractDirtiesContextTestExecutionListener:143 - Before test class: context [DefaultTestContext@762ef0ea testClass = JunitUserDaoTest, testInstance = [null], testMethod = [null], testException = [null], mergedContextConfiguration = [MergedContextConfiguration@31f9b85e testClass = JunitUserDaoTest, locations = '{file:src/main/webapp/WEB-INF/spring/root-context.xml, file:src/main/webapp/WEB-INF/spring/appServlet/servlet-context.xml}', classes = '{}', contextInitializerClasses = '[]', activeProfiles = '{}', propertySourceLocations = '{}', propertySourceProperties = '{}', contextCustomizers = set[[empty]], contextLoader = 'org.springframework.test.context.support.DelegatingSmartContextLoader', parent = [null]], attributes = map[[empty]]], class annotated with @DirtiesContext [false] with mode [null].
[DEBUG], 2022-06-23 09:17:24 ProfileValueUtils:70 - Retrieved @ProfileValueSourceConfiguration [null] for test class [com.pcwk.ehr.JunitUserDaoTest]
[DEBUG], 2022-06-23 09:17:24 ProfileValueUtils:83 - Retrieved ProfileValueSource type [class org.springframework.test.annotation.SystemProfileValueSource] for class [com.pcwk.ehr.JunitUserDaoTest]
[DEBUG], 2022-06-23 09:17:24 DependencyInjectionTestExecutionListener:81 - Performing dependency injection for test context [[DefaultTestContext@762ef0ea testClass = JunitUserDaoTest, testInstance = com.pcwk.ehr.JunitUserDaoTest@313b2ea6, testMethod = [null], testException = [null], mergedContextConfiguration = [MergedContextConfiguration@31f9b85e testClass = JunitUserDaoTest, locations = '{file:src/main/webapp/WEB-INF/spring/root-context.xml, file:src/main/webapp/WEB-INF/spring/appServlet/servlet-context.xml}', classes = '{}', contextInitializerClasses = '[]', activeProfiles = '{}', propertySourceLocations = '{}', propertySourceProperties = '{}', contextCustomizers = set[[empty]], contextLoader = 'org.springframework.test.context.support.DelegatingSmartContextLoader', parent = [null]], attributes = map['org.springframework.test.context.event.ApplicationEventsTestExecutionListener.recordApplicationEvents' -> false]]].
[DEBUG], 2022-06-23 09:17:24 AbstractDelegatingSmartContextLoader:273 - Delegating to GenericXmlContextLoader to load context from [MergedContextConfiguration@31f9b85e testClass = JunitUserDaoTest, locations = '{file:src/main/webapp/WEB-INF/spring/root-context.xml, file:src/main/webapp/WEB-INF/spring/appServlet/servlet-context.xml}', classes = '{}', contextInitializerClasses = '[]', activeProfiles = '{}', propertySourceLocations = '{}', propertySourceProperties = '{}', contextCustomizers = set[[empty]], contextLoader = 'org.springframework.test.context.support.DelegatingSmartContextLoader', parent = [null]].
[DEBUG], 2022-06-23 09:17:24 AbstractGenericContextLoader:107 - Loading ApplicationContext for merged context configuration [[MergedContextConfiguration@31f9b85e testClass = JunitUserDaoTest, locations = '{file:src/main/webapp/WEB-INF/spring/root-context.xml, file:src/main/webapp/WEB-INF/spring/appServlet/servlet-context.xml}', classes = '{}', contextInitializerClasses = '[]', activeProfiles = '{}', propertySourceLocations = '{}', propertySourceProperties = '{}', contextCustomizers = set[[empty]], contextLoader = 'org.springframework.test.context.support.DelegatingSmartContextLoader', parent = [null]]].
[DEBUG], 2022-06-23 09:17:24 StandardEnvironment:302 - Activating profiles []
[DEBUG], 2022-06-23 09:17:24 XmlBeanDefinitionReader:393 - Loaded 11 bean definitions from URL [file:src/main/webapp/WEB-INF/spring/root-context.xml]
[DEBUG], 2022-06-23 09:17:24 ClassPathBeanDefinitionScanner:435 - Identified candidate component class: file [C:\DCOM_20220127\04_SPRING\workspace\SW_SH21\target\classes\com\pcwk\ehr\HomeController.class]
[DEBUG], 2022-06-23 09:17:24 ClassPathBeanDefinitionScanner:435 - Identified candidate component class: file [C:\DCOM_20220127\04_SPRING\workspace\SW_SH21\target\classes\com\pcwk\ehr\boot\controller\BootController.class]
[DEBUG], 2022-06-23 09:17:24 ClassPathBeanDefinitionScanner:435 - Identified candidate component class: file [C:\DCOM_20220127\04_SPRING\workspace\SW_SH21\target\classes\com\pcwk\ehr\user\controller\UserController.class]
[DEBUG], 2022-06-23 09:17:24 ClassPathBeanDefinitionScanner:435 - Identified candidate component class: file [C:\DCOM_20220127\04_SPRING\workspace\SW_SH21\target\classes\com\pcwk\ehr\user\dao\UserDaoImpl.class]
[DEBUG], 2022-06-23 09:17:24 ClassPathBeanDefinitionScanner:435 - Identified candidate component class: file [C:\DCOM_20220127\04_SPRING\workspace\SW_SH21\target\classes\com\pcwk\ehr\user\service\UserServiceImpl.class]
[DEBUG], 2022-06-23 09:17:24 XmlBeanDefinitionReader:393 - Loaded 35 bean definitions from URL [file:src/main/webapp/WEB-INF/spring/appServlet/servlet-context.xml]
[DEBUG], 2022-06-23 09:17:24 DefaultListableBeanFactory:225 - Creating shared instance of singleton bean 'org.springframework.context.annotation.internalConfigurationAnnotationProcessor'
[DEBUG], 2022-06-23 09:17:24 DefaultListableBeanFactory:225 - Creating shared instance of singleton bean 'org.springframework.context.support.PropertySourcesPlaceholderConfigurer#0'
[DEBUG], 2022-06-23 09:17:24 PropertySourcesPropertyResolver:115 - Found key 'jdbc.driver' in PropertySource 'localProperties' with value of type String
[DEBUG], 2022-06-23 09:17:24 PropertySourcesPropertyResolver:115 - Found key 'jdbc.url' in PropertySource 'localProperties' with value of type String
[DEBUG], 2022-06-23 09:17:24 PropertySourcesPropertyResolver:115 - Found key 'jdbc.username' in PropertySource 'localProperties' with value of type String
[DEBUG], 2022-06-23 09:17:24 PropertySourcesPropertyResolver:115 - Found key 'jdbc.password' in PropertySource 'localProperties' with value of type String
[DEBUG], 2022-06-23 09:17:24 PropertySourcesPropertyResolver:115 - Found key 'jdbc.maxActive' in PropertySource 'localProperties' with value of type String
[DEBUG], 2022-06-23 09:17:24 PropertySourcesPropertyResolver:115 - Found key 'jdbc.maxIdle' in PropertySource 'localProperties' with value of type String
[DEBUG], 2022-06-23 09:17:24 PropertySourcesPropertyResolver:115 - Found key 'jdbc.maxWait' in PropertySource 'localProperties' with value of type String
[DEBUG], 2022-06-23 09:17:24 PropertySourcesPropertyResolver:115 - Found key 'jdbc.removeAbandoned' in PropertySource 'localProperties' with value of type String
[DEBUG], 2022-06-23 09:17:24 PropertySourcesPropertyResolver:115 - Found key 'jdbc.removeAbandonedTimeout' in PropertySource 'localProperties' with value of type String
[DEBUG], 2022-06-23 09:17:24 DefaultListableBeanFactory:225 - Creating shared instance of singleton bean 'org.springframework.context.event.internalEventListenerProcessor'
[DEBUG], 2022-06-23 09:17:24 DefaultListableBeanFactory:225 - Creating shared instance of singleton bean 'org.springframework.context.event.internalEventListenerFactory'
[DEBUG], 2022-06-23 09:17:24 DefaultListableBeanFactory:225 - Creating shared instance of singleton bean 'org.springframework.context.annotation.internalAutowiredAnnotationProcessor'
[DEBUG], 2022-06-23 09:17:24 DefaultListableBeanFactory:225 - Creating shared instance of singleton bean 'org.springframework.context.annotation.internalCommonAnnotationProcessor'
[DEBUG], 2022-06-23 09:17:24 DefaultListableBeanFactory:225 - Creating shared instance of singleton bean 'org.springframework.aop.config.internalAutoProxyCreator'
[DEBUG], 2022-06-23 09:17:24 DefaultListableBeanFactory:225 - Creating shared instance of singleton bean 'sqlSessionTemplate'
[DEBUG], 2022-06-23 09:17:24 DefaultListableBeanFactory:225 - Creating shared instance of singleton bean 'org.springframework.aop.support.DefaultBeanFactoryPointcutAdvisor#0'
[DEBUG], 2022-06-23 09:17:24 DefaultListableBeanFactory:225 - Creating shared instance of singleton bean 'sqlSessionFactoryBean'
[DEBUG], 2022-06-23 09:17:24 DefaultListableBeanFactory:225 - Creating shared instance of singleton bean 'dataSource'
[DEBUG], 2022-06-23 09:17:24 debug:372 - log4jdbc-logj2 properties initialization...
[DEBUG], 2022-06-23 09:17:24 debug:372 - Using logger: null
[DEBUG], 2022-06-23 09:17:24 debug:372 - x log4jdbc.debug.stack.prefix is not defined
[DEBUG], 2022-06-23 09:17:24 debug:372 - x log4jdbc.sqltiming.warn.threshold is not defined
[DEBUG], 2022-06-23 09:17:24 debug:372 - x log4jdbc.sqltiming.error.threshold is not defined
[DEBUG], 2022-06-23 09:17:24 debug:372 - x log4jdbc.dump.booleanastruefalse is not defined (using default value false)
[DEBUG], 2022-06-23 09:17:24 debug:372 - x log4jdbc.dump.sql.maxlinelength is not defined (using default of 90)
[DEBUG], 2022-06-23 09:17:24 debug:372 - x log4jdbc.dump.fulldebugstacktrace is not defined (using default value false)
[DEBUG], 2022-06-23 09:17:24 debug:372 - x log4jdbc.statement.warn is not defined (using default value false)
[DEBUG], 2022-06-23 09:17:24 debug:372 - x log4jdbc.dump.sql.select is not defined (using default value true)
[DEBUG], 2022-06-23 09:17:24 debug:372 - x log4jdbc.dump.sql.insert is not defined (using default value true)
[DEBUG], 2022-06-23 09:17:24 debug:372 - x log4jdbc.dump.sql.update is not defined (using default value true)
[DEBUG], 2022-06-23 09:17:24 debug:372 - x log4jdbc.dump.sql.delete is not defined (using default value true)
[DEBUG], 2022-06-23 09:17:24 debug:372 - x log4jdbc.dump.sql.create is not defined (using default value true)
[DEBUG], 2022-06-23 09:17:24 debug:372 - x log4jdbc.dump.sql.addsemicolon is not defined (using default value false)
[DEBUG], 2022-06-23 09:17:24 debug:372 - x log4jdbc.auto.load.popular.drivers is not defined (using default value true)
[DEBUG], 2022-06-23 09:17:24 debug:372 - x log4jdbc.drivers is not defined
[DEBUG], 2022-06-23 09:17:24 debug:372 - x log4jdbc.trim.sql is not defined (using default value true)
[DEBUG], 2022-06-23 09:17:24 debug:372 - x log4jdbc.trim.sql.extrablanklines is not defined (using default value true)
[DEBUG], 2022-06-23 09:17:24 debug:372 - x log4jdbc.suppress.generated.keys.exception is not defined (using default value false)
[DEBUG], 2022-06-23 09:17:24 debug:372 - log4jdbc-logj2 properties initialization done.
[DEBUG], 2022-06-23 09:17:24 debug:372 - DriverSpy intialization...
[DEBUG], 2022-06-23 09:17:24 debug:372 -   FOUND DRIVER oracle.jdbc.OracleDriver
[DEBUG], 2022-06-23 09:17:24 debug:372 -   FOUND DRIVER oracle.jdbc.driver.OracleDriver
[DEBUG], 2022-06-23 09:17:24 debug:372 - DriverSpy intialization done.
[DEBUG], 2022-06-23 09:17:25 LogFactory:105 - Logging initialized using 'class org.apache.ibatis.logging.log4j2.Log4j2Impl' adapter.
[DEBUG], 2022-06-23 09:17:25 DefaultListableBeanFactory:225 - Creating shared instance of singleton bean 'dummyMailSender'
[DEBUG], 2022-06-23 09:17:25 DefaultListableBeanFactory:225 - Creating shared instance of singleton bean 'mailSenderImpl'
[DEBUG], 2022-06-23 09:17:25 DefaultListableBeanFactory:225 - Creating shared instance of singleton bean 'transactionManager'
[DEBUG], 2022-06-23 09:17:25 DefaultListableBeanFactory:225 - Creating shared instance of singleton bean 'txAdvice'
[DEBUG], 2022-06-23 09:17:25 NameMatchTransactionAttributeSource:102 - Adding transactional method [do*] with attribute [PROPAGATION_REQUIRED,ISOLATION_DEFAULT,readOnly]
[DEBUG], 2022-06-23 09:17:25 NameMatchTransactionAttributeSource:102 - Adding transactional method [up*] with attribute [PROPAGATION_REQUIRED,ISOLATION_DEFAULT]
[DEBUG], 2022-06-23 09:17:25 DefaultListableBeanFactory:225 - Creating shared instance of singleton bean 'mvcContentNegotiationManager'
[DEBUG], 2022-06-23 09:17:25 DefaultListableBeanFactory:225 - Creating shared instance of singleton bean 'org.springframework.web.servlet.mvc.method.annotation.RequestMappingHandlerMapping'
[DEBUG], 2022-06-23 09:17:25 DefaultListableBeanFactory:225 - Creating shared instance of singleton bean 'mvcCorsConfigurations'
[DEBUG], 2022-06-23 09:17:25 DefaultListableBeanFactory:225 - Creating shared instance of singleton bean 'org.springframework.web.servlet.handler.MappedInterceptor#0'
[DEBUG], 2022-06-23 09:17:25 DefaultListableBeanFactory:225 - Creating shared instance of singleton bean 'org.springframework.format.support.FormattingConversionServiceFactoryBean#0'
[DEBUG], 2022-06-23 09:17:25 DefaultListableBeanFactory:225 - Creating shared instance of singleton bean 'org.springframework.web.servlet.handler.MappedInterceptor#1'
[DEBUG], 2022-06-23 09:17:25 RequestMappingHandlerMapping:367 - 11 mappings in 'org.springframework.web.servlet.mvc.method.annotation.RequestMappingHandlerMapping'
[DEBUG], 2022-06-23 09:17:25 DefaultListableBeanFactory:225 - Creating shared instance of singleton bean 'org.springframework.web.servlet.mvc.method.annotation.RequestMappingHandlerAdapter'
[DEBUG], 2022-06-23 09:17:25 RequestMappingHandlerAdapter:622 - ControllerAdvice beans: none
[DEBUG], 2022-06-23 09:17:25 DefaultListableBeanFactory:225 - Creating shared instance of singleton bean 'mvcUriComponentsContributor'
[DEBUG], 2022-06-23 09:17:25 RequestMappingHandlerAdapter:622 - ControllerAdvice beans: none
[DEBUG], 2022-06-23 09:17:25 DefaultListableBeanFactory:225 - Creating shared instance of singleton bean 'org.springframework.web.servlet.mvc.method.annotation.ExceptionHandlerExceptionResolver#0'
[DEBUG], 2022-06-23 09:17:25 ExceptionHandlerExceptionResolver:304 - ControllerAdvice beans: none
[DEBUG], 2022-06-23 09:17:25 DefaultListableBeanFactory:225 - Creating shared instance of singleton bean 'org.springframework.web.servlet.mvc.annotation.ResponseStatusExceptionResolver#0'
[DEBUG], 2022-06-23 09:17:25 DefaultListableBeanFactory:225 - Creating shared instance of singleton bean 'org.springframework.web.servlet.mvc.support.DefaultHandlerExceptionResolver#0'
[DEBUG], 2022-06-23 09:17:25 DefaultListableBeanFactory:225 - Creating shared instance of singleton bean 'org.springframework.web.servlet.handler.BeanNameUrlHandlerMapping'
[DEBUG], 2022-06-23 09:17:25 Mappings:86 - 'org.springframework.web.servlet.handler.BeanNameUrlHandlerMapping' {}
[DEBUG], 2022-06-23 09:17:25 DefaultListableBeanFactory:225 - Creating shared instance of singleton bean 'org.springframework.web.servlet.mvc.HttpRequestHandlerAdapter'
[DEBUG], 2022-06-23 09:17:25 DefaultListableBeanFactory:225 - Creating shared instance of singleton bean 'org.springframework.web.servlet.mvc.SimpleControllerHandlerAdapter'
[DEBUG], 2022-06-23 09:17:25 DefaultListableBeanFactory:225 - Creating shared instance of singleton bean 'localeResolver'
[DEBUG], 2022-06-23 09:17:25 DefaultListableBeanFactory:225 - Creating shared instance of singleton bean 'themeResolver'
[DEBUG], 2022-06-23 09:17:25 DefaultListableBeanFactory:225 - Creating shared instance of singleton bean 'viewNameTranslator'
[DEBUG], 2022-06-23 09:17:25 DefaultListableBeanFactory:225 - Creating shared instance of singleton bean 'flashMapManager'
[DEBUG], 2022-06-23 09:17:25 DefaultListableBeanFactory:225 - Creating shared instance of singleton bean 'mvcResourceUrlProvider'
[DEBUG], 2022-06-23 09:17:25 DefaultListableBeanFactory:225 - Creating shared instance of singleton bean 'mvcPathMatcher'
[DEBUG], 2022-06-23 09:17:25 DefaultListableBeanFactory:225 - Creating shared instance of singleton bean 'mvcUrlPathHelper'
[DEBUG], 2022-06-23 09:17:25 DefaultListableBeanFactory:225 - Creating shared instance of singleton bean 'org.springframework.web.servlet.resource.ResourceHttpRequestHandler#0'
[DEBUG], 2022-06-23 09:17:25 DefaultListableBeanFactory:225 - Creating shared instance of singleton bean 'org.springframework.web.servlet.handler.SimpleUrlHandlerMapping#0'
[DEBUG], 2022-06-23 09:17:25 Mappings:177 - 'org.springframework.web.servlet.handler.SimpleUrlHandlerMapping#0' {/resources/**=ResourceHttpRequestHandler [classpath [resources/]]}
[DEBUG], 2022-06-23 09:17:25 DefaultListableBeanFactory:225 - Creating shared instance of singleton bean 'org.springframework.web.servlet.view.InternalResourceViewResolver#0'
[DEBUG], 2022-06-23 09:17:25 DefaultListableBeanFactory:225 - Creating shared instance of singleton bean 'homeController'
[DEBUG], 2022-06-23 09:17:25 DefaultListableBeanFactory:225 - Creating shared instance of singleton bean 'bootController'
[DEBUG], 2022-06-23 09:17:25 DefaultListableBeanFactory:225 - Creating shared instance of singleton bean 'userController'
[DEBUG], 2022-06-23 09:17:25 DefaultListableBeanFactory:225 - Creating shared instance of singleton bean 'userService'
[DEBUG], 2022-06-23 09:17:25 DefaultListableBeanFactory:225 - Creating shared instance of singleton bean 'userDao'
[DEBUG], 2022-06-23 09:17:25 DefaultCacheAwareContextLoaderDelegate:126 - Storing ApplicationContext [1431467659] in cache under key [[MergedContextConfiguration@31f9b85e testClass = JunitUserDaoTest, locations = '{file:src/main/webapp/WEB-INF/spring/root-context.xml, file:src/main/webapp/WEB-INF/spring/appServlet/servlet-context.xml}', classes = '{}', contextInitializerClasses = '[]', activeProfiles = '{}', propertySourceLocations = '{}', propertySourceProperties = '{}', contextCustomizers = set[[empty]], contextLoader = 'org.springframework.test.context.support.DelegatingSmartContextLoader', parent = [null]]]
[DEBUG], 2022-06-23 09:17:25 cache:290 - Spring test ApplicationContext cache statistics: [DefaultContextCache@65327f5 size = 1, maxSize = 32, parentContextCount = 0, hitCount = 0, missCount = 1]
[DEBUG], 2022-06-23 09:17:25 DefaultCacheAwareContextLoaderDelegate:137 - Retrieved ApplicationContext [1431467659] from cache with key [[MergedContextConfiguration@31f9b85e testClass = JunitUserDaoTest, locations = '{file:src/main/webapp/WEB-INF/spring/root-context.xml, file:src/main/webapp/WEB-INF/spring/appServlet/servlet-context.xml}', classes = '{}', contextInitializerClasses = '[]', activeProfiles = '{}', propertySourceLocations = '{}', propertySourceProperties = '{}', contextCustomizers = set[[empty]], contextLoader = 'org.springframework.test.context.support.DelegatingSmartContextLoader', parent = [null]]]
[DEBUG], 2022-06-23 09:17:25 cache:290 - Spring test ApplicationContext cache statistics: [DefaultContextCache@65327f5 size = 1, maxSize = 32, parentContextCount = 0, hitCount = 1, missCount = 1]
[DEBUG], 2022-06-23 09:17:25 AbstractDirtiesContextTestExecutionListener:108 - Before test method: context [DefaultTestContext@762ef0ea testClass = JunitUserDaoTest, testInstance = com.pcwk.ehr.JunitUserDaoTest@313b2ea6, testMethod = idCheck@JunitUserDaoTest, testException = [null], mergedContextConfiguration = [MergedContextConfiguration@31f9b85e testClass = JunitUserDaoTest, locations = '{file:src/main/webapp/WEB-INF/spring/root-context.xml, file:src/main/webapp/WEB-INF/spring/appServlet/servlet-context.xml}', classes = '{}', contextInitializerClasses = '[]', activeProfiles = '{}', propertySourceLocations = '{}', propertySourceProperties = '{}', contextCustomizers = set[[empty]], contextLoader = 'org.springframework.test.context.support.DelegatingSmartContextLoader', parent = [null]], attributes = map['org.springframework.test.context.event.ApplicationEventsTestExecutionListener.recordApplicationEvents' -> false]], class annotated with @DirtiesContext [false] with mode [null], method annotated with @DirtiesContext [false] with mode [null].
[DEBUG], 2022-06-23 09:17:25 DefaultCacheAwareContextLoaderDelegate:137 - Retrieved ApplicationContext [1431467659] from cache with key [[MergedContextConfiguration@31f9b85e testClass = JunitUserDaoTest, locations = '{file:src/main/webapp/WEB-INF/spring/root-context.xml, file:src/main/webapp/WEB-INF/spring/appServlet/servlet-context.xml}', classes = '{}', contextInitializerClasses = '[]', activeProfiles = '{}', propertySourceLocations = '{}', propertySourceProperties = '{}', contextCustomizers = set[[empty]], contextLoader = 'org.springframework.test.context.support.DelegatingSmartContextLoader', parent = [null]]]
[DEBUG], 2022-06-23 09:17:25 cache:290 - Spring test ApplicationContext cache statistics: [DefaultContextCache@65327f5 size = 1, maxSize = 32, parentContextCount = 0, hitCount = 2, missCount = 1]
[DEBUG], 2022-06-23 09:17:25 JunitUserDaoTest:47 - ====================
[DEBUG], 2022-06-23 09:17:25 JunitUserDaoTest:48 - =0.setUp()=
[DEBUG], 2022-06-23 09:17:25 JunitUserDaoTest:49 - ====================
[DEBUG], 2022-06-23 09:17:25 JunitUserDaoTest:57 - context:org.springframework.context.support.GenericApplicationContext@5552768b, started on Thu Jun 23 09:17:24 KST 2022
[DEBUG], 2022-06-23 09:17:25 JunitUserDaoTest:58 - dao:com.pcwk.ehr.user.dao.UserDaoImpl@6d91790b
[DEBUG], 2022-06-23 09:17:25 DefaultCacheAwareContextLoaderDelegate:137 - Retrieved ApplicationContext [1431467659] from cache with key [[MergedContextConfiguration@31f9b85e testClass = JunitUserDaoTest, locations = '{file:src/main/webapp/WEB-INF/spring/root-context.xml, file:src/main/webapp/WEB-INF/spring/appServlet/servlet-context.xml}', classes = '{}', contextInitializerClasses = '[]', activeProfiles = '{}', propertySourceLocations = '{}', propertySourceProperties = '{}', contextCustomizers = set[[empty]], contextLoader = 'org.springframework.test.context.support.DelegatingSmartContextLoader', parent = [null]]]
[DEBUG], 2022-06-23 09:17:25 cache:290 - Spring test ApplicationContext cache statistics: [DefaultContextCache@65327f5 size = 1, maxSize = 32, parentContextCount = 0, hitCount = 3, missCount = 1]
[DEBUG], 2022-06-23 09:17:25 UserDaoImpl:169 - ==============================
[DEBUG], 2022-06-23 09:17:25 UserDaoImpl:170 - param:UserVO [uId=p22, name=이은빈22, passwd=4321, level=BASIC, login=1, recommend=0, email=eunbin620@naver.com, regDt=날짜_사용안함, toString()=DTO [num=0, totalCnt=0]]
[DEBUG], 2022-06-23 09:17:25 UserDaoImpl:171 - statement:com.pcwk.ehr.user.doDelete
[DEBUG], 2022-06-23 09:17:25 UserDaoImpl:172 - ==============================
[DEBUG], 2022-06-23 09:17:25 SqlSessionUtils:49 - Creating a new SqlSession
[DEBUG], 2022-06-23 09:17:25 SqlSessionUtils:49 - SqlSession [org.apache.ibatis.session.defaults.DefaultSqlSession@19593091] was not registered for synchronization because synchronization is not active
[DEBUG], 2022-06-23 09:17:25 DataSourceUtils:116 - Fetching JDBC Connection from DataSource
[INFO], 2022-06-23 09:17:26 log4j2:365 -  org.apache.commons.dbcp.DriverConnectionFactory.createConnection(DriverConnectionFactory.java:38)
1. Connection opened. {executed in 1146ms} 
open connections:  1 (1)
[INFO], 2022-06-23 09:17:26 log4j2:197 -  org.apache.commons.dbcp.DriverConnectionFactory.createConnection(DriverConnectionFactory.java:38)
1. Connection.new Connection returned 
[INFO], 2022-06-23 09:17:26 log4j2:197 -  org.apache.commons.dbcp.PoolableConnectionFactory.initializeConnection(PoolableConnectionFactory.java:597)
1. Connection.isClosed() returned false
[INFO], 2022-06-23 09:17:26 log4j2:197 -  org.apache.commons.dbcp.DelegatingConnection.getAutoCommit(DelegatingConnection.java:337)
1. Connection.getAutoCommit() returned true
[INFO], 2022-06-23 09:17:26 log4j2:197 -  org.apache.commons.dbcp.DelegatingConnection.isClosed(DelegatingConnection.java:386)
1. Connection.isClosed() returned false
[INFO], 2022-06-23 09:17:26 log4j2:197 -  org.apache.commons.dbcp.DelegatingConnection.getAutoCommit(DelegatingConnection.java:337)
1. Connection.getAutoCommit() returned true
[INFO], 2022-06-23 09:17:26 log4j2:197 -  org.apache.commons.dbcp.DelegatingConnection.clearWarnings(DelegatingConnection.java:331)
1. Connection.clearWarnings() returned 
[INFO], 2022-06-23 09:17:26 log4j2:197 -  org.apache.commons.dbcp.DelegatingConnection.getAutoCommit(DelegatingConnection.java:337)
1. Connection.getAutoCommit() returned true
[INFO], 2022-06-23 09:17:26 log4j2:365 -  org.apache.commons.dbcp.DelegatingConnection.close(DelegatingConnection.java:247)
1. Connection closed. {executed in 8ms} 
open connections:  none
[INFO], 2022-06-23 09:17:26 log4j2:197 -  org.apache.commons.dbcp.DelegatingConnection.close(DelegatingConnection.java:247)
1. Connection.close() returned 
[INFO], 2022-06-23 09:17:26 log4j2:365 -  org.apache.commons.dbcp.DriverConnectionFactory.createConnection(DriverConnectionFactory.java:38)
2. Connection opened. {executed in 105ms} 
open connections:  2 (1)
[INFO], 2022-06-23 09:17:26 log4j2:197 -  org.apache.commons.dbcp.DriverConnectionFactory.createConnection(DriverConnectionFactory.java:38)
2. Connection.new Connection returned 
[INFO], 2022-06-23 09:17:26 log4j2:197 -  org.apache.commons.dbcp.PoolableConnectionFactory.initializeConnection(PoolableConnectionFactory.java:597)
2. Connection.isClosed() returned false
[INFO], 2022-06-23 09:17:26 log4j2:197 -  org.apache.commons.dbcp.DelegatingConnection.getAutoCommit(DelegatingConnection.java:337)
2. Connection.getAutoCommit() returned true
[INFO], 2022-06-23 09:17:26 log4j2:197 -  org.apache.commons.dbcp.DelegatingConnection.getAutoCommit(DelegatingConnection.java:337)
2. Connection.getAutoCommit() returned true
[INFO], 2022-06-23 09:17:26 log4j2:197 -  org.apache.commons.dbcp.DelegatingConnection.toString(DelegatingConnection.java:114)
2. Connection.isClosed() returned false
[INFO], 2022-06-23 09:17:26 log4j2:197 -  org.apache.commons.dbcp.DelegatingConnection.toString(DelegatingConnection.java:118)
2. Connection.getMetaData() returned oracle.jdbc.driver.OracleDatabaseMetaData@4ba380c7
[DEBUG], 2022-06-23 09:17:26 SpringManagedTransaction:49 - JDBC Connection [jdbc:oracle:thin:@192.168.3.101:1521:xe, UserName=SPRING, Oracle JDBC driver] will not be managed by Spring
[DEBUG], 2022-06-23 09:17:26 doDelete:137 - ==>  Preparing: DELETE FROM hr_member WHERE u_id = ?
[INFO], 2022-06-23 09:17:27 log4j2:197 -  org.apache.commons.dbcp.DelegatingConnection.prepareStatement(DelegatingConnection.java:281)
2. PreparedStatement.new PreparedStatement returned 
[INFO], 2022-06-23 09:17:27 log4j2:197 -  org.apache.commons.dbcp.DelegatingConnection.prepareStatement(DelegatingConnection.java:281)
2. Connection.prepareStatement(DELETE FROM hr_member  
	WHERE u_id = ?) returned net.sf.log4jdbc.sql.jdbcapi.PreparedStatementSpy@6ab4ba9f
[INFO], 2022-06-23 09:17:27 log4j2:197 -  org.apache.commons.dbcp.DelegatingPreparedStatement.setString(DelegatingPreparedStatement.java:135)
2. PreparedStatement.setString(1, "p22") returned 
[DEBUG], 2022-06-23 09:17:27 doDelete:137 - ==> Parameters: p22(String)
[INFO], 2022-06-23 09:17:27 log4j2:243 -  org.apache.commons.dbcp.DelegatingPreparedStatement.execute(DelegatingPreparedStatement.java:172)
2. DELETE FROM hr_member WHERE u_id = 'p22'  {executed in 6 ms}
[INFO], 2022-06-23 09:17:27 log4j2:197 -  org.apache.commons.dbcp.DelegatingPreparedStatement.execute(DelegatingPreparedStatement.java:172)
2. PreparedStatement.execute() returned false
[INFO], 2022-06-23 09:17:27 log4j2:197 -  org.apache.commons.dbcp.DelegatingStatement.getUpdateCount(DelegatingStatement.java:267)
2. PreparedStatement.getUpdateCount() returned 0
[DEBUG], 2022-06-23 09:17:27 doDelete:137 - <==    Updates: 0
[INFO], 2022-06-23 09:17:27 log4j2:197 -  org.apache.commons.dbcp.DelegatingStatement.close(DelegatingStatement.java:168)
2. PreparedStatement.close() returned 
[DEBUG], 2022-06-23 09:17:27 SqlSessionUtils:49 - Closing non transactional SqlSession [org.apache.ibatis.session.defaults.DefaultSqlSession@19593091]
[INFO], 2022-06-23 09:17:27 log4j2:197 -  org.apache.commons.dbcp.PoolableConnection.close(PoolableConnection.java:72)
2. Connection.isClosed() returned false
[INFO], 2022-06-23 09:17:27 log4j2:197 -  org.apache.commons.dbcp.DelegatingConnection.getAutoCommit(DelegatingConnection.java:337)
2. Connection.getAutoCommit() returned true
[INFO], 2022-06-23 09:17:27 log4j2:197 -  org.apache.commons.dbcp.DelegatingConnection.clearWarnings(DelegatingConnection.java:331)
2. Connection.clearWarnings() returned 
[INFO], 2022-06-23 09:17:27 log4j2:197 -  org.apache.commons.dbcp.DelegatingConnection.getAutoCommit(DelegatingConnection.java:337)
2. Connection.getAutoCommit() returned true
[DEBUG], 2022-06-23 09:17:27 UserDaoImpl:175 - flag:0
[DEBUG], 2022-06-23 09:17:27 UserDaoImpl:169 - ==============================
[DEBUG], 2022-06-23 09:17:27 UserDaoImpl:170 - param:UserVO [uId=p220, name=이은빈220, passwd=4321, level=SILVER, login=50, recommend=2, email=eunbin620@naver.com, regDt=날짜_사용안함, toString()=DTO [num=0, totalCnt=0]]
[DEBUG], 2022-06-23 09:17:27 UserDaoImpl:171 - statement:com.pcwk.ehr.user.doDelete
[DEBUG], 2022-06-23 09:17:27 UserDaoImpl:172 - ==============================
[DEBUG], 2022-06-23 09:17:27 SqlSessionUtils:49 - Creating a new SqlSession
[DEBUG], 2022-06-23 09:17:27 SqlSessionUtils:49 - SqlSession [org.apache.ibatis.session.defaults.DefaultSqlSession@3ae0b770] was not registered for synchronization because synchronization is not active
[DEBUG], 2022-06-23 09:17:27 DataSourceUtils:116 - Fetching JDBC Connection from DataSource
[INFO], 2022-06-23 09:17:27 log4j2:197 -  org.apache.commons.dbcp.DelegatingConnection.getAutoCommit(DelegatingConnection.java:337)
2. Connection.getAutoCommit() returned true
[INFO], 2022-06-23 09:17:27 log4j2:197 -  org.apache.commons.dbcp.DelegatingConnection.getAutoCommit(DelegatingConnection.java:337)
2. Connection.getAutoCommit() returned true
[INFO], 2022-06-23 09:17:27 log4j2:197 -  org.apache.commons.dbcp.DelegatingConnection.toString(DelegatingConnection.java:114)
2. Connection.isClosed() returned false
[INFO], 2022-06-23 09:17:27 log4j2:197 -  org.apache.commons.dbcp.DelegatingConnection.toString(DelegatingConnection.java:118)
2. Connection.getMetaData() returned oracle.jdbc.driver.OracleDatabaseMetaData@4ba380c7
[DEBUG], 2022-06-23 09:17:27 SpringManagedTransaction:49 - JDBC Connection [jdbc:oracle:thin:@192.168.3.101:1521:xe, UserName=SPRING, Oracle JDBC driver] will not be managed by Spring
[DEBUG], 2022-06-23 09:17:27 doDelete:137 - ==>  Preparing: DELETE FROM hr_member WHERE u_id = ?
[INFO], 2022-06-23 09:17:27 log4j2:197 -  org.apache.commons.dbcp.DelegatingConnection.prepareStatement(DelegatingConnection.java:281)
2. PreparedStatement.new PreparedStatement returned 
[INFO], 2022-06-23 09:17:27 log4j2:197 -  org.apache.commons.dbcp.DelegatingConnection.prepareStatement(DelegatingConnection.java:281)
2. Connection.prepareStatement(DELETE FROM hr_member  
	WHERE u_id = ?) returned net.sf.log4jdbc.sql.jdbcapi.PreparedStatementSpy@55e3d6c3
[INFO], 2022-06-23 09:17:27 log4j2:197 -  org.apache.commons.dbcp.DelegatingPreparedStatement.setString(DelegatingPreparedStatement.java:135)
2. PreparedStatement.setString(1, "p220") returned 
[DEBUG], 2022-06-23 09:17:27 doDelete:137 - ==> Parameters: p220(String)
[INFO], 2022-06-23 09:17:27 log4j2:243 -  org.apache.commons.dbcp.DelegatingPreparedStatement.execute(DelegatingPreparedStatement.java:172)
2. DELETE FROM hr_member WHERE u_id = 'p220'  {executed in 10 ms}
[INFO], 2022-06-23 09:17:27 log4j2:197 -  org.apache.commons.dbcp.DelegatingPreparedStatement.execute(DelegatingPreparedStatement.java:172)
2. PreparedStatement.execute() returned false
[INFO], 2022-06-23 09:17:27 log4j2:197 -  org.apache.commons.dbcp.DelegatingStatement.getUpdateCount(DelegatingStatement.java:267)
2. PreparedStatement.getUpdateCount() returned 0
[DEBUG], 2022-06-23 09:17:27 doDelete:137 - <==    Updates: 0
[INFO], 2022-06-23 09:17:27 log4j2:197 -  org.apache.commons.dbcp.DelegatingStatement.close(DelegatingStatement.java:168)
2. PreparedStatement.close() returned 
[DEBUG], 2022-06-23 09:17:27 SqlSessionUtils:49 - Closing non transactional SqlSession [org.apache.ibatis.session.defaults.DefaultSqlSession@3ae0b770]
[INFO], 2022-06-23 09:17:27 log4j2:197 -  org.apache.commons.dbcp.PoolableConnection.close(PoolableConnection.java:72)
2. Connection.isClosed() returned false
[INFO], 2022-06-23 09:17:27 log4j2:197 -  org.apache.commons.dbcp.DelegatingConnection.getAutoCommit(DelegatingConnection.java:337)
2. Connection.getAutoCommit() returned true
[INFO], 2022-06-23 09:17:27 log4j2:197 -  org.apache.commons.dbcp.DelegatingConnection.clearWarnings(DelegatingConnection.java:331)
2. Connection.clearWarnings() returned 
[INFO], 2022-06-23 09:17:27 log4j2:197 -  org.apache.commons.dbcp.DelegatingConnection.getAutoCommit(DelegatingConnection.java:337)
2. Connection.getAutoCommit() returned true
[DEBUG], 2022-06-23 09:17:27 UserDaoImpl:175 - flag:0
[DEBUG], 2022-06-23 09:17:27 UserDaoImpl:169 - ==============================
[DEBUG], 2022-06-23 09:17:27 UserDaoImpl:170 - param:UserVO [uId=p2200, name=이은빈2200, passwd=4321, level=GOLD, login=100, recommend=31, email=eunbin620@naver.com, regDt=날짜_사용안함, toString()=DTO [num=0, totalCnt=0]]
[DEBUG], 2022-06-23 09:17:27 UserDaoImpl:171 - statement:com.pcwk.ehr.user.doDelete
[DEBUG], 2022-06-23 09:17:27 UserDaoImpl:172 - ==============================
[DEBUG], 2022-06-23 09:17:27 SqlSessionUtils:49 - Creating a new SqlSession
[DEBUG], 2022-06-23 09:17:27 SqlSessionUtils:49 - SqlSession [org.apache.ibatis.session.defaults.DefaultSqlSession@30e6a763] was not registered for synchronization because synchronization is not active
[DEBUG], 2022-06-23 09:17:27 DataSourceUtils:116 - Fetching JDBC Connection from DataSource
[INFO], 2022-06-23 09:17:27 log4j2:197 -  org.apache.commons.dbcp.DelegatingConnection.getAutoCommit(DelegatingConnection.java:337)
2. Connection.getAutoCommit() returned true
[INFO], 2022-06-23 09:17:27 log4j2:197 -  org.apache.commons.dbcp.DelegatingConnection.getAutoCommit(DelegatingConnection.java:337)
2. Connection.getAutoCommit() returned true
[INFO], 2022-06-23 09:17:27 log4j2:197 -  org.apache.commons.dbcp.DelegatingConnection.toString(DelegatingConnection.java:114)
2. Connection.isClosed() returned false
[INFO], 2022-06-23 09:17:27 log4j2:197 -  org.apache.commons.dbcp.DelegatingConnection.toString(DelegatingConnection.java:118)
2. Connection.getMetaData() returned oracle.jdbc.driver.OracleDatabaseMetaData@4ba380c7
[DEBUG], 2022-06-23 09:17:27 SpringManagedTransaction:49 - JDBC Connection [jdbc:oracle:thin:@192.168.3.101:1521:xe, UserName=SPRING, Oracle JDBC driver] will not be managed by Spring
[DEBUG], 2022-06-23 09:17:27 doDelete:137 - ==>  Preparing: DELETE FROM hr_member WHERE u_id = ?
[INFO], 2022-06-23 09:17:27 log4j2:197 -  org.apache.commons.dbcp.DelegatingConnection.prepareStatement(DelegatingConnection.java:281)
2. PreparedStatement.new PreparedStatement returned 
[INFO], 2022-06-23 09:17:27 log4j2:197 -  org.apache.commons.dbcp.DelegatingConnection.prepareStatement(DelegatingConnection.java:281)
2. Connection.prepareStatement(DELETE FROM hr_member  
	WHERE u_id = ?) returned net.sf.log4jdbc.sql.jdbcapi.PreparedStatementSpy@4c48fe92
[INFO], 2022-06-23 09:17:27 log4j2:197 -  org.apache.commons.dbcp.DelegatingPreparedStatement.setString(DelegatingPreparedStatement.java:135)
2. PreparedStatement.setString(1, "p2200") returned 
[DEBUG], 2022-06-23 09:17:27 doDelete:137 - ==> Parameters: p2200(String)
[INFO], 2022-06-23 09:17:27 log4j2:243 -  org.apache.commons.dbcp.DelegatingPreparedStatement.execute(DelegatingPreparedStatement.java:172)
2. DELETE FROM hr_member WHERE u_id = 'p2200'  {executed in 12 ms}
[INFO], 2022-06-23 09:17:27 log4j2:197 -  org.apache.commons.dbcp.DelegatingPreparedStatement.execute(DelegatingPreparedStatement.java:172)
2. PreparedStatement.execute() returned false
[INFO], 2022-06-23 09:17:27 log4j2:197 -  org.apache.commons.dbcp.DelegatingStatement.getUpdateCount(DelegatingStatement.java:267)
2. PreparedStatement.getUpdateCount() returned 0
[DEBUG], 2022-06-23 09:17:27 doDelete:137 - <==    Updates: 0
[INFO], 2022-06-23 09:17:27 log4j2:197 -  org.apache.commons.dbcp.DelegatingStatement.close(DelegatingStatement.java:168)
2. PreparedStatement.close() returned 
[DEBUG], 2022-06-23 09:17:27 SqlSessionUtils:49 - Closing non transactional SqlSession [org.apache.ibatis.session.defaults.DefaultSqlSession@30e6a763]
[INFO], 2022-06-23 09:17:27 log4j2:197 -  org.apache.commons.dbcp.PoolableConnection.close(PoolableConnection.java:72)
2. Connection.isClosed() returned false
[INFO], 2022-06-23 09:17:27 log4j2:197 -  org.apache.commons.dbcp.DelegatingConnection.getAutoCommit(DelegatingConnection.java:337)
2. Connection.getAutoCommit() returned true
[INFO], 2022-06-23 09:17:27 log4j2:197 -  org.apache.commons.dbcp.DelegatingConnection.clearWarnings(DelegatingConnection.java:331)
2. Connection.clearWarnings() returned 
[INFO], 2022-06-23 09:17:27 log4j2:197 -  org.apache.commons.dbcp.DelegatingConnection.getAutoCommit(DelegatingConnection.java:337)
2. Connection.getAutoCommit() returned true
[DEBUG], 2022-06-23 09:17:27 UserDaoImpl:175 - flag:0
[DEBUG], 2022-06-23 09:17:27 UserDaoImpl:109 - ==============================
[DEBUG], 2022-06-23 09:17:27 UserDaoImpl:110 - param:UserVO [uId=p22, name=이은빈22, passwd=4321, level=BASIC, login=1, recommend=0, email=eunbin620@naver.com, regDt=날짜_사용안함, toString()=DTO [num=0, totalCnt=0]]
[DEBUG], 2022-06-23 09:17:27 UserDaoImpl:111 - statement:com.pcwk.ehr.user.doInsert
[DEBUG], 2022-06-23 09:17:27 UserDaoImpl:112 - ==============================
[DEBUG], 2022-06-23 09:17:27 SqlSessionUtils:49 - Creating a new SqlSession
[DEBUG], 2022-06-23 09:17:27 SqlSessionUtils:49 - SqlSession [org.apache.ibatis.session.defaults.DefaultSqlSession@732c9b5c] was not registered for synchronization because synchronization is not active
[DEBUG], 2022-06-23 09:17:27 DataSourceUtils:116 - Fetching JDBC Connection from DataSource
[INFO], 2022-06-23 09:17:27 log4j2:197 -  org.apache.commons.dbcp.DelegatingConnection.getAutoCommit(DelegatingConnection.java:337)
2. Connection.getAutoCommit() returned true
[INFO], 2022-06-23 09:17:27 log4j2:197 -  org.apache.commons.dbcp.DelegatingConnection.getAutoCommit(DelegatingConnection.java:337)
2. Connection.getAutoCommit() returned true
[INFO], 2022-06-23 09:17:27 log4j2:197 -  org.apache.commons.dbcp.DelegatingConnection.toString(DelegatingConnection.java:114)
2. Connection.isClosed() returned false
[INFO], 2022-06-23 09:17:27 log4j2:197 -  org.apache.commons.dbcp.DelegatingConnection.toString(DelegatingConnection.java:118)
2. Connection.getMetaData() returned oracle.jdbc.driver.OracleDatabaseMetaData@4ba380c7
[DEBUG], 2022-06-23 09:17:27 SpringManagedTransaction:49 - JDBC Connection [jdbc:oracle:thin:@192.168.3.101:1521:xe, UserName=SPRING, Oracle JDBC driver] will not be managed by Spring
[DEBUG], 2022-06-23 09:17:27 doInsert:137 - ==>  Preparing: INSERT INTO hr_member ( u_id, name, passwd, u_level, login, recommend, email, reg_dt ) VALUES ( ?, ?, ?, ?, ?, ?, ?, SYSDATE )
[INFO], 2022-06-23 09:17:27 log4j2:197 -  org.apache.commons.dbcp.DelegatingConnection.prepareStatement(DelegatingConnection.java:281)
2. PreparedStatement.new PreparedStatement returned 
[INFO], 2022-06-23 09:17:27 log4j2:197 -  org.apache.commons.dbcp.DelegatingConnection.prepareStatement(DelegatingConnection.java:281)
2. Connection.prepareStatement(INSERT INTO hr_member ( 
	         u_id,           
	         name,           
	         passwd,         
	         u_level,        
	         login,         
	         recommend,     
	         email,         
	         reg_dt         
	 ) VALUES (              
	     ?,                  
	     ?,                  
	     ?,                  
	     ?,                  
	     ?,                  
	     ?,                  
	     ?,                  
	     SYSDATE             
	 )) returned net.sf.log4jdbc.sql.jdbcapi.PreparedStatementSpy@38320e34
[INFO], 2022-06-23 09:17:27 log4j2:197 -  org.apache.commons.dbcp.DelegatingPreparedStatement.setString(DelegatingPreparedStatement.java:135)
2. PreparedStatement.setString(1, "p22") returned 
[INFO], 2022-06-23 09:17:27 log4j2:197 -  org.apache.commons.dbcp.DelegatingPreparedStatement.setString(DelegatingPreparedStatement.java:135)
2. PreparedStatement.setString(2, "이은빈22") returned 
[INFO], 2022-06-23 09:17:27 log4j2:197 -  org.apache.commons.dbcp.DelegatingPreparedStatement.setString(DelegatingPreparedStatement.java:135)
2. PreparedStatement.setString(3, "4321") returned 
[INFO], 2022-06-23 09:17:27 log4j2:197 -  org.apache.commons.dbcp.DelegatingPreparedStatement.setInt(DelegatingPreparedStatement.java:120)
2. PreparedStatement.setInt(4, 1) returned 
[INFO], 2022-06-23 09:17:27 log4j2:197 -  org.apache.commons.dbcp.DelegatingPreparedStatement.setInt(DelegatingPreparedStatement.java:120)
2. PreparedStatement.setInt(5, 1) returned 
[INFO], 2022-06-23 09:17:27 log4j2:197 -  org.apache.commons.dbcp.DelegatingPreparedStatement.setInt(DelegatingPreparedStatement.java:120)
2. PreparedStatement.setInt(6, 0) returned 
[INFO], 2022-06-23 09:17:27 log4j2:197 -  org.apache.commons.dbcp.DelegatingPreparedStatement.setString(DelegatingPreparedStatement.java:135)
2. PreparedStatement.setString(7, "eunbin620@naver.com") returned 
[DEBUG], 2022-06-23 09:17:27 doInsert:137 - ==> Parameters: p22(String), 이은빈22(String), 4321(String), 1(Integer), 1(Integer), 0(Integer), eunbin620@naver.com(String)
[INFO], 2022-06-23 09:17:27 log4j2:243 -  org.apache.commons.dbcp.DelegatingPreparedStatement.execute(DelegatingPreparedStatement.java:172)
2. INSERT INTO hr_member ( u_id, name, passwd, u_level, login, recommend, email, reg_dt ) VALUES 
( 'p22', '이은빈22', '4321', 1, 1, 0, 'eunbin620@naver.com', SYSDATE )  {executed in 3 ms}
[INFO], 2022-06-23 09:17:27 log4j2:197 -  org.apache.commons.dbcp.DelegatingPreparedStatement.execute(DelegatingPreparedStatement.java:172)
2. PreparedStatement.execute() returned false
[INFO], 2022-06-23 09:17:27 log4j2:197 -  org.apache.commons.dbcp.DelegatingStatement.getUpdateCount(DelegatingStatement.java:267)
2. PreparedStatement.getUpdateCount() returned 1
[DEBUG], 2022-06-23 09:17:27 doInsert:137 - <==    Updates: 1
[INFO], 2022-06-23 09:17:27 log4j2:197 -  org.apache.commons.dbcp.DelegatingStatement.close(DelegatingStatement.java:168)
2. PreparedStatement.close() returned 
[DEBUG], 2022-06-23 09:17:27 SqlSessionUtils:49 - Closing non transactional SqlSession [org.apache.ibatis.session.defaults.DefaultSqlSession@732c9b5c]
[INFO], 2022-06-23 09:17:27 log4j2:197 -  org.apache.commons.dbcp.PoolableConnection.close(PoolableConnection.java:72)
2. Connection.isClosed() returned false
[INFO], 2022-06-23 09:17:27 log4j2:197 -  org.apache.commons.dbcp.DelegatingConnection.getAutoCommit(DelegatingConnection.java:337)
2. Connection.getAutoCommit() returned true
[INFO], 2022-06-23 09:17:27 log4j2:197 -  org.apache.commons.dbcp.DelegatingConnection.clearWarnings(DelegatingConnection.java:331)
2. Connection.clearWarnings() returned 
[INFO], 2022-06-23 09:17:27 log4j2:197 -  org.apache.commons.dbcp.DelegatingConnection.getAutoCommit(DelegatingConnection.java:337)
2. Connection.getAutoCommit() returned true
[DEBUG], 2022-06-23 09:17:27 UserDaoImpl:115 - flag:1
[DEBUG], 2022-06-23 09:17:27 UserDaoImpl:81 - ==============================
[DEBUG], 2022-06-23 09:17:27 UserDaoImpl:82 - param:UserVO [uId=p22, name=이은빈22, passwd=4321, level=BASIC, login=1, recommend=0, email=eunbin620@naver.com, regDt=날짜_사용안함, toString()=DTO [num=0, totalCnt=0]]
[DEBUG], 2022-06-23 09:17:27 UserDaoImpl:83 - statement:com.pcwk.ehr.user.getCount
[DEBUG], 2022-06-23 09:17:27 UserDaoImpl:84 - ==============================
[DEBUG], 2022-06-23 09:17:27 SqlSessionUtils:49 - Creating a new SqlSession
[DEBUG], 2022-06-23 09:17:27 SqlSessionUtils:49 - SqlSession [org.apache.ibatis.session.defaults.DefaultSqlSession@7c29adc8] was not registered for synchronization because synchronization is not active
[DEBUG], 2022-06-23 09:17:27 DataSourceUtils:116 - Fetching JDBC Connection from DataSource
[INFO], 2022-06-23 09:17:27 log4j2:197 -  org.apache.commons.dbcp.DelegatingConnection.getAutoCommit(DelegatingConnection.java:337)
2. Connection.getAutoCommit() returned true
[INFO], 2022-06-23 09:17:27 log4j2:197 -  org.apache.commons.dbcp.DelegatingConnection.getAutoCommit(DelegatingConnection.java:337)
2. Connection.getAutoCommit() returned true
[INFO], 2022-06-23 09:17:27 log4j2:197 -  org.apache.commons.dbcp.DelegatingConnection.toString(DelegatingConnection.java:114)
2. Connection.isClosed() returned false
[INFO], 2022-06-23 09:17:27 log4j2:197 -  org.apache.commons.dbcp.DelegatingConnection.toString(DelegatingConnection.java:118)
2. Connection.getMetaData() returned oracle.jdbc.driver.OracleDatabaseMetaData@4ba380c7
[DEBUG], 2022-06-23 09:17:27 SpringManagedTransaction:49 - JDBC Connection [jdbc:oracle:thin:@192.168.3.101:1521:xe, UserName=SPRING, Oracle JDBC driver] will not be managed by Spring
[DEBUG], 2022-06-23 09:17:27 getCount:137 - ==>  Preparing: SELECT COUNT(*) AS cnt FROM hr_member WHERE u_id LIKE ? ||'%'
[INFO], 2022-06-23 09:17:27 log4j2:197 -  org.apache.commons.dbcp.DelegatingConnection.prepareStatement(DelegatingConnection.java:281)
2. PreparedStatement.new PreparedStatement returned 
[INFO], 2022-06-23 09:17:27 log4j2:197 -  org.apache.commons.dbcp.DelegatingConnection.prepareStatement(DelegatingConnection.java:281)
2. Connection.prepareStatement(SELECT COUNT(*) AS cnt    
	FROM  hr_member           
	WHERE u_id LIKE ? ||'%') returned net.sf.log4jdbc.sql.jdbcapi.PreparedStatementSpy@6f4ade6e
[INFO], 2022-06-23 09:17:27 log4j2:197 -  org.apache.commons.dbcp.DelegatingPreparedStatement.setString(DelegatingPreparedStatement.java:135)
2. PreparedStatement.setString(1, "p22") returned 
[DEBUG], 2022-06-23 09:17:27 getCount:137 - ==> Parameters: p22(String)
[INFO], 2022-06-23 09:17:27 log4j2:243 -  org.apache.commons.dbcp.DelegatingPreparedStatement.execute(DelegatingPreparedStatement.java:172)
2. SELECT COUNT(*) AS cnt FROM hr_member WHERE u_id LIKE 'p22' ||'%'  {executed in 66 ms}
[INFO], 2022-06-23 09:17:27 log4j2:197 -  org.apache.commons.dbcp.DelegatingPreparedStatement.execute(DelegatingPreparedStatement.java:172)
2. PreparedStatement.execute() returned true
[INFO], 2022-06-23 09:17:27 log4j2:197 -  org.apache.commons.dbcp.DelegatingStatement.getResultSet(DelegatingStatement.java:219)
2. ResultSet.new ResultSet returned 
[INFO], 2022-06-23 09:17:27 log4j2:197 -  org.apache.commons.dbcp.DelegatingStatement.getResultSet(DelegatingStatement.java:219)
2. PreparedStatement.getResultSet() returned net.sf.log4jdbc.sql.jdbcapi.ResultSetSpy@16872c4d
[INFO], 2022-06-23 09:17:27 log4j2:197 -  org.apache.commons.dbcp.DelegatingResultSet.getMetaData(DelegatingResultSet.java:322)
2. ResultSet.getMetaData() returned oracle.jdbc.driver.OracleResultSetMetaData@2e53b094
[INFO], 2022-06-23 09:17:27 log4j2:197 -  org.apache.commons.dbcp.DelegatingResultSet.getType(DelegatingResultSet.java:394)
2. ResultSet.getType() returned 1003
[INFO], 2022-06-23 09:17:27 log4j2:197 -  org.apache.commons.dbcp.DelegatingResultSet.isClosed(DelegatingResultSet.java:688)
2. ResultSet.isClosed() returned false
[INFO], 2022-06-23 09:17:27 log4j2:197 -  org.apache.commons.dbcp.DelegatingResultSet.next(DelegatingResultSet.java:207)
2. ResultSet.next() returned true
[INFO], 2022-06-23 09:17:27 log4j2:197 -  org.apache.commons.dbcp.DelegatingResultSet.getMetaData(DelegatingResultSet.java:322)
2. ResultSet.getMetaData() returned oracle.jdbc.driver.OracleResultSetMetaData@6137cf6e
[INFO], 2022-06-23 09:17:27 log4j2:197 -  org.apache.commons.dbcp.DelegatingResultSet.getString(DelegatingResultSet.java:213)
2. ResultSet.getString(1) returned 1
[INFO], 2022-06-23 09:17:27 log4j2:197 -  org.apache.commons.dbcp.DelegatingResultSet.getInt(DelegatingResultSet.java:275)
2. ResultSet.getInt(CNT) returned 1
[INFO], 2022-06-23 09:17:27 log4j2:197 -  org.apache.commons.dbcp.DelegatingResultSet.isClosed(DelegatingResultSet.java:688)
2. ResultSet.isClosed() returned false
[INFO], 2022-06-23 09:17:27 log4j2:390 - 
|----|
|cnt |
|----|
|1   |
|----|

[INFO], 2022-06-23 09:17:27 log4j2:197 -  org.apache.commons.dbcp.DelegatingResultSet.next(DelegatingResultSet.java:207)
2. ResultSet.next() returned false
[DEBUG], 2022-06-23 09:17:27 getCount:137 - <==      Total: 1
[INFO], 2022-06-23 09:17:27 log4j2:197 -  org.apache.commons.dbcp.DelegatingResultSet.close(DelegatingResultSet.java:187)
2. ResultSet.close() returned void
[INFO], 2022-06-23 09:17:27 log4j2:197 -  org.apache.commons.dbcp.DelegatingConnection.getMetaData(DelegatingConnection.java:345)
2. Connection.getMetaData() returned oracle.jdbc.driver.OracleDatabaseMetaData@4ba380c7
[INFO], 2022-06-23 09:17:27 log4j2:197 -  org.apache.commons.dbcp.DelegatingStatement.close(DelegatingStatement.java:168)
2. PreparedStatement.close() returned 
[DEBUG], 2022-06-23 09:17:27 SqlSessionUtils:49 - Closing non transactional SqlSession [org.apache.ibatis.session.defaults.DefaultSqlSession@7c29adc8]
[INFO], 2022-06-23 09:17:27 log4j2:197 -  org.apache.commons.dbcp.PoolableConnection.close(PoolableConnection.java:72)
2. Connection.isClosed() returned false
[INFO], 2022-06-23 09:17:27 log4j2:197 -  org.apache.commons.dbcp.DelegatingConnection.getAutoCommit(DelegatingConnection.java:337)
2. Connection.getAutoCommit() returned true
[INFO], 2022-06-23 09:17:27 log4j2:197 -  org.apache.commons.dbcp.DelegatingConnection.clearWarnings(DelegatingConnection.java:331)
2. Connection.clearWarnings() returned 
[INFO], 2022-06-23 09:17:27 log4j2:197 -  org.apache.commons.dbcp.DelegatingConnection.getAutoCommit(DelegatingConnection.java:337)
2. Connection.getAutoCommit() returned true
[DEBUG], 2022-06-23 09:17:27 UserDaoImpl:87 - ==============================
[DEBUG], 2022-06-23 09:17:27 UserDaoImpl:88 - count=1
[DEBUG], 2022-06-23 09:17:27 UserDaoImpl:89 - ==============================
[DEBUG], 2022-06-23 09:17:27 UserDaoImpl:200 - =============================
[DEBUG], 2022-06-23 09:17:27 UserDaoImpl:201 - param :UserVO [uId=p22, name=이은빈22, passwd=4321, level=BASIC, login=1, recommend=0, email=eunbin620@naver.com, regDt=날짜_사용안함, toString()=DTO [num=0, totalCnt=0]]
[DEBUG], 2022-06-23 09:17:27 UserDaoImpl:202 - statementcom.pcwk.ehr.user.idCheck
[DEBUG], 2022-06-23 09:17:27 UserDaoImpl:203 - =============================
[DEBUG], 2022-06-23 09:17:27 SqlSessionUtils:49 - Creating a new SqlSession
[DEBUG], 2022-06-23 09:17:27 SqlSessionUtils:49 - SqlSession [org.apache.ibatis.session.defaults.DefaultSqlSession@639aba11] was not registered for synchronization because synchronization is not active
[DEBUG], 2022-06-23 09:17:27 DataSourceUtils:116 - Fetching JDBC Connection from DataSource
[INFO], 2022-06-23 09:17:27 log4j2:197 -  org.apache.commons.dbcp.DelegatingConnection.getAutoCommit(DelegatingConnection.java:337)
2. Connection.getAutoCommit() returned true
[INFO], 2022-06-23 09:17:27 log4j2:197 -  org.apache.commons.dbcp.DelegatingConnection.getAutoCommit(DelegatingConnection.java:337)
2. Connection.getAutoCommit() returned true
[INFO], 2022-06-23 09:17:27 log4j2:197 -  org.apache.commons.dbcp.DelegatingConnection.toString(DelegatingConnection.java:114)
2. Connection.isClosed() returned false
[INFO], 2022-06-23 09:17:27 log4j2:197 -  org.apache.commons.dbcp.DelegatingConnection.toString(DelegatingConnection.java:118)
2. Connection.getMetaData() returned oracle.jdbc.driver.OracleDatabaseMetaData@4ba380c7
[DEBUG], 2022-06-23 09:17:27 SpringManagedTransaction:49 - JDBC Connection [jdbc:oracle:thin:@192.168.3.101:1521:xe, UserName=SPRING, Oracle JDBC driver] will not be managed by Spring
[DEBUG], 2022-06-23 09:17:27 idCheck:137 - ==>  Preparing: SELECT COUNT(*) cnt FROM hr_member WHERE u_id = ?
[INFO], 2022-06-23 09:17:27 log4j2:197 -  org.apache.commons.dbcp.DelegatingConnection.prepareStatement(DelegatingConnection.java:281)
2. PreparedStatement.new PreparedStatement returned 
[INFO], 2022-06-23 09:17:27 log4j2:197 -  org.apache.commons.dbcp.DelegatingConnection.prepareStatement(DelegatingConnection.java:281)
2. Connection.prepareStatement(SELECT COUNT(*) cnt
      FROM hr_member
      WHERE u_id = ?) returned net.sf.log4jdbc.sql.jdbcapi.PreparedStatementSpy@341672e
[INFO], 2022-06-23 09:17:27 log4j2:197 -  org.apache.commons.dbcp.DelegatingPreparedStatement.setString(DelegatingPreparedStatement.java:135)
2. PreparedStatement.setString(1, "p22") returned 
[DEBUG], 2022-06-23 09:17:27 idCheck:137 - ==> Parameters: p22(String)
[INFO], 2022-06-23 09:17:27 log4j2:243 -  org.apache.commons.dbcp.DelegatingPreparedStatement.execute(DelegatingPreparedStatement.java:172)
2. SELECT COUNT(*) cnt FROM hr_member WHERE u_id = 'p22'  {executed in 14 ms}
[INFO], 2022-06-23 09:17:27 log4j2:197 -  org.apache.commons.dbcp.DelegatingPreparedStatement.execute(DelegatingPreparedStatement.java:172)
2. PreparedStatement.execute() returned true
[INFO], 2022-06-23 09:17:27 log4j2:197 -  org.apache.commons.dbcp.DelegatingStatement.getResultSet(DelegatingStatement.java:219)
2. ResultSet.new ResultSet returned 
[INFO], 2022-06-23 09:17:27 log4j2:197 -  org.apache.commons.dbcp.DelegatingStatement.getResultSet(DelegatingStatement.java:219)
2. PreparedStatement.getResultSet() returned net.sf.log4jdbc.sql.jdbcapi.ResultSetSpy@2bebb74f
[INFO], 2022-06-23 09:17:27 log4j2:197 -  org.apache.commons.dbcp.DelegatingResultSet.getMetaData(DelegatingResultSet.java:322)
2. ResultSet.getMetaData() returned oracle.jdbc.driver.OracleResultSetMetaData@58cf8f94
[INFO], 2022-06-23 09:17:27 log4j2:197 -  org.apache.commons.dbcp.DelegatingResultSet.getType(DelegatingResultSet.java:394)
2. ResultSet.getType() returned 1003
[INFO], 2022-06-23 09:17:27 log4j2:197 -  org.apache.commons.dbcp.DelegatingResultSet.isClosed(DelegatingResultSet.java:688)
2. ResultSet.isClosed() returned false
[INFO], 2022-06-23 09:17:27 log4j2:197 -  org.apache.commons.dbcp.DelegatingResultSet.next(DelegatingResultSet.java:207)
2. ResultSet.next() returned true
[INFO], 2022-06-23 09:17:27 log4j2:197 -  org.apache.commons.dbcp.DelegatingResultSet.getMetaData(DelegatingResultSet.java:322)
2. ResultSet.getMetaData() returned oracle.jdbc.driver.OracleResultSetMetaData@6e33fcae
[INFO], 2022-06-23 09:17:27 log4j2:197 -  org.apache.commons.dbcp.DelegatingResultSet.getString(DelegatingResultSet.java:213)
2. ResultSet.getString(1) returned 1
[INFO], 2022-06-23 09:17:27 log4j2:197 -  org.apache.commons.dbcp.DelegatingResultSet.getInt(DelegatingResultSet.java:275)
2. ResultSet.getInt(CNT) returned 1
[INFO], 2022-06-23 09:17:27 log4j2:197 -  org.apache.commons.dbcp.DelegatingResultSet.isClosed(DelegatingResultSet.java:688)
2. ResultSet.isClosed() returned false
[INFO], 2022-06-23 09:17:27 log4j2:390 - 
|----|
|cnt |
|----|
|1   |
|----|

[INFO], 2022-06-23 09:17:27 log4j2:197 -  org.apache.commons.dbcp.DelegatingResultSet.next(DelegatingResultSet.java:207)
2. ResultSet.next() returned false
[DEBUG], 2022-06-23 09:17:27 idCheck:137 - <==      Total: 1
[INFO], 2022-06-23 09:17:27 log4j2:197 -  org.apache.commons.dbcp.DelegatingResultSet.close(DelegatingResultSet.java:187)
2. ResultSet.close() returned void
[INFO], 2022-06-23 09:17:27 log4j2:197 -  org.apache.commons.dbcp.DelegatingConnection.getMetaData(DelegatingConnection.java:345)
2. Connection.getMetaData() returned oracle.jdbc.driver.OracleDatabaseMetaData@4ba380c7
[INFO], 2022-06-23 09:17:27 log4j2:197 -  org.apache.commons.dbcp.DelegatingStatement.close(DelegatingStatement.java:168)
2. PreparedStatement.close() returned 
[DEBUG], 2022-06-23 09:17:27 SqlSessionUtils:49 - Closing non transactional SqlSession [org.apache.ibatis.session.defaults.DefaultSqlSession@639aba11]
[INFO], 2022-06-23 09:17:27 log4j2:197 -  org.apache.commons.dbcp.PoolableConnection.close(PoolableConnection.java:72)
2. Connection.isClosed() returned false
[INFO], 2022-06-23 09:17:27 log4j2:197 -  org.apache.commons.dbcp.DelegatingConnection.getAutoCommit(DelegatingConnection.java:337)
2. Connection.getAutoCommit() returned true
[INFO], 2022-06-23 09:17:27 log4j2:197 -  org.apache.commons.dbcp.DelegatingConnection.clearWarnings(DelegatingConnection.java:331)
2. Connection.clearWarnings() returned 
[INFO], 2022-06-23 09:17:27 log4j2:197 -  org.apache.commons.dbcp.DelegatingConnection.getAutoCommit(DelegatingConnection.java:337)
2. Connection.getAutoCommit() returned true
[DEBUG], 2022-06-23 09:17:27 UserDaoImpl:206 - count: 1
[DEBUG], 2022-06-23 09:17:27 UserDaoImpl:200 - =============================
[DEBUG], 2022-06-23 09:17:27 UserDaoImpl:201 - param :UserVO [uId=p220, name=이은빈220, passwd=4321, level=SILVER, login=50, recommend=2, email=eunbin620@naver.com, regDt=날짜_사용안함, toString()=DTO [num=0, totalCnt=0]]
[DEBUG], 2022-06-23 09:17:27 UserDaoImpl:202 - statementcom.pcwk.ehr.user.idCheck
[DEBUG], 2022-06-23 09:17:27 UserDaoImpl:203 - =============================
[DEBUG], 2022-06-23 09:17:27 SqlSessionUtils:49 - Creating a new SqlSession
[DEBUG], 2022-06-23 09:17:27 SqlSessionUtils:49 - SqlSession [org.apache.ibatis.session.defaults.DefaultSqlSession@10641c09] was not registered for synchronization because synchronization is not active
[DEBUG], 2022-06-23 09:17:27 DataSourceUtils:116 - Fetching JDBC Connection from DataSource
[INFO], 2022-06-23 09:17:27 log4j2:197 -  org.apache.commons.dbcp.DelegatingConnection.getAutoCommit(DelegatingConnection.java:337)
2. Connection.getAutoCommit() returned true
[INFO], 2022-06-23 09:17:27 log4j2:197 -  org.apache.commons.dbcp.DelegatingConnection.getAutoCommit(DelegatingConnection.java:337)
2. Connection.getAutoCommit() returned true
[INFO], 2022-06-23 09:17:27 log4j2:197 -  org.apache.commons.dbcp.DelegatingConnection.toString(DelegatingConnection.java:114)
2. Connection.isClosed() returned false
[INFO], 2022-06-23 09:17:27 log4j2:197 -  org.apache.commons.dbcp.DelegatingConnection.toString(DelegatingConnection.java:118)
2. Connection.getMetaData() returned oracle.jdbc.driver.OracleDatabaseMetaData@4ba380c7
[DEBUG], 2022-06-23 09:17:27 SpringManagedTransaction:49 - JDBC Connection [jdbc:oracle:thin:@192.168.3.101:1521:xe, UserName=SPRING, Oracle JDBC driver] will not be managed by Spring
[DEBUG], 2022-06-23 09:17:27 idCheck:137 - ==>  Preparing: SELECT COUNT(*) cnt FROM hr_member WHERE u_id = ?
[INFO], 2022-06-23 09:17:27 log4j2:197 -  org.apache.commons.dbcp.DelegatingConnection.prepareStatement(DelegatingConnection.java:281)
2. PreparedStatement.new PreparedStatement returned 
[INFO], 2022-06-23 09:17:27 log4j2:197 -  org.apache.commons.dbcp.DelegatingConnection.prepareStatement(DelegatingConnection.java:281)
2. Connection.prepareStatement(SELECT COUNT(*) cnt
      FROM hr_member
      WHERE u_id = ?) returned net.sf.log4jdbc.sql.jdbcapi.PreparedStatementSpy@34f392be
[INFO], 2022-06-23 09:17:27 log4j2:197 -  org.apache.commons.dbcp.DelegatingPreparedStatement.setString(DelegatingPreparedStatement.java:135)
2. PreparedStatement.setString(1, "p220") returned 
[DEBUG], 2022-06-23 09:17:27 idCheck:137 - ==> Parameters: p220(String)
[INFO], 2022-06-23 09:17:27 log4j2:243 -  org.apache.commons.dbcp.DelegatingPreparedStatement.execute(DelegatingPreparedStatement.java:172)
2. SELECT COUNT(*) cnt FROM hr_member WHERE u_id = 'p220'  {executed in 14 ms}
[INFO], 2022-06-23 09:17:27 log4j2:197 -  org.apache.commons.dbcp.DelegatingPreparedStatement.execute(DelegatingPreparedStatement.java:172)
2. PreparedStatement.execute() returned true
[INFO], 2022-06-23 09:17:27 log4j2:197 -  org.apache.commons.dbcp.DelegatingStatement.getResultSet(DelegatingStatement.java:219)
2. ResultSet.new ResultSet returned 
[INFO], 2022-06-23 09:17:27 log4j2:197 -  org.apache.commons.dbcp.DelegatingStatement.getResultSet(DelegatingStatement.java:219)
2. PreparedStatement.getResultSet() returned net.sf.log4jdbc.sql.jdbcapi.ResultSetSpy@4554de02
[INFO], 2022-06-23 09:17:27 log4j2:197 -  org.apache.commons.dbcp.DelegatingResultSet.getMetaData(DelegatingResultSet.java:322)
2. ResultSet.getMetaData() returned oracle.jdbc.driver.OracleResultSetMetaData@3f9f71ff
[INFO], 2022-06-23 09:17:27 log4j2:197 -  org.apache.commons.dbcp.DelegatingResultSet.getType(DelegatingResultSet.java:394)
2. ResultSet.getType() returned 1003
[INFO], 2022-06-23 09:17:27 log4j2:197 -  org.apache.commons.dbcp.DelegatingResultSet.isClosed(DelegatingResultSet.java:688)
2. ResultSet.isClosed() returned false
[INFO], 2022-06-23 09:17:27 log4j2:197 -  org.apache.commons.dbcp.DelegatingResultSet.next(DelegatingResultSet.java:207)
2. ResultSet.next() returned true
[INFO], 2022-06-23 09:17:27 log4j2:197 -  org.apache.commons.dbcp.DelegatingResultSet.getMetaData(DelegatingResultSet.java:322)
2. ResultSet.getMetaData() returned oracle.jdbc.driver.OracleResultSetMetaData@fabb651
[INFO], 2022-06-23 09:17:27 log4j2:197 -  org.apache.commons.dbcp.DelegatingResultSet.getString(DelegatingResultSet.java:213)
2. ResultSet.getString(1) returned 0
[INFO], 2022-06-23 09:17:27 log4j2:197 -  org.apache.commons.dbcp.DelegatingResultSet.getInt(DelegatingResultSet.java:275)
2. ResultSet.getInt(CNT) returned 0
[INFO], 2022-06-23 09:17:27 log4j2:197 -  org.apache.commons.dbcp.DelegatingResultSet.wasNull(DelegatingResultSet.java:210)
2. ResultSet.wasNull() returned false
[INFO], 2022-06-23 09:17:27 log4j2:197 -  org.apache.commons.dbcp.DelegatingResultSet.isClosed(DelegatingResultSet.java:688)
2. ResultSet.isClosed() returned false
[INFO], 2022-06-23 09:17:27 log4j2:390 - 
|----|
|cnt |
|----|
|0   |
|----|

[INFO], 2022-06-23 09:17:27 log4j2:197 -  org.apache.commons.dbcp.DelegatingResultSet.next(DelegatingResultSet.java:207)
2. ResultSet.next() returned false
[DEBUG], 2022-06-23 09:17:27 idCheck:137 - <==      Total: 1
[INFO], 2022-06-23 09:17:27 log4j2:197 -  org.apache.commons.dbcp.DelegatingResultSet.close(DelegatingResultSet.java:187)
2. ResultSet.close() returned void
[INFO], 2022-06-23 09:17:27 log4j2:197 -  org.apache.commons.dbcp.DelegatingConnection.getMetaData(DelegatingConnection.java:345)
2. Connection.getMetaData() returned oracle.jdbc.driver.OracleDatabaseMetaData@4ba380c7
[INFO], 2022-06-23 09:17:27 log4j2:197 -  org.apache.commons.dbcp.DelegatingStatement.close(DelegatingStatement.java:168)
2. PreparedStatement.close() returned 
[DEBUG], 2022-06-23 09:17:27 SqlSessionUtils:49 - Closing non transactional SqlSession [org.apache.ibatis.session.defaults.DefaultSqlSession@10641c09]
[INFO], 2022-06-23 09:17:27 log4j2:197 -  org.apache.commons.dbcp.PoolableConnection.close(PoolableConnection.java:72)
2. Connection.isClosed() returned false
[INFO], 2022-06-23 09:17:27 log4j2:197 -  org.apache.commons.dbcp.DelegatingConnection.getAutoCommit(DelegatingConnection.java:337)
2. Connection.getAutoCommit() returned true
[INFO], 2022-06-23 09:17:27 log4j2:197 -  org.apache.commons.dbcp.DelegatingConnection.clearWarnings(DelegatingConnection.java:331)
2. Connection.clearWarnings() returned 
[INFO], 2022-06-23 09:17:27 log4j2:197 -  org.apache.commons.dbcp.DelegatingConnection.getAutoCommit(DelegatingConnection.java:337)
2. Connection.getAutoCommit() returned true
[DEBUG], 2022-06-23 09:17:27 UserDaoImpl:206 - count: 0
[DEBUG], 2022-06-23 09:17:27 DefaultCacheAwareContextLoaderDelegate:137 - Retrieved ApplicationContext [1431467659] from cache with key [[MergedContextConfiguration@31f9b85e testClass = JunitUserDaoTest, locations = '{file:src/main/webapp/WEB-INF/spring/root-context.xml, file:src/main/webapp/WEB-INF/spring/appServlet/servlet-context.xml}', classes = '{}', contextInitializerClasses = '[]', activeProfiles = '{}', propertySourceLocations = '{}', propertySourceProperties = '{}', contextCustomizers = set[[empty]], contextLoader = 'org.springframework.test.context.support.DelegatingSmartContextLoader', parent = [null]]]
[DEBUG], 2022-06-23 09:17:27 cache:290 - Spring test ApplicationContext cache statistics: [DefaultContextCache@65327f5 size = 1, maxSize = 32, parentContextCount = 0, hitCount = 4, missCount = 1]
[DEBUG], 2022-06-23 09:17:27 JunitUserDaoTest:261 - ====================
[DEBUG], 2022-06-23 09:17:27 JunitUserDaoTest:262 - =9.tearDown()=
[DEBUG], 2022-06-23 09:17:27 JunitUserDaoTest:263 - ====================
[DEBUG], 2022-06-23 09:17:27 DefaultCacheAwareContextLoaderDelegate:137 - Retrieved ApplicationContext [1431467659] from cache with key [[MergedContextConfiguration@31f9b85e testClass = JunitUserDaoTest, locations = '{file:src/main/webapp/WEB-INF/spring/root-context.xml, file:src/main/webapp/WEB-INF/spring/appServlet/servlet-context.xml}', classes = '{}', contextInitializerClasses = '[]', activeProfiles = '{}', propertySourceLocations = '{}', propertySourceProperties = '{}', contextCustomizers = set[[empty]], contextLoader = 'org.springframework.test.context.support.DelegatingSmartContextLoader', parent = [null]]]
[DEBUG], 2022-06-23 09:17:27 cache:290 - Spring test ApplicationContext cache statistics: [DefaultContextCache@65327f5 size = 1, maxSize = 32, parentContextCount = 0, hitCount = 5, missCount = 1]
[DEBUG], 2022-06-23 09:17:27 AbstractDirtiesContextTestExecutionListener:108 - After test method: context [DefaultTestContext@762ef0ea testClass = JunitUserDaoTest, testInstance = com.pcwk.ehr.JunitUserDaoTest@313b2ea6, testMethod = idCheck@JunitUserDaoTest, testException = [null], mergedContextConfiguration = [MergedContextConfiguration@31f9b85e testClass = JunitUserDaoTest, locations = '{file:src/main/webapp/WEB-INF/spring/root-context.xml, file:src/main/webapp/WEB-INF/spring/appServlet/servlet-context.xml}', classes = '{}', contextInitializerClasses = '[]', activeProfiles = '{}', propertySourceLocations = '{}', propertySourceProperties = '{}', contextCustomizers = set[[empty]], contextLoader = 'org.springframework.test.context.support.DelegatingSmartContextLoader', parent = [null]], attributes = map['org.springframework.test.context.event.ApplicationEventsTestExecutionListener.recordApplicationEvents' -> false]], class annotated with @DirtiesContext [false] with mode [null], method annotated with @DirtiesContext [false] with mode [null].
[DEBUG], 2022-06-23 09:17:27 DefaultCacheAwareContextLoaderDelegate:137 - Retrieved ApplicationContext [1431467659] from cache with key [[MergedContextConfiguration@31f9b85e testClass = JunitUserDaoTest, locations = '{file:src/main/webapp/WEB-INF/spring/root-context.xml, file:src/main/webapp/WEB-INF/spring/appServlet/servlet-context.xml}', classes = '{}', contextInitializerClasses = '[]', activeProfiles = '{}', propertySourceLocations = '{}', propertySourceProperties = '{}', contextCustomizers = set[[empty]], contextLoader = 'org.springframework.test.context.support.DelegatingSmartContextLoader', parent = [null]]]
[DEBUG], 2022-06-23 09:17:27 cache:290 - Spring test ApplicationContext cache statistics: [DefaultContextCache@65327f5 size = 1, maxSize = 32, parentContextCount = 0, hitCount = 6, missCount = 1]
[DEBUG], 2022-06-23 09:17:27 AbstractDirtiesContextTestExecutionListener:143 - After test class: context [DefaultTestContext@762ef0ea testClass = JunitUserDaoTest, testInstance = [null], testMethod = [null], testException = [null], mergedContextConfiguration = [MergedContextConfiguration@31f9b85e testClass = JunitUserDaoTest, locations = '{file:src/main/webapp/WEB-INF/spring/root-context.xml, file:src/main/webapp/WEB-INF/spring/appServlet/servlet-context.xml}', classes = '{}', contextInitializerClasses = '[]', activeProfiles = '{}', propertySourceLocations = '{}', propertySourceProperties = '{}', contextCustomizers = set[[empty]], contextLoader = 'org.springframework.test.context.support.DelegatingSmartContextLoader', parent = [null]], attributes = map['org.springframework.test.context.event.ApplicationEventsTestExecutionListener.recordApplicationEvents' -> false]], class annotated with @DirtiesContext [false] with mode [null].
[DEBUG], 2022-06-23 09:17:27 GenericApplicationContext:1049 - Closing org.springframework.context.support.GenericApplicationContext@5552768b, started on Thu Jun 23 09:17:24 KST 2022
[INFO], 2022-06-23 09:17:27 log4j2:365 -  org.apache.commons.dbcp.DelegatingConnection.close(DelegatingConnection.java:247)
2. Connection closed. {executed in 8ms} 
open connections:  none
[INFO], 2022-06-23 09:17:27 log4j2:197 -  org.apache.commons.dbcp.DelegatingConnection.close(DelegatingConnection.java:247)
2. Connection.close() returned 
